BLOCK00/SES002/SA002S12	SES002	0.885458	16.3716	15.4862
BLOCK00/SES002/SA002S13	SES002	2.10219	17.2048	15.1026
BLOCK00/SES002/SA002S23	SES002	0.913738	16.5211	15.6073
BLOCK00/SES002/SA002S26	SES002	1.53378	18.0358	16.502
BLOCK00/SES002/SA002S28	SES002	0.659416	15.329	14.6696
BLOCK00/SES007/SA007S14	SES007	1.92367	18.5835	16.6599
BLOCK00/SES007/SA007S15	SES007	0.4966	16.0491	15.5525
BLOCK00/SES007/SA007S24	SES007	0.869738	15.9734	15.1037
BLOCK00/SES007/SA007S27	SES007	0.91328	15.484	14.5707
BLOCK00/SES007/SA007S29	SES007	0.555874	16.4391	15.8832
BLOCK00/SES008/SA008S11	SES008	1.31685	16.7048	15.3879
BLOCK00/SES008/SA008S12	SES008	-0.244338	14.8173	15.0616
BLOCK00/SES008/SA008S19	SES008	2.11038	18.4618	16.3514
BLOCK00/SES008/SA008S22	SES008	0.24333	15.0712	14.8279
BLOCK00/SES008/SA008S29	SES008	1.39199	17.4274	16.0354
BLOCK01/SES014/SA014S10	SES014	2.32992	17.6545	15.3246
BLOCK01/SES014/SA014S12	SES014	3.36516	20.6023	17.2372
BLOCK01/SES014/SA014S24	SES014	1.35882	17.8702	16.5114
BLOCK01/SES014/SA014S26	SES014	2.42847	20.8186	18.3901
BLOCK01/SES014/SA014S28	SES014	4.25434	21.804	17.5497
BLOCK01/SES016/SA016S12	SES016	1.50244	15.0482	13.5457
BLOCK01/SES016/SA016S13	SES016	1.57131	16.9117	15.3403
BLOCK01/SES016/SA016S22	SES016	1.39913	16.6303	15.2311
BLOCK01/SES016/SA016S25	SES016	1.86277	18.7632	16.9004
BLOCK01/SES016/SA016S27	SES016	1.70372	18.9357	17.232
BLOCK01/SES019/SA019S13	SES019	2.74854	15.7886	13.0401
BLOCK01/SES019/SA019S14	SES019	2.44404	16.338	13.894
BLOCK01/SES019/SA019S22	SES019	2.33038	15.8143	13.4839
BLOCK01/SES019/SA019S25	SES019	2.55881	16.4494	13.8906
BLOCK01/SES019/SA019S29	SES019	3.29746	16.9196	13.6221
BLOCK02/SES029/SA029S11	SES029	1.22652	16.8995	15.673
BLOCK02/SES029/SA029S12	SES029	0.519697	17.0002	16.4805
BLOCK02/SES029/SA029S20	SES029	0.947788	16.3735	15.4257
BLOCK02/SES029/SA029S25	SES029	1.00575	17.5687	16.563
BLOCK02/SES029/SA029S28	SES029	0.278994	16.3462	16.0672
BLOCK04/SES042/SA042S12	SES042	1.69673	17.4575	15.7607
BLOCK04/SES042/SA042S15	SES042	2.66109	18.3581	15.697
BLOCK04/SES042/SA042S22	SES042	3.06736	20.6231	17.5557
BLOCK04/SES042/SA042S25	SES042	1.57062	16.4582	14.8875
BLOCK04/SES042/SA042S27	SES042	1.36601	17.9522	16.5862
BLOCK04/SES048/SA048S11	SES048	1.30503	17.174	15.869
BLOCK04/SES048/SA048S12	SES048	0.79108	17.1992	16.4081
BLOCK04/SES048/SA048S20	SES048	0.492161	17.1113	16.6192
BLOCK04/SES048/SA048S23	SES048	1.65164	16.442	14.7903
BLOCK04/SES048/SA048S27	SES048	1.0639	18.5502	17.4863
BLOCK06/SES060/SA060S11	SES060	1.40665	17.7247	16.318
BLOCK06/SES060/SA060S12	SES060	-0.228168	15.1765	15.4047
BLOCK06/SES060/SA060S22	SES060	-0.487391	13.7757	14.2631
BLOCK06/SES060/SA060S24	SES060	0.77866	17.1203	16.3416
BLOCK06/SES060/SA060S28	SES060	1.04591	19.5415	18.4956
BLOCK06/SES062/SA062S10	SES062	0.415232	16.7466	16.3314
BLOCK06/SES062/SA062S11	SES062	1.72218	17.4963	15.7741
BLOCK06/SES062/SA062S21	SES062	2.11877	20.2571	18.1383
BLOCK06/SES062/SA062S26	SES062	0.972073	18.2064	17.2343
BLOCK06/SES062/SA062S29	SES062	1.89611	19.7978	17.9017
BLOCK06/SES068/SA068S14	SES068	0.292131	16.8663	16.5742
BLOCK06/SES068/SA068S15	SES068	1.0543	18.5576	17.5033
BLOCK06/SES068/SA068S23	SES068	0.409237	15.9652	15.5559
BLOCK06/SES068/SA068S27	SES068	1.83908	19.2468	17.4077
BLOCK06/SES068/SA068S29	SES068	0.485085	16.8479	16.3628
BLOCK08/SES082/SA082S12	SES082	-0.17096	14.6142	14.7852
BLOCK08/SES082/SA082S14	SES082	0.272298	14.7958	14.5235
BLOCK08/SES082/SA082S21	SES082	0.105313	15.1506	15.0453
BLOCK08/SES082/SA082S24	SES082	0.516294	16.9637	16.4474
BLOCK08/SES082/SA082S28	SES082	0.295889	15.5051	15.2093
BLOCK08/SES083/SA083S14	SES083	-0.571226	15.527	16.0982
BLOCK08/SES083/SA083S15	SES083	0.511608	17.2044	16.6928
BLOCK08/SES083/SA083S24	SES083	0.119078	16.2078	16.0888
BLOCK08/SES083/SA083S26	SES083	0.382676	16.0274	15.6448
BLOCK08/SES083/SA083S29	SES083	-0.222534	16.8671	17.0897
BLOCK08/SES085/SA085S10	SES085	0.0120449	16.565	16.5529
BLOCK08/SES085/SA085S13	SES085	-0.495338	15.438	15.9333
BLOCK08/SES085/SA085S22	SES085	-0.229235	17.4736	17.7028
BLOCK08/SES085/SA085S26	SES085	0.0228195	16.791	16.7682
BLOCK08/SES085/SA085S28	SES085	1.03974	17.1729	16.1331
BLOCK08/SES087/SA087S15	SES087	1.37878	16.5382	15.1594
BLOCK08/SES087/SA087S16	SES087	1.02009	16.1532	15.1331
BLOCK08/SES087/SA087S24	SES087	1.51122	16.897	15.3858
BLOCK08/SES087/SA087S26	SES087	1.19981	17.5028	16.303
BLOCK08/SES087/SA087S29	SES087	1.67811	16.5499	14.8718
BLOCK09/SES099/SA099S15	SES099	1.6147	16.3641	14.7494
BLOCK09/SES099/SA099S16	SES099	1.29025	16.3039	15.0137
BLOCK09/SES099/SA099S24	SES099	1.69997	16.7739	15.0739
BLOCK09/SES099/SA099S26	SES099	1.94323	17.0637	15.1205
BLOCK09/SES099/SA099S29	SES099	1.99456	17.6386	15.644
BLOCK10/SES101/SA101S11	SES101	0.0169773	16.0337	16.0167
BLOCK10/SES101/SA101S13	SES101	1.5953	18.5133	16.918
BLOCK10/SES101/SA101S22	SES101	0.992056	16.4775	15.4854
BLOCK10/SES101/SA101S24	SES101	1.20155	16.5894	15.3879
BLOCK10/SES101/SA101S28	SES101	0.517729	15.89	15.3723
BLOCK10/SES104/SA104S11	SES104	1.66039	19.0216	17.3612
BLOCK10/SES104/SA104S12	SES104	1.98368	17.6037	15.6201
BLOCK10/SES104/SA104S21	SES104	1.03324	16.4423	15.4091
BLOCK10/SES104/SA104S24	SES104	0.605708	16.2444	15.6387
BLOCK10/SES104/SA104S28	SES104	1.16208	17.554	16.3919
BLOCK10/SES105/SA105S12	SES105	1.12694	15.0958	13.9689
BLOCK10/SES105/SA105S13	SES105	1.28495	15.5581	14.2732
BLOCK10/SES105/SA105S22	SES105	0.149685	13.7414	13.5917
BLOCK10/SES105/SA105S26	SES105	1.49211	15.5445	14.0524
BLOCK10/SES105/SA105S29	SES105	1.42901	16.5231	15.0941
BLOCK10/SES106/SA106S09	SES106	0.899203	14.8093	13.9101
BLOCK10/SES106/SA106S11	SES106	1.84436	17.3506	15.5063
BLOCK10/SES106/SA106S22	SES106	2.97326	17.5553	14.5821
BLOCK10/SES106/SA106S27	SES106	1.7847	16.2251	14.4404
BLOCK10/SES106/SA106S29	SES106	0.621521	15.0745	14.453
BLOCK11/SES117/SA117S12	SES117	0.845772	15.9389	15.0931
BLOCK11/SES117/SA117S13	SES117	0.129462	16.0385	15.909
BLOCK11/SES117/SA117S23	SES117	1.56107	14.805	13.2439
BLOCK11/SES117/SA117S25	SES117	0.863091	15.0715	14.2084
BLOCK11/SES117/SA117S28	SES117	0.872246	14.6109	13.7386
BLOCK12/SES120/SA120S08	SES120	0.705187	13.4747	12.7695
BLOCK12/SES120/SA120S11	SES120	0.162706	12.0351	11.8724
BLOCK12/SES120/SA120S22	SES120	-0.032465	15.4249	15.4574
BLOCK12/SES120/SA120S24	SES120	0.959869	14.763	13.8031
BLOCK12/SES120/SA120S28	SES120	-0.113205	12.035	12.1482
BLOCK12/SES125/SA125S13	SES125	1.90409	16.959	15.0549
BLOCK12/SES125/SA125S14	SES125	0.814112	15.6118	14.7977
BLOCK12/SES125/SA125S25	SES125	1.75129	17.4876	15.7363
BLOCK12/SES125/SA125S27	SES125	1.49014	18.1178	16.6277
BLOCK12/SES125/SA125S29	SES125	1.8354	17.0038	15.1684
BLOCK12/SES127/SA127S11	SES127	1.14656	16.1728	15.0263
BLOCK12/SES127/SA127S12	SES127	-0.0210896	16.2844	16.3055
BLOCK12/SES127/SA127S23	SES127	0.601513	16.4678	15.8663
BLOCK12/SES127/SA127S25	SES127	0.0881929	15.1398	15.0516
BLOCK12/SES127/SA127S27	SES127	1.04281	16.9732	15.9304
BLOCK12/SES129/SA129S11	SES129	1.53863	18.0371	16.4985
BLOCK12/SES129/SA129S12	SES129	1.63189	17.952	16.3201
BLOCK12/SES129/SA129S22	SES129	0.827082	16.1431	15.316
BLOCK12/SES129/SA129S27	SES129	1.75891	17.5717	15.8128
BLOCK12/SES129/SA129S29	SES129	1.23591	17.5551	16.3192
BLOCK14/SES142/SA142S11	SES142	2.06286	16.1688	14.106
BLOCK14/SES142/SA142S12	SES142	1.02864	15.1973	14.1687
BLOCK14/SES142/SA142S24	SES142	1.68949	16.2982	14.6088
BLOCK14/SES142/SA142S27	SES142	2.1882	17.1166	14.9284
BLOCK14/SES142/SA142S29	SES142	2.61431	16.2109	13.5966
BLOCK14/SES143/SA143S12	SES143	1.2023	15.6405	14.4382
BLOCK14/SES143/SA143S13	SES143	0.680286	15.0822	14.4019
BLOCK14/SES143/SA143S23	SES143	1.31273	15.4458	14.1331
BLOCK14/SES143/SA143S25	SES143	1.39063	16.2396	14.849
BLOCK14/SES143/SA143S28	SES143	0.947351	15.4224	14.4751
BLOCK14/SES144/SA144S09	SES144	0.761163	16.3987	15.6376
BLOCK14/SES144/SA144S11	SES144	0.997303	15.7905	14.7931
BLOCK14/SES144/SA144S21	SES144	-0.108543	14.8476	14.9561
BLOCK14/SES144/SA144S25	SES144	-0.201017	14.0815	14.2825
BLOCK14/SES144/SA144S29	SES144	0.0647278	15.8723	15.8075
BLOCK14/SES146/SA146S14	SES146	0.208462	14.5366	14.3281
BLOCK14/SES146/SA146S15	SES146	0.381878	14.6539	14.2721
BLOCK14/SES146/SA146S24	SES146	0.867595	15.3232	14.4556
BLOCK14/SES146/SA146S26	SES146	0.808778	15.3737	14.5649
BLOCK14/SES146/SA146S29	SES146	0.599609	14.4042	13.8046
BLOCK14/SES147/SA147S11	SES147	1.74641	16.0598	14.3134
BLOCK14/SES147/SA147S13	SES147	2.20478	16.7366	14.5318
BLOCK14/SES147/SA147S23	SES147	0.230017	15.3085	15.0785
BLOCK14/SES147/SA147S26	SES147	1.02164	15.6204	14.5987
BLOCK14/SES147/SA147S28	SES147	1.53364	15.6909	14.1572
BLOCK14/SES148/SA148S10	SES148	1.24534	15.4776	14.2322
BLOCK14/SES148/SA148S12	SES148	1.04305	14.4254	13.3824
BLOCK14/SES148/SA148S22	SES148	1.59252	16.9795	15.3869
BLOCK14/SES148/SA148S26	SES148	-0.217784	15.8228	16.0406
BLOCK14/SES148/SA148S29	SES148	0.545513	15.2659	14.7204
BLOCK14/SES149/SA149S13	SES149	-0.290133	15.5108	15.8009
BLOCK14/SES149/SA149S14	SES149	0.386723	16.7514	16.3647
BLOCK14/SES149/SA149S24	SES149	1.01687	17.2871	16.2703
BLOCK14/SES149/SA149S26	SES149	1.84844	18.5318	16.6833
BLOCK14/SES149/SA149S28	SES149	2.26264	19.9872	17.7245
BLOCK15/SES158/SA158S13	SES158	1.39326	14.9309	13.5377
BLOCK15/SES158/SA158S14	SES158	2.7664	16.0435	13.2771
BLOCK15/SES158/SA158S23	SES158	1.12453	15.356	14.2314
BLOCK15/SES158/SA158S26	SES158	2.73098	15.662	12.9311
BLOCK15/SES158/SA158S28	SES158	0.925627	14.9001	13.9745
BLOCK16/SES162/SA162S10	SES162	0.62408	13.9603	13.3362
BLOCK16/SES162/SA162S11	SES162	0.645402	16.3706	15.7252
BLOCK16/SES162/SA162S21	SES162	1.68311	16.8163	15.1331
BLOCK16/SES162/SA162S24	SES162	0.996722	15.9458	14.949
BLOCK16/SES162/SA162S27	SES162	0.990769	15.3476	14.3568
BLOCK16/SES167/SA167S14	SES167	0.712603	17.702	16.9894
BLOCK16/SES167/SA167S15	SES167	0.581594	16.1642	15.5826
BLOCK16/SES167/SA167S21	SES167	1.73752	17.2544	15.5169
BLOCK16/SES167/SA167S25	SES167	1.94931	16.2696	14.3203
BLOCK16/SES167/SA167S29	SES167	2.30994	18.5954	16.2854
BLOCK17/SES172/SA172S12	SES172	1.3342	17.3893	16.0551
BLOCK17/SES172/SA172S13	SES172	1.4161	16.4593	15.0432
BLOCK17/SES172/SA172S23	SES172	1.05241	17.6823	16.6298
BLOCK17/SES172/SA172S27	SES172	0.891908	16.7631	15.8712
BLOCK17/SES172/SA172S29	SES172	1.83708	17.5238	15.6867
BLOCK17/SES175/SA175S11	SES175	0.452569	16.1325	15.6799
BLOCK17/SES175/SA175S13	SES175	0.790969	16.3087	15.5177
BLOCK17/SES175/SA175S23	SES175	0.934472	16.2821	15.3476
BLOCK17/SES175/SA175S25	SES175	0.248071	14.1948	13.9468
BLOCK17/SES175/SA175S28	SES175	0.732244	16.9143	16.1821
BLOCK17/SES177/SA177S15	SES177	-0.0414534	15.8379	15.8794
BLOCK17/SES177/SA177S17	SES177	0.0532274	15.9971	15.9438
BLOCK17/SES177/SA177S23	SES177	-0.692359	14.8343	15.5266
BLOCK17/SES177/SA177S26	SES177	0.375519	17.9651	17.5896
BLOCK17/SES177/SA177S28	SES177	1.18793	17.1887	16.0007
BLOCK18/SES180/SA180S13	SES180	-0.24332	15.2418	15.4852
BLOCK18/SES180/SA180S15	SES180	0.700949	15.9391	15.2381
BLOCK18/SES180/SA180S24	SES180	0.36167	17.1607	16.799
BLOCK18/SES180/SA180S26	SES180	0.780005	16.7388	15.9588
BLOCK18/SES180/SA180S29	SES180	1.16892	16.3461	15.1772
BLOCK18/SES183/SA183S13	SES183	1.2234	14.9879	13.7645
BLOCK18/SES183/SA183S14	SES183	-0.409932	13.9271	14.3371
BLOCK18/SES183/SA183S24	SES183	1.58367	14.4652	12.8815
BLOCK18/SES183/SA183S27	SES183	1.19684	14.9811	13.7842
BLOCK18/SES183/SA183S29	SES183	0.500352	15.6988	15.1984
BLOCK18/SES187/SA187S13	SES187	0.501556	16.0111	15.5095
BLOCK18/SES187/SA187S14	SES187	0.441916	15.1312	14.6893
BLOCK18/SES187/SA187S24	SES187	1.79216	15.0468	13.2547
BLOCK18/SES187/SA187S27	SES187	1.51617	15.8873	14.3711
BLOCK18/SES187/SA187S29	SES187	0.898665	16.3303	15.4316
BLOCK18/SES189/SA189S10	SES189	1.88815	15.3318	13.4437
BLOCK18/SES189/SA189S13	SES189	2.19093	15.0176	12.8267
BLOCK18/SES189/SA189S24	SES189	2.58008	15.3136	12.7336
BLOCK18/SES189/SA189S26	SES189	1.16518	15.5466	14.3815
BLOCK18/SES189/SA189S29	SES189	2.3674	15.897	13.5296
BLOCK20/SES202/SA202S12	SES202	1.23671	13.1268	11.8901
BLOCK20/SES202/SA202S14	SES202	2.22729	15.8137	13.5864
BLOCK20/SES202/SA202S24	SES202	1.18223	15.5345	14.3522
BLOCK20/SES202/SA202S27	SES202	1.42871	17.439	16.0103
BLOCK20/SES202/SA202S29	SES202	1.81964	16.821	15.0013
BLOCK20/SES206/SA206S15	SES206	-0.583583	15.5979	16.1815
BLOCK20/SES206/SA206S17	SES206	1.51682	18.1597	16.6428
BLOCK20/SES206/SA206S24	SES206	1.6794	18.319	16.6396
BLOCK20/SES206/SA206S27	SES206	1.68259	17.1517	15.4691
BLOCK20/SES206/SA206S29	SES206	1.19004	18.3944	17.2044
BLOCK22/SES226/SA226S12	SES226	0.944406	16.0403	15.0958
BLOCK22/SES226/SA226S13	SES226	-1.27847	13.4808	14.7592
BLOCK22/SES226/SA226S20	SES226	1.0514	15.8191	14.7677
BLOCK22/SES226/SA226S23	SES226	0.95346	16.3039	15.3505
BLOCK22/SES226/SA226S28	SES226	1.76001	17.0582	15.2982
BLOCK25/SES259/SA259S13	SES259	4.05666	18.7757	14.719
BLOCK25/SES259/SA259S14	SES259	2.15744	17.0659	14.9084
BLOCK25/SES259/SA259S22	SES259	1.8518	16.6311	14.7793
BLOCK25/SES259/SA259S24	SES259	2.10892	18.4626	16.3537
BLOCK25/SES259/SA259S28	SES259	2.17479	17.5507	15.3759
BLOCK27/SES270/SA270S14	SES270	2.55377	15.5695	13.0157
BLOCK27/SES270/SA270S16	SES270	0.422828	14.7744	14.3516
BLOCK27/SES270/SA270S22	SES270	2.15408	16.2962	14.1421
BLOCK27/SES270/SA270S26	SES270	0.557392	13.6727	13.1153
BLOCK27/SES270/SA270S28	SES270	1.42598	16.0414	14.6154
BLOCK27/SES275/SA275S17	SES275	1.77211	16.4311	14.659
BLOCK27/SES275/SA275S18	SES275	0.69971	16.1267	15.427
BLOCK27/SES275/SA275S24	SES275	0.797474	14.6264	13.8289
BLOCK27/SES275/SA275S26	SES275	1.10881	16.1689	15.0601
BLOCK27/SES275/SA275S28	SES275	0.373204	15.7581	15.3849
BLOCK29/SES292/SA292S10	SES292	0.147831	15.3369	15.1891
BLOCK29/SES292/SA292S12	SES292	0.171799	15.6232	15.4514
BLOCK29/SES292/SA292S22	SES292	0.329044	16.4126	16.0836
BLOCK29/SES292/SA292S24	SES292	0.326416	15.9566	15.6302
BLOCK29/SES292/SA292S27	SES292	0.0685139	16.385	16.3165
BLOCK00/SES001/SA001S14	SES062	-3.56684	10.0377	13.6046
BLOCK00/SES001/SA001S14	SES082	-3.8495	9.75509	13.6046
BLOCK00/SES001/SA001S14	SES106	-2.71509	10.8895	13.6046
BLOCK00/SES001/SA001S14	SES206	-3.64646	9.95813	13.6046
BLOCK00/SES001/SA001S15	SES062	-3.51874	11.9342	15.453
BLOCK00/SES001/SA001S15	SES104	-4.25119	11.2018	15.453
BLOCK00/SES001/SA001S15	SES106	-2.91041	12.5425	15.453
BLOCK00/SES001/SA001S15	SES206	-3.19191	12.261	15.453
BLOCK00/SES001/SA001S24	SES062	-3.79473	9.77931	13.574
BLOCK00/SES001/SA001S24	SES082	-4.35921	9.21483	13.574
BLOCK00/SES001/SA001S24	SES087	-3.80876	9.76528	13.574
BLOCK00/SES001/SA001S24	SES206	-3.31408	10.26	13.574
BLOCK00/SES001/SA001S27	SES062	-2.67856	12.8785	15.5571
BLOCK00/SES001/SA001S27	SES082	-3.07622	12.4809	15.5571
BLOCK00/SES001/SA001S27	SES087	-2.90427	12.6528	15.5571
BLOCK00/SES001/SA001S27	SES206	-2.89489	12.6622	15.5571
BLOCK00/SES001/SA001S29	SES062	-4.37072	9.64542	14.0161
BLOCK00/SES001/SA001S29	SES082	-2.79844	11.2177	14.0161
BLOCK00/SES001/SA001S29	SES158	-2.71697	11.2992	14.0161
BLOCK00/SES001/SA001S29	SES206	-4.06194	9.95421	14.0161
BLOCK00/SES003/SA003S11	SES002	-1.93074	13.3747	15.3054
BLOCK00/SES003/SA003S11	SES019	-2.48026	12.8251	15.3054
BLOCK00/SES003/SA003S11	SES082	-1.83916	13.4662	15.3054
BLOCK00/SES003/SA003S11	SES125	-3.45802	11.8474	15.3054
BLOCK00/SES003/SA003S15	SES016	-3.65399	12.5537	16.2076
BLOCK00/SES003/SA003S15	SES019	-3.02107	13.1866	16.2076
BLOCK00/SES003/SA003S15	SES062	-2.48731	13.7203	16.2076
BLOCK00/SES003/SA003S15	SES206	-2.70623	13.5014	16.2076
BLOCK00/SES003/SA003S22	SES002	-3.68803	11.8497	15.5378
BLOCK00/SES003/SA003S22	SES062	-2.45192	13.0859	15.5378
BLOCK00/SES003/SA003S22	SES082	-3.22877	12.309	15.5378
BLOCK00/SES003/SA003S22	SES087	-3.01667	12.5211	15.5378
BLOCK00/SES003/SA003S25	SES062	-4.3254	10.7236	15.049
BLOCK00/SES003/SA003S25	SES082	-2.66812	12.3809	15.049
BLOCK00/SES003/SA003S25	SES087	-2.70457	12.3445	15.049
BLOCK00/SES003/SA003S25	SES206	-3.15942	11.8896	15.049
BLOCK00/SES003/SA003S29	SES002	-2.93948	11.6796	14.6191
BLOCK00/SES003/SA003S29	SES062	-3.87761	10.7415	14.6191
BLOCK00/SES003/SA003S29	SES082	-2.48368	12.1354	14.6191
BLOCK00/SES003/SA003S29	SES087	-3.33319	11.2859	14.6191
BLOCK00/SES004/SA004S12	SES083	-3.23747	11.2163	14.4538
BLOCK00/SES004/SA004S12	SES148	-3.28128	11.1725	14.4538
BLOCK00/SES004/SA004S12	SES172	-1.66793	12.7859	14.4538
BLOCK00/SES004/SA004S12	SES292	-2.56452	11.8893	14.4538
BLOCK00/SES004/SA004S17	SES083	-3.28999	11.1168	14.4068
BLOCK00/SES004/SA004S17	SES162	-2.01476	12.3921	14.4068
BLOCK00/SES004/SA004S17	SES172	-1.78336	12.6235	14.4068
BLOCK00/SES004/SA004S17	SES292	-2.73304	11.6738	14.4068
BLOCK00/SES004/SA004S24	SES083	-3.34243	11.424	14.7664
BLOCK00/SES004/SA004S24	SES148	-3.63122	11.1352	14.7664
BLOCK00/SES004/SA004S24	SES172	-1.42686	13.3395	14.7664
BLOCK00/SES004/SA004S24	SES292	-2.274	12.4924	14.7664
BLOCK00/SES004/SA004S26	SES083	-3.32437	11.3893	14.7137
BLOCK00/SES004/SA004S26	SES127	-3.01044	11.7033	14.7137
BLOCK00/SES004/SA004S26	SES148	-4.96592	9.7478	14.7137
BLOCK00/SES004/SA004S26	SES292	-3.35394	11.3598	14.7137
BLOCK00/SES004/SA004S28	SES083	-2.59121	13.7094	16.3006
BLOCK00/SES004/SA004S28	SES127	-2.37484	13.9257	16.3006
BLOCK00/SES004/SA004S28	SES187	-1.75527	14.5453	16.3006
BLOCK00/SES004/SA004S28	SES292	-2.84501	13.4556	16.3006
BLOCK00/SES006/SA006S10	SES014	-4.93215	6.89327	11.8254
BLOCK00/SES006/SA006S10	SES158	-3.36096	8.46447	11.8254
BLOCK00/SES006/SA006S10	SES226	-5.19269	6.63274	11.8254
BLOCK00/SES006/SA006S10	SES270	-2.64097	9.18445	11.8254
BLOCK00/SES006/SA006S11	SES158	-3.33223	8.77458	12.1068
BLOCK00/SES006/SA006S11	SES226	-3.68969	8.41712	12.1068
BLOCK00/SES006/SA006S11	SES270	-2.84018	9.26663	12.1068
BLOCK00/SES006/SA006S11	SES275	-4.0797	8.02711	12.1068
BLOCK00/SES006/SA006S23	SES062	-4.5921	9.47531	14.0674
BLOCK00/SES006/SA006S23	SES105	-5.21256	8.85485	14.0674
BLOCK00/SES006/SA006S23	SES158	-3.14281	10.9246	14.0674
BLOCK00/SES006/SA006S23	SES275	-3.63179	10.4356	14.0674
BLOCK00/SES006/SA006S26	SES104	-5.01976	8.45768	13.4774
BLOCK00/SES006/SA006S26	SES158	-2.66482	10.8126	13.4774
BLOCK00/SES006/SA006S26	SES270	-1.66032	11.8171	13.4774
BLOCK00/SES006/SA006S26	SES275	-4.00531	9.47214	13.4774
BLOCK00/SES006/SA006S28	SES007	-3.82399	8.29283	12.1168
BLOCK00/SES006/SA006S28	SES105	-4.5719	7.54491	12.1168
BLOCK00/SES006/SA006S28	SES158	-2.80659	9.31023	12.1168
BLOCK00/SES006/SA006S28	SES275	-4.20588	7.91093	12.1168
BLOCK00/SES009/SA009S12	SES083	-4.47398	11.6472	16.1212
BLOCK00/SES009/SA009S12	SES148	-3.77909	12.3421	16.1212
BLOCK00/SES009/SA009S12	SES177	-2.20621	13.915	16.1212
BLOCK00/SES009/SA009S12	SES292	-2.92343	13.1978	16.1212
BLOCK00/SES009/SA009S15	SES007	-1.17894	15.4504	16.6293
BLOCK00/SES009/SA009S15	SES099	-5.07161	11.5577	16.6293
BLOCK00/SES009/SA009S15	SES148	-3.54602	13.0833	16.6293
BLOCK00/SES009/SA009S15	SES172	-2.16337	14.466	16.6293
BLOCK00/SES009/SA009S24	SES146	-2.02046	14.5527	16.5732
BLOCK00/SES009/SA009S24	SES148	-3.61714	12.9561	16.5732
BLOCK00/SES009/SA009S24	SES177	-1.49201	15.0812	16.5732
BLOCK00/SES009/SA009S24	SES292	-2.67338	13.8998	16.5732
BLOCK00/SES009/SA009S26	SES083	-3.67012	11.9259	15.596
BLOCK00/SES009/SA009S26	SES101	-3.74108	11.8549	15.596
BLOCK00/SES009/SA009S26	SES120	-2.57342	13.0226	15.596
BLOCK00/SES009/SA009S26	SES177	-1.97607	13.6199	15.596
BLOCK00/SES009/SA009S29	SES083	-3.37362	13.1625	16.5361
BLOCK00/SES009/SA009S29	SES101	-3.255	13.2811	16.5361
BLOCK00/SES009/SA009S29	SES177	-2.00609	14.53	16.5361
BLOCK00/SES009/SA009S29	SES292	-2.33422	14.2019	16.5361
BLOCK01/SES011/SA011S10	SES019	-3.32412	12.3524	15.6765
BLOCK01/SES011/SA011S10	SES042	-0.927767	14.7487	15.6765
BLOCK01/SES011/SA011S10	SES082	-3.84851	11.828	15.6765
BLOCK01/SES011/SA011S10	SES206	-2.69475	12.9817	15.6765
BLOCK01/SES011/SA011S11	SES019	-3.55052	10.709	14.2595
BLOCK01/SES011/SA011S11	SES042	-1.64924	12.6103	14.2595
BLOCK01/SES011/SA011S11	SES082	-3.37309	10.8864	14.2595
BLOCK01/SES011/SA011S11	SES206	-3.06002	11.1995	14.2595
BLOCK01/SES011/SA011S22	SES019	-2.76814	11.5947	14.3629
BLOCK01/SES011/SA011S22	SES042	-0.876719	13.4861	14.3629
BLOCK01/SES011/SA011S22	SES082	-3.31065	11.0522	14.3629
BLOCK01/SES011/SA011S22	SES206	-3.25455	11.1083	14.3629
BLOCK01/SES011/SA011S24	SES019	-3.32382	11.9919	15.3157
BLOCK01/SES011/SA011S24	SES042	-1.29946	14.0162	15.3157
BLOCK01/SES011/SA011S24	SES104	-3.42206	11.8936	15.3157
BLOCK01/SES011/SA011S24	SES206	-2.65214	12.6636	15.3157
BLOCK01/SES011/SA011S27	SES082	-1.56598	13.1008	14.6668
BLOCK01/SES011/SA011S27	SES087	-3.55719	11.1096	14.6668
BLOCK01/SES011/SA011S27	SES125	-2.82294	11.8438	14.6668
BLOCK01/SES011/SA011S27	SES206	-2.56696	12.0998	14.6668
BLOCK01/SES012/SA012S11	SES007	-1.6257	15.6338	17.2595
BLOCK01/SES012/SA012S11	SES082	-3.30113	13.9584	17.2595
BLOCK01/SES012/SA012S11	SES083	-2.65375	14.6058	17.2595
BLOCK01/SES012/SA012S11	SES206	-3.1499	14.1096	17.2595
BLOCK01/SES012/SA012S14	SES082	-1.81782	14.6275	16.4453
BLOCK01/SES012/SA012S14	SES087	-3.18453	13.2608	16.4453
BLOCK01/SES012/SA012S14	SES206	-2.11211	14.3332	16.4453
BLOCK01/SES012/SA012S14	SES292	-2.46576	13.9796	16.4453
BLOCK01/SES012/SA012S24	SES082	-1.90547	13.7024	15.6079
BLOCK01/SES012/SA012S24	SES087	-3.74727	11.8606	15.6079
BLOCK01/SES012/SA012S24	SES120	-3.2983	12.3096	15.6079
BLOCK01/SES012/SA012S24	SES206	-1.88007	13.7278	15.6079
BLOCK01/SES012/SA012S26	SES019	-5.31562	11.7726	17.0882
BLOCK01/SES012/SA012S26	SES082	-3.38095	13.7072	17.0882
BLOCK01/SES012/SA012S26	SES206	-1.7521	15.3361	17.0882
BLOCK01/SES012/SA012S26	SES292	-2.1501	14.9381	17.0882
BLOCK01/SES012/SA012S29	SES062	-2.47785	14.2374	16.7153
BLOCK01/SES012/SA012S29	SES082	-1.75791	14.9574	16.7153
BLOCK01/SES012/SA012S29	SES083	-3.77128	12.944	16.7153
BLOCK01/SES012/SA012S29	SES206	-1.52556	15.1897	16.7153
BLOCK01/SES013/SA013S16	SES062	-4.24966	10.6025	14.8522
BLOCK01/SES013/SA013S16	SES106	-2.7694	12.0828	14.8522
BLOCK01/SES013/SA013S16	SES206	-2.95297	11.8992	14.8522
BLOCK01/SES013/SA013S16	SES226	-2.30339	12.5488	14.8522
BLOCK01/SES013/SA013S17	SES062	-3.7148	12.9578	16.6726
BLOCK01/SES013/SA013S17	SES106	-3.70345	12.9691	16.6726
BLOCK01/SES013/SA013S17	SES206	-1.82995	14.8426	16.6726
BLOCK01/SES013/SA013S17	SES226	-1.89896	14.7736	16.6726
BLOCK01/SES013/SA013S23	SES104	-3.47313	12.1792	15.6523
BLOCK01/SES013/SA013S23	SES106	-2.89118	12.7611	15.6523
BLOCK01/SES013/SA013S23	SES206	-2.40198	13.2503	15.6523
BLOCK01/SES013/SA013S23	SES270	-2.39662	13.2557	15.6523
BLOCK01/SES013/SA013S25	SES042	-3.15903	13.6122	16.7712
BLOCK01/SES013/SA013S25	SES104	-2.63399	14.1372	16.7712
BLOCK01/SES013/SA013S25	SES106	-2.4597	14.3115	16.7712
BLOCK01/SES013/SA013S25	SES206	-2.4889	14.2823	16.7712
BLOCK01/SES013/SA013S29	SES062	-4.9629	11.072	16.0349
BLOCK01/SES013/SA013S29	SES104	-4.10365	11.9313	16.0349
BLOCK01/SES013/SA013S29	SES106	-2.69515	13.3398	16.0349
BLOCK01/SES013/SA013S29	SES206	-3.26823	12.7667	16.0349
BLOCK02/SES021/SA021S13	SES016	-4.77993	12.3744	17.1543
BLOCK02/SES021/SA021S13	SES029	-3.20991	13.9444	17.1543
BLOCK02/SES021/SA021S13	SES087	-3.50377	13.6505	17.1543
BLOCK02/SES021/SA021S13	SES206	-2.52118	14.6331	17.1543
BLOCK02/SES021/SA021S15	SES087	-2.31998	15.7119	18.0319
BLOCK02/SES021/SA021S15	SES125	-2.14608	15.8858	18.0319
BLOCK02/SES021/SA021S15	SES206	-2.21694	15.8149	18.0319
BLOCK02/SES021/SA021S15	SES226	-2.52795	15.5039	18.0319
BLOCK02/SES021/SA021S23	SES062	-4.31665	10.9664	15.2831
BLOCK02/SES021/SA021S23	SES087	-2.43715	12.8459	15.2831
BLOCK02/SES021/SA021S23	SES206	-3.33885	11.9442	15.2831
BLOCK02/SES021/SA021S23	SES226	-3.02387	12.2592	15.2831
BLOCK02/SES021/SA021S27	SES002	-1.94483	15.0898	17.0346
BLOCK02/SES021/SA021S27	SES016	-5.92996	11.1047	17.0346
BLOCK02/SES021/SA021S27	SES019	-2.84511	14.1895	17.0346
BLOCK02/SES021/SA021S27	SES062	-2.76977	14.2648	17.0346
BLOCK02/SES021/SA021S29	SES087	-3.01786	14.2301	17.2479
BLOCK02/SES021/SA021S29	SES125	-1.6791	15.5688	17.2479
BLOCK02/SES021/SA021S29	SES206	-2.02539	15.2225	17.2479
BLOCK02/SES021/SA021S29	SES226	-2.95675	14.2912	17.2479
BLOCK04/SES043/SA043S09	SES083	-2.6466	11.486	14.1326
BLOCK04/SES043/SA043S09	SES101	-2.22544	11.9072	14.1326
BLOCK04/SES043/SA043S09	SES144	-1.65306	12.4795	14.1326
BLOCK04/SES043/SA043S09	SES172	-2.73498	11.3976	14.1326
BLOCK04/SES043/SA043S11	SES083	-2.35114	13.5913	15.9424
BLOCK04/SES043/SA043S11	SES101	-2.22811	13.7143	15.9424
BLOCK04/SES043/SA043S11	SES144	-1.04719	14.8952	15.9424
BLOCK04/SES043/SA043S11	SES172	-2.42968	13.5127	15.9424
BLOCK04/SES043/SA043S23	SES083	-2.78782	12.4175	15.2053
BLOCK04/SES043/SA043S23	SES144	-1.10936	14.0959	15.2053
BLOCK04/SES043/SA043S23	SES177	-2.16575	13.0395	15.2053
BLOCK04/SES043/SA043S23	SES275	-2.02952	13.1758	15.2053
BLOCK04/SES043/SA043S26	SES083	-2.88029	11.6939	14.5742
BLOCK04/SES043/SA043S26	SES101	-2.80663	11.7676	14.5742
BLOCK04/SES043/SA043S26	SES144	-1.30341	13.2708	14.5742
BLOCK04/SES043/SA043S26	SES177	-3.03401	11.5402	14.5742
BLOCK04/SES043/SA043S28	SES016	-3.38825	12.6167	16.0049
BLOCK04/SES043/SA043S28	SES083	-1.85887	14.1461	16.0049
BLOCK04/SES043/SA043S28	SES101	-1.65271	14.3522	16.0049
BLOCK04/SES043/SA043S28	SES144	-1.61442	14.3905	16.0049
BLOCK04/SES044/SA044S10	SES127	-4.4918	7.46539	11.9572
BLOCK04/SES044/SA044S10	SES144	-1.4598	10.4974	11.9572
BLOCK04/SES044/SA044S10	SES147	-4.29	7.66719	11.9572
BLOCK04/SES044/SA044S10	SES148	-4.39213	7.56506	11.9572
BLOCK04/SES044/SA044S11	SES101	-1.83236	11.5154	13.3477
BLOCK04/SES044/SA044S11	SES144	-0.889466	12.4582	13.3477
BLOCK04/SES044/SA044S11	SES147	-3.60538	9.74234	13.3477
BLOCK04/SES044/SA044S11	SES177	-3.02674	10.321	13.3477
BLOCK04/SES044/SA044S24	SES007	-3.57968	10.8684	14.4481
BLOCK04/SES044/SA044S24	SES101	-2.31495	12.1332	14.4481
BLOCK04/SES044/SA044S24	SES147	-3.5207	10.9274	14.4481
BLOCK04/SES044/SA044S24	SES177	-2.66745	11.7807	14.4481
BLOCK04/SES044/SA044S26	SES007	-2.89562	11.8137	14.7093
BLOCK04/SES044/SA044S26	SES016	-2.49051	12.2188	14.7093
BLOCK04/SES044/SA044S26	SES101	-2.2253	12.484	14.7093
BLOCK04/SES044/SA044S26	SES147	-2.20981	12.4995	14.7093
BLOCK04/SES044/SA044S29	SES007	-3.61107	10.822	14.4331
BLOCK04/SES044/SA044S29	SES101	-1.19849	13.2346	14.4331
BLOCK04/SES044/SA044S29	SES147	-3.38521	11.0479	14.4331
BLOCK04/SES044/SA044S29	SES177	-3.59173	10.8413	14.4331
BLOCK04/SES046/SA046S13	SES101	-2.50195	11.8846	14.3865
BLOCK04/SES046/SA046S13	SES144	-2.29369	12.0928	14.3865
BLOCK04/SES046/SA046S13	SES147	-3.27069	11.1158	14.3865
BLOCK04/SES046/SA046S13	SES177	-2.80083	11.5857	14.3865
BLOCK04/SES046/SA046S15	SES048	-1.6137	14.3447	15.9584
BLOCK04/SES046/SA046S15	SES083	-1.91477	14.0436	15.9584
BLOCK04/SES046/SA046S15	SES120	-3.64194	12.3164	15.9584
BLOCK04/SES046/SA046S15	SES148	-2.73515	13.2232	15.9584
BLOCK04/SES046/SA046S22	SES101	-2.03292	12.5348	14.5678
BLOCK04/SES046/SA046S22	SES144	-1.93663	12.6311	14.5678
BLOCK04/SES046/SA046S22	SES147	-3.74874	10.819	14.5678
BLOCK04/SES046/SA046S22	SES172	-2.49539	12.0724	14.5678
BLOCK04/SES046/SA046S25	SES083	-2.70924	11.3361	14.0453
BLOCK04/SES046/SA046S25	SES127	-2.80671	11.2386	14.0453
BLOCK04/SES046/SA046S25	SES144	-3.01053	11.0348	14.0453
BLOCK04/SES046/SA046S25	SES148	-2.82576	11.2196	14.0453
BLOCK04/SES046/SA046S28	SES007	-3.57852	10.7367	14.3152
BLOCK04/SES046/SA046S28	SES105	-3.72273	10.5925	14.3152
BLOCK04/SES046/SA046S28	SES147	-2.61994	11.6952	14.3152
BLOCK04/SES046/SA046S28	SES148	-2.25448	12.0607	14.3152
BLOCK04/SES049/SA049S16	SES104	-3.79234	10.7166	14.5089
BLOCK04/SES049/SA049S16	SES106	-2.97218	11.5367	14.5089
BLOCK04/SES049/SA049S16	SES120	-3.94079	10.5681	14.5089
BLOCK04/SES049/SA049S16	SES206	-2.71308	11.7958	14.5089
BLOCK04/SES049/SA049S18	SES099	-2.22702	11.5079	13.735
BLOCK04/SES049/SA049S18	SES104	-3.57975	10.1552	13.735
BLOCK04/SES049/SA049S18	SES125	-4.48694	9.24802	13.735
BLOCK04/SES049/SA049S18	SES206	-3.38489	10.3501	13.735
BLOCK04/SES049/SA049S25	SES087	-3.46421	11.6268	15.0911
BLOCK04/SES049/SA049S25	SES104	-1.48356	13.6075	15.0911
BLOCK04/SES049/SA049S25	SES125	-2.9294	12.1617	15.0911
BLOCK04/SES049/SA049S25	SES206	-2.16564	12.9254	15.0911
BLOCK04/SES049/SA049S27	SES099	-1.38243	13.1041	14.4865
BLOCK04/SES049/SA049S27	SES104	-1.90047	12.586	14.4865
BLOCK04/SES049/SA049S27	SES125	-3.16957	11.3169	14.4865
BLOCK04/SES049/SA049S27	SES206	-2.66426	11.8222	14.4865
BLOCK04/SES049/SA049S29	SES099	-1.58678	14.5601	16.1469
BLOCK04/SES049/SA049S29	SES104	-1.54098	14.6059	16.1469
BLOCK04/SES049/SA049S29	SES125	-2.42595	13.7209	16.1469
BLOCK04/SES049/SA049S29	SES206	-1.59411	14.5527	16.1469
BLOCK06/SES063/SA063S09	SES068	-2.66372	13.6956	16.3593
BLOCK06/SES063/SA063S09	SES083	-1.93217	14.4272	16.3593
BLOCK06/SES063/SA063S09	SES177	-1.89164	14.4677	16.3593
BLOCK06/SES063/SA063S09	SES187	-2.18489	14.1744	16.3593
BLOCK06/SES063/SA063S10	SES068	-2.99875	12.7027	15.7014
BLOCK06/SES063/SA063S10	SES083	-2.33117	13.3703	15.7014
BLOCK06/SES063/SA063S10	SES172	-2.77386	12.9276	15.7014
BLOCK06/SES063/SA063S10	SES187	-2.24318	13.4582	15.7014
BLOCK06/SES063/SA063S20	SES068	-3.30534	12.092	15.3973
BLOCK06/SES063/SA063S20	SES083	-2.72625	12.671	15.3973
BLOCK06/SES063/SA063S20	SES172	-1.98791	13.4094	15.3973
BLOCK06/SES063/SA063S20	SES187	-1.97294	13.4244	15.3973
BLOCK06/SES063/SA063S24	SES029	-4.94561	11.1047	16.0503
BLOCK06/SES063/SA063S24	SES083	-1.82047	14.2298	16.0503
BLOCK06/SES063/SA063S24	SES177	-2.46678	13.5835	16.0503
BLOCK06/SES063/SA063S24	SES189	-1.98626	14.0641	16.0503
BLOCK06/SES063/SA063S27	SES083	-2.24711	13.085	15.3322
BLOCK06/SES063/SA063S27	SES172	-2.54662	12.7855	15.3322
BLOCK06/SES063/SA063S27	SES187	-2.31202	13.0201	15.3322
BLOCK06/SES063/SA063S27	SES292	-3.60247	11.7297	15.3322
BLOCK06/SES067/SA067S12	SES083	-3.15225	12.8343	15.9865
BLOCK06/SES067/SA067S12	SES172	-2.88029	13.1062	15.9865
BLOCK06/SES067/SA067S12	SES202	-1.87193	14.1146	15.9865
BLOCK06/SES067/SA067S12	SES292	-2.64416	13.3424	15.9865
BLOCK06/SES067/SA067S14	SES085	-2.41674	14.4402	16.8569
BLOCK06/SES067/SA067S14	SES177	-2.85394	14.003	16.8569
BLOCK06/SES067/SA067S14	SES183	-0.984765	15.8721	16.8569
BLOCK06/SES067/SA067S14	SES202	-1.7337	15.1232	16.8569
BLOCK06/SES067/SA067S21	SES144	-1.92192	13.5812	15.5031
BLOCK06/SES067/SA067S21	SES177	-2.53911	12.964	15.5031
BLOCK06/SES067/SA067S21	SES183	-0.887591	14.6155	15.5031
BLOCK06/SES067/SA067S21	SES189	-1.23584	14.2673	15.5031
BLOCK06/SES067/SA067S25	SES085	-2.29106	13.6491	15.9401
BLOCK06/SES067/SA067S25	SES177	-2.36343	13.5767	15.9401
BLOCK06/SES067/SA067S25	SES183	-1.89384	14.0463	15.9401
BLOCK06/SES067/SA067S25	SES202	-2.15364	13.7865	15.9401
BLOCK06/SES067/SA067S29	SES085	-2.4	13.8652	16.2652
BLOCK06/SES067/SA067S29	SES177	-2.94094	13.3243	16.2652
BLOCK06/SES067/SA067S29	SES183	-0.854778	15.4104	16.2652
BLOCK06/SES067/SA067S29	SES202	-1.64952	14.6157	16.2652
BLOCK06/SES069/SA069S12	SES029	-3.90433	12.6555	16.5598
BLOCK06/SES069/SA069S12	SES082	-1.22184	15.338	16.5598
BLOCK06/SES069/SA069S12	SES087	-2.42384	14.136	16.5598
BLOCK06/SES069/SA069S12	SES206	-1.58049	14.9793	16.5598
BLOCK06/SES069/SA069S13	SES029	-4.66828	11.7735	16.4418
BLOCK06/SES069/SA069S13	SES087	-2.38454	14.0572	16.4418
BLOCK06/SES069/SA069S13	SES206	-2.25665	14.1851	16.4418
BLOCK06/SES069/SA069S13	SES226	-1.0524	15.3893	16.4418
BLOCK06/SES069/SA069S23	SES029	-1.33147	16.6023	17.9337
BLOCK06/SES069/SA069S23	SES087	-1.37785	16.5559	17.9337
BLOCK06/SES069/SA069S23	SES206	-2.30824	15.6255	17.9337
BLOCK06/SES069/SA069S23	SES226	-1.11753	16.8162	17.9337
BLOCK06/SES069/SA069S25	SES087	-2.14623	14.8147	16.961
BLOCK06/SES069/SA069S25	SES206	-3.90258	13.0584	16.961
BLOCK06/SES069/SA069S25	SES226	-1.4287	15.5323	16.961
BLOCK06/SES069/SA069S25	SES270	-3.10828	13.8527	16.961
BLOCK06/SES069/SA069S27	SES087	-3.78057	13.2195	17.0001
BLOCK06/SES069/SA069S27	SES206	-2.26637	14.7337	17.0001
BLOCK06/SES069/SA069S27	SES226	-0.888718	16.1114	17.0001
BLOCK06/SES069/SA069S27	SES270	-2.60678	14.3933	17.0001
BLOCK08/SES081/SA081S11	SES060	-3.77692	11.0358	14.8127
BLOCK08/SES081/SA081S11	SES062	-3.37356	11.4392	14.8127
BLOCK08/SES081/SA081S11	SES117	-3.91955	10.8932	14.8127
BLOCK08/SES081/SA081S11	SES162	-3.51775	11.295	14.8127
BLOCK08/SES081/SA081S13	SES016	-2.65255	13.7471	16.3997
BLOCK08/SES081/SA081S13	SES060	-0.856898	15.5428	16.3997
BLOCK08/SES081/SA081S13	SES068	-1.71408	14.6856	16.3997
BLOCK08/SES081/SA081S13	SES129	-2.66094	13.7388	16.3997
BLOCK08/SES081/SA081S24	SES060	-1.8734	13.5654	15.4388
BLOCK08/SES081/SA081S24	SES068	-2.14089	13.2979	15.4388
BLOCK08/SES081/SA081S24	SES117	-3.18824	12.2506	15.4388
BLOCK08/SES081/SA081S24	SES275	-2.62303	12.8158	15.4388
BLOCK08/SES081/SA081S27	SES007	-2.17391	12.2259	14.3998
BLOCK08/SES081/SA081S27	SES060	-3.1248	11.275	14.3998
BLOCK08/SES081/SA081S27	SES117	-1.93197	12.4678	14.3998
BLOCK08/SES081/SA081S27	SES275	-2.56956	11.8302	14.3998
BLOCK08/SES081/SA081S29	SES007	-2.29934	13.7731	16.0724
BLOCK08/SES081/SA081S29	SES060	-2.06576	14.0066	16.0724
BLOCK08/SES081/SA081S29	SES117	-2.70592	13.3665	16.0724
BLOCK08/SES081/SA081S29	SES275	-2.86587	13.2065	16.0724
BLOCK08/SES086/SA086S11	SES029	-6.64628	7.25886	13.9051
BLOCK08/SES086/SA086S11	SES082	-3.19364	10.7115	13.9051
BLOCK08/SES086/SA086S11	SES087	-2.2176	11.6875	13.9051
BLOCK08/SES086/SA086S11	SES206	-3.40111	10.504	13.9051
BLOCK08/SES086/SA086S12	SES029	-4.01936	11.2495	15.2689
BLOCK08/SES086/SA086S12	SES082	-3.46451	11.8044	15.2689
BLOCK08/SES086/SA086S12	SES087	-0.660431	14.6084	15.2689
BLOCK08/SES086/SA086S12	SES206	-2.5555	12.7134	15.2689
BLOCK08/SES086/SA086S20	SES029	-4.88812	11.6053	16.4934
BLOCK08/SES086/SA086S20	SES082	-4.14495	12.3484	16.4934
BLOCK08/SES086/SA086S20	SES087	-0.904788	15.5886	16.4934
BLOCK08/SES086/SA086S20	SES206	-2.15549	14.3379	16.4934
BLOCK08/SES086/SA086S24	SES087	-1.45717	13.6617	15.1189
BLOCK08/SES086/SA086S24	SES104	-2.79477	12.3241	15.1189
BLOCK08/SES086/SA086S24	SES120	-2.97895	12.1399	15.1189
BLOCK08/SES086/SA086S24	SES206	-1.49785	13.621	15.1189
BLOCK08/SES086/SA086S28	SES029	-3.89496	11.7996	15.6945
BLOCK08/SES086/SA086S28	SES082	-3.07597	12.6185	15.6945
BLOCK08/SES086/SA086S28	SES087	-1.38352	14.311	15.6945
BLOCK08/SES086/SA086S28	SES206	-1.9669	13.7276	15.6945
BLOCK08/SES089/SA089S13	SES087	-2.90056	11.9043	14.8049
BLOCK08/SES089/SA089S13	SES206	-2.97621	11.8287	14.8049
BLOCK08/SES089/SA089S13	SES226	-2.63497	12.1699	14.8049
BLOCK08/SES089/SA089S13	SES270	-4.03485	10.77	14.8049
BLOCK08/SES089/SA089S14	SES062	-3.0426	12.2511	15.2937
BLOCK08/SES089/SA089S14	SES087	-2.18206	13.1116	15.2937
BLOCK08/SES089/SA089S14	SES206	-3.06224	12.2314	15.2937
BLOCK08/SES089/SA089S14	SES226	-2.38017	12.9135	15.2937
BLOCK08/SES089/SA089S23	SES087	-2.89563	10.6856	13.5812
BLOCK08/SES089/SA089S23	SES206	-3.16276	10.4185	13.5812
BLOCK08/SES089/SA089S23	SES226	-2.63589	10.9454	13.5812
BLOCK08/SES089/SA089S23	SES270	-3.41448	10.1668	13.5812
BLOCK08/SES089/SA089S25	SES062	-4.16556	11.0958	15.2614
BLOCK08/SES089/SA089S25	SES087	-1.92048	13.3409	15.2614
BLOCK08/SES089/SA089S25	SES206	-3.6001	11.6613	15.2614
BLOCK08/SES089/SA089S25	SES226	-1.97314	13.2883	15.2614
BLOCK08/SES089/SA089S28	SES062	-2.67275	12.629	15.3018
BLOCK08/SES089/SA089S28	SES087	-1.30613	13.9957	15.3018
BLOCK08/SES089/SA089S28	SES206	-2.25826	13.0435	15.3018
BLOCK08/SES089/SA089S28	SES226	-1.61359	13.6882	15.3018
BLOCK09/SES097/SA097S11	SES099	-1.10709	13.761	14.8681
BLOCK09/SES097/SA097S11	SES125	-3.05919	11.8089	14.8681
BLOCK09/SES097/SA097S11	SES206	-2.38692	12.4812	14.8681
BLOCK09/SES097/SA097S11	SES226	-1.54414	13.324	14.8681
BLOCK09/SES097/SA097S14	SES062	-2.65861	11.744	14.4026
BLOCK09/SES097/SA097S14	SES099	-2.2526	12.15	14.4026
BLOCK09/SES097/SA097S14	SES104	-2.88427	11.5183	14.4026
BLOCK09/SES097/SA097S14	SES206	-2.961	11.4416	14.4026
BLOCK09/SES097/SA097S22	SES099	-0.0308018	14.8944	14.9252
BLOCK09/SES097/SA097S22	SES206	-2.375	12.5502	14.9252
BLOCK09/SES097/SA097S22	SES226	-3.04807	11.8771	14.9252
BLOCK09/SES097/SA097S22	SES270	-1.11046	13.8147	14.9252
BLOCK09/SES097/SA097S26	SES099	-1.40481	14.2864	15.6912
BLOCK09/SES097/SA097S26	SES120	-2.96116	12.73	15.6912
BLOCK09/SES097/SA097S26	SES206	-2.98957	12.7016	15.6912
BLOCK09/SES097/SA097S26	SES226	-3.43108	12.2601	15.6912
BLOCK09/SES097/SA097S28	SES099	-1.33595	13.4713	14.8073
BLOCK09/SES097/SA097S28	SES120	-2.49097	12.3163	14.8073
BLOCK09/SES097/SA097S28	SES206	-3.39994	11.4073	14.8073
BLOCK09/SES097/SA097S28	SES226	-3.4705	11.3368	14.8073
BLOCK09/SES098/SA098S11	SES127	-4.0563	10.1849	14.2412
BLOCK09/SES098/SA098S11	SES144	-2.82664	11.4146	14.2412
BLOCK09/SES098/SA098S11	SES147	-1.99457	12.2466	14.2412
BLOCK09/SES098/SA098S11	SES148	-4.45961	9.7816	14.2412
BLOCK09/SES098/SA098S12	SES127	-4.72884	8.3576	13.0864
BLOCK09/SES098/SA098S12	SES144	-3.27908	9.80737	13.0864
BLOCK09/SES098/SA098S12	SES147	-2.7943	10.2921	13.0864
BLOCK09/SES098/SA098S12	SES189	-2.13777	10.9487	13.0864
BLOCK09/SES098/SA098S20	SES127	-4.67222	9.58129	14.2535
BLOCK09/SES098/SA098S20	SES147	-2.64905	11.6045	14.2535
BLOCK09/SES098/SA098S20	SES148	-4.09166	10.1618	14.2535
BLOCK09/SES098/SA098S20	SES292	-2.66832	11.5852	14.2535
BLOCK09/SES098/SA098S23	SES127	-3.44555	11.4834	14.9289
BLOCK09/SES098/SA098S23	SES147	-1.779	13.1499	14.9289
BLOCK09/SES098/SA098S23	SES187	-2.44666	12.4823	14.9289
BLOCK09/SES098/SA098S23	SES292	-2.02002	12.9089	14.9289
BLOCK09/SES098/SA098S27	SES127	-4.72743	9.09209	13.8195
BLOCK09/SES098/SA098S27	SES147	-3.45622	10.3633	13.8195
BLOCK09/SES098/SA098S27	SES148	-4.7565	9.06302	13.8195
BLOCK09/SES098/SA098S27	SES292	-2.68658	11.1329	13.8195
BLOCK10/SES102/SA102S13	SES101	-1.59316	11.9725	13.5656
BLOCK10/SES102/SA102S13	SES105	-2.1195	11.4461	13.5656
BLOCK10/SES102/SA102S13	SES120	-3.28037	10.2853	13.5656
BLOCK10/SES102/SA102S13	SES158	-4.55889	9.00674	13.5656
BLOCK10/SES102/SA102S14	SES007	-1.51192	14.5426	16.0545
BLOCK10/SES102/SA102S14	SES101	-0.87716	15.1774	16.0545
BLOCK10/SES102/SA102S14	SES105	-1.02589	15.0286	16.0545
BLOCK10/SES102/SA102S14	SES147	-3.84487	12.2097	16.0545
BLOCK10/SES102/SA102S22	SES007	-2.15666	13.1085	15.2652
BLOCK10/SES102/SA102S22	SES101	-0.873842	14.3913	15.2652
BLOCK10/SES102/SA102S22	SES105	-1.40233	13.8629	15.2652
BLOCK10/SES102/SA102S22	SES158	-3.82762	11.4376	15.2652
BLOCK10/SES102/SA102S25	SES007	-1.34235	14.4348	15.7771
BLOCK10/SES102/SA102S25	SES101	-0.894887	14.8822	15.7771
BLOCK10/SES102/SA102S25	SES105	-1.53071	14.2464	15.7771
BLOCK10/SES102/SA102S25	SES147	-4.09455	11.6826	15.7771
BLOCK10/SES102/SA102S27	SES007	-1.729	13.3855	15.1145
BLOCK10/SES102/SA102S27	SES101	-0.507318	14.6072	15.1145
BLOCK10/SES102/SA102S27	SES105	-2.0535	13.061	15.1145
BLOCK10/SES102/SA102S27	SES147	-3.43217	11.6823	15.1145
BLOCK10/SES103/SA103S14	SES105	-3.59072	9.71452	13.3052
BLOCK10/SES103/SA103S14	SES106	-2.84276	10.4625	13.3052
BLOCK10/SES103/SA103S14	SES120	-4.33918	8.96605	13.3052
BLOCK10/SES103/SA103S14	SES206	-4.67798	8.62726	13.3052
BLOCK10/SES103/SA103S15	SES099	-3.40166	8.83986	12.2415
BLOCK10/SES103/SA103S15	SES101	-6.3118	5.92972	12.2415
BLOCK10/SES103/SA103S15	SES104	-3.8071	8.43442	12.2415
BLOCK10/SES103/SA103S15	SES125	-3.49028	8.75124	12.2415
BLOCK10/SES103/SA103S24	SES104	-2.86225	12.0626	14.9249
BLOCK10/SES103/SA103S24	SES125	-3.24373	11.6812	14.9249
BLOCK10/SES103/SA103S24	SES148	-4.95158	9.9733	14.9249
BLOCK10/SES103/SA103S24	SES158	-3.00548	11.9194	14.9249
BLOCK10/SES103/SA103S26	SES104	-3.59291	9.25433	12.8472
BLOCK10/SES103/SA103S26	SES106	-2.23831	10.6089	12.8472
BLOCK10/SES103/SA103S26	SES125	-3.60744	9.2398	12.8472
BLOCK10/SES103/SA103S26	SES148	-6.56267	6.28457	12.8472
BLOCK10/SES103/SA103S28	SES104	-4.11605	8.36488	12.4809
BLOCK10/SES103/SA103S28	SES106	-2.8261	9.65483	12.4809
BLOCK10/SES103/SA103S28	SES125	-4.87706	7.60387	12.4809
BLOCK10/SES103/SA103S28	SES206	-5.17597	7.30495	12.4809
BLOCK12/SES121/SA121S12	SES042	-4.54585	6.63369	11.1795
BLOCK12/SES121/SA121S12	SES087	-4.07652	7.10301	11.1795
BLOCK12/SES121/SA121S12	SES105	-1.65384	9.52569	11.1795
BLOCK12/SES121/SA121S12	SES206	-3.38124	7.79829	11.1795
BLOCK12/SES121/SA121S14	SES007	-3.67078	7.75074	11.4215
BLOCK12/SES121/SA121S14	SES105	-3.22067	8.20086	11.4215
BLOCK12/SES121/SA121S14	SES106	-2.9156	8.50593	11.4215
BLOCK12/SES121/SA121S14	SES206	-4.12226	7.29927	11.4215
BLOCK12/SES121/SA121S23	SES105	-3.03264	8.60599	11.6386
BLOCK12/SES121/SA121S23	SES106	-2.35473	9.2839	11.6386
BLOCK12/SES121/SA121S23	SES120	-2.84259	8.79604	11.6386
BLOCK12/SES121/SA121S23	SES206	-2.56816	9.07047	11.6386
BLOCK12/SES121/SA121S25	SES007	-2.69941	6.74249	9.4419
BLOCK12/SES121/SA121S25	SES105	-3.3847	6.0572	9.4419
BLOCK12/SES121/SA121S25	SES106	-2.12777	7.31413	9.4419
BLOCK12/SES121/SA121S25	SES206	-4.69125	4.75065	9.4419
BLOCK12/SES121/SA121S27	SES087	-2.36353	9.28769	11.6512
BLOCK12/SES121/SA121S27	SES105	-4.3904	7.26082	11.6512
BLOCK12/SES121/SA121S27	SES120	-1.21484	10.4364	11.6512
BLOCK12/SES121/SA121S27	SES206	-3.55582	8.0954	11.6512
BLOCK12/SES124/SA124S16	SES042	-1.53302	12.3728	13.9058
BLOCK12/SES124/SA124S16	SES082	-3.1073	10.7985	13.9058
BLOCK12/SES124/SA124S16	SES183	-3.44497	10.4609	13.9058
BLOCK12/SES124/SA124S16	SES206	-3.37354	10.5323	13.9058
BLOCK12/SES124/SA124S17	SES105	-3.58522	8.62054	12.2058
BLOCK12/SES124/SA124S17	SES149	-5.12014	7.08562	12.2058
BLOCK12/SES124/SA124S17	SES158	-4.46031	7.74545	12.2058
BLOCK12/SES124/SA124S17	SES275	-2.60702	9.59874	12.2058
BLOCK12/SES124/SA124S23	SES105	-3.90339	11.9095	15.8129
BLOCK12/SES124/SA124S23	SES125	-1.28487	14.5281	15.8129
BLOCK12/SES124/SA124S23	SES129	-4.25696	11.556	15.8129
BLOCK12/SES124/SA124S23	SES158	-1.71454	14.0984	15.8129
BLOCK12/SES124/SA124S26	SES105	-4.59112	10.5759	15.167
BLOCK12/SES124/SA124S26	SES125	-2.69674	12.4703	15.167
BLOCK12/SES124/SA124S26	SES129	-4.9294	10.2376	15.167
BLOCK12/SES124/SA124S26	SES158	-3.51989	11.6472	15.167
BLOCK12/SES124/SA124S28	SES104	-2.15994	12.6002	14.7602
BLOCK12/SES124/SA124S28	SES106	-1.80261	12.9576	14.7602
BLOCK12/SES124/SA124S28	SES125	-1.49564	13.2645	14.7602
BLOCK12/SES124/SA124S28	SES275	-3.68922	11.071	14.7602
BLOCK12/SES126/SA126S13	SES007	-2.3063	11.9937	14.3
BLOCK12/SES126/SA126S13	SES162	-2.85649	11.4435	14.3
BLOCK12/SES126/SA126S13	SES177	-2.66719	11.6328	14.3
BLOCK12/SES126/SA126S13	SES180	-2.86764	11.4324	14.3
BLOCK12/SES126/SA126S14	SES144	-2.1156	13.6171	15.7327
BLOCK12/SES126/SA126S14	SES148	-2.86912	12.8635	15.7327
BLOCK12/SES126/SA126S14	SES177	-2.17537	13.5573	15.7327
BLOCK12/SES126/SA126S14	SES180	-2.92096	12.8117	15.7327
BLOCK12/SES126/SA126S20	SES007	-2.05839	12.5659	14.6243
BLOCK12/SES126/SA126S20	SES162	-2.66601	11.9583	14.6243
BLOCK12/SES126/SA126S20	SES172	-3.01264	11.6117	14.6243
BLOCK12/SES126/SA126S20	SES180	-2.56393	12.0604	14.6243
BLOCK12/SES126/SA126S24	SES120	-1.1828	14.7007	15.8835
BLOCK12/SES126/SA126S24	SES162	-2.38941	13.4941	15.8835
BLOCK12/SES126/SA126S24	SES177	-1.73818	14.1453	15.8835
BLOCK12/SES126/SA126S24	SES180	-1.68558	14.1979	15.8835
BLOCK12/SES126/SA126S26	SES120	-1.16886	13.9316	15.1004
BLOCK12/SES126/SA126S26	SES177	-2.16748	12.933	15.1004
BLOCK12/SES126/SA126S26	SES180	-2.27675	12.8237	15.1004
BLOCK12/SES126/SA126S26	SES202	-2.23068	12.8698	15.1004
BLOCK12/SES128/SA128S10	SES087	-4.32901	11.2042	15.5332
BLOCK12/SES128/SA128S10	SES206	-2.62411	12.9091	15.5332
BLOCK12/SES128/SA128S10	SES226	-1.7617	13.7715	15.5332
BLOCK12/SES128/SA128S10	SES270	-2.15535	13.3778	15.5332
BLOCK12/SES128/SA128S12	SES120	-2.94298	11.9047	14.8476
BLOCK12/SES128/SA128S12	SES158	-3.61897	11.2287	14.8476
BLOCK12/SES128/SA128S12	SES206	-3.06515	11.7825	14.8476
BLOCK12/SES128/SA128S12	SES226	-3.23052	11.6171	14.8476
BLOCK12/SES128/SA128S21	SES106	-4.14592	10.0901	14.236
BLOCK12/SES128/SA128S21	SES120	-3.88613	10.3498	14.236
BLOCK12/SES128/SA128S21	SES206	-3.2066	11.0294	14.236
BLOCK12/SES128/SA128S21	SES226	-2.61416	11.6218	14.236
BLOCK12/SES128/SA128S24	SES087	-3.07556	11.4907	14.5663
BLOCK12/SES128/SA128S24	SES120	-2.32063	12.2456	14.5663
BLOCK12/SES128/SA128S24	SES206	-2.51148	12.0548	14.5663
BLOCK12/SES128/SA128S24	SES226	-3.22908	11.3372	14.5663
BLOCK12/SES128/SA128S27	SES099	-1.96885	13.9793	15.9482
BLOCK12/SES128/SA128S27	SES120	-1.78444	14.1637	15.9482
BLOCK12/SES128/SA128S27	SES206	-2.59001	13.3582	15.9482
BLOCK12/SES128/SA128S27	SES226	-2.83953	13.1087	15.9482
BLOCK13/SES130/SA130S13	SES143	-2.68364	11.9224	14.6061
BLOCK13/SES130/SA130S13	SES144	-1.47402	13.132	14.6061
BLOCK13/SES130/SA130S13	SES146	-2.40576	12.2003	14.6061
BLOCK13/SES130/SA130S13	SES275	-3.43626	11.1698	14.6061
BLOCK13/SES130/SA130S15	SES143	-3.02867	13.0529	16.0816
BLOCK13/SES130/SA130S15	SES144	-1.37573	14.7059	16.0816
BLOCK13/SES130/SA130S15	SES146	-1.9025	14.1791	16.0816
BLOCK13/SES130/SA130S15	SES275	-2.43516	13.6464	16.0816
BLOCK13/SES130/SA130S23	SES127	-3.46952	10.8619	14.3314
BLOCK13/SES130/SA130S23	SES144	-2.80442	11.527	14.3314
BLOCK13/SES130/SA130S23	SES146	-2.19624	12.1352	14.3314
BLOCK13/SES130/SA130S23	SES162	-1.73838	12.593	14.3314
BLOCK13/SES130/SA130S25	SES127	-1.83935	14.2817	16.121
BLOCK13/SES130/SA130S25	SES144	-1.68954	14.4315	16.121
BLOCK13/SES130/SA130S25	SES146	-1.47764	14.6434	16.121
BLOCK13/SES130/SA130S25	SES275	-1.57063	14.5504	16.121
BLOCK13/SES130/SA130S28	SES127	-1.95748	13.0017	14.9592
BLOCK13/SES130/SA130S28	SES144	-2.12077	12.8384	14.9592
BLOCK13/SES130/SA130S28	SES146	-1.64148	13.3177	14.9592
BLOCK13/SES130/SA130S28	SES275	-1.34394	13.6152	14.9592
BLOCK13/SES131/SA131S13	SES002	-3.51837	8.52567	12.044
BLOCK13/SES131/SA131S13	SES007	-3.67208	8.37196	12.044
BLOCK13/SES131/SA131S13	SES099	-3.39543	8.64861	12.044
BLOCK13/SES131/SA131S13	SES105	-3.627	8.41704	12.044
BLOCK13/SES131/SA131S14	SES104	-1.35072	12.1647	13.5154
BLOCK13/SES131/SA131S14	SES106	-2.69651	10.8189	13.5154
BLOCK13/SES131/SA131S14	SES125	-2.86522	10.6502	13.5154
BLOCK13/SES131/SA131S14	SES148	-2.59958	10.9159	13.5154
BLOCK13/SES131/SA131S20	SES104	-3.73149	8.12112	11.8526
BLOCK13/SES131/SA131S20	SES106	-3.14954	8.70307	11.8526
BLOCK13/SES131/SA131S20	SES125	-5.35408	6.49854	11.8526
BLOCK13/SES131/SA131S20	SES148	-3.44706	8.40556	11.8526
BLOCK13/SES131/SA131S22	SES099	-3.20687	10.4802	13.6871
BLOCK13/SES131/SA131S22	SES104	-3.31269	10.3744	13.6871
BLOCK13/SES131/SA131S22	SES125	-4.23709	9.45001	13.6871
BLOCK13/SES131/SA131S22	SES206	-3.56246	10.1246	13.6871
BLOCK13/SES131/SA131S29	SES087	-3.94845	8.44262	12.3911
BLOCK13/SES131/SA131S29	SES104	-4.33841	8.05266	12.3911
BLOCK13/SES131/SA131S29	SES125	-5.13159	7.25948	12.3911
BLOCK13/SES131/SA131S29	SES206	-3.97137	8.41969	12.3911
BLOCK13/SES132/SA132S11	SES083	-3.36919	12.4137	15.7829
BLOCK13/SES132/SA132S11	SES120	-1.18898	14.5939	15.7829
BLOCK13/SES132/SA132S11	SES127	-2.64005	13.1428	15.7829
BLOCK13/SES132/SA132S11	SES275	-2.2474	13.5355	15.7829
BLOCK13/SES132/SA132S12	SES083	-3.37934	12.2571	15.6364
BLOCK13/SES132/SA132S12	SES143	-2.30692	13.3295	15.6364
BLOCK13/SES132/SA132S12	SES144	-2.33315	13.3033	15.6364
BLOCK13/SES132/SA132S12	SES148	-1.92551	13.7109	15.6364
BLOCK13/SES132/SA132S22	SES062	-1.86143	13.8582	15.7197
BLOCK13/SES132/SA132S22	SES083	-2.50732	13.2123	15.7197
BLOCK13/SES132/SA132S22	SES127	-2.16567	13.554	15.7197
BLOCK13/SES132/SA132S22	SES275	-1.80827	13.9114	15.7197
BLOCK13/SES132/SA132S24	SES007	-1.98346	14.5974	16.5808
BLOCK13/SES132/SA132S24	SES083	-3.26698	13.3138	16.5808
BLOCK13/SES132/SA132S24	SES127	-2.99135	13.5895	16.5808
BLOCK13/SES132/SA132S24	SES275	-1.779	14.8018	16.5808
BLOCK13/SES132/SA132S27	SES083	-3.71961	11.4	15.1196
BLOCK13/SES132/SA132S27	SES120	-1.05889	14.0608	15.1196
BLOCK13/SES132/SA132S27	SES127	-3.03516	12.0845	15.1196
BLOCK13/SES132/SA132S27	SES275	-2.76346	12.3562	15.1196
BLOCK14/SES141/SA141S09	SES143	-2.10912	13.2721	15.3812
BLOCK14/SES141/SA141S09	SES144	-1.68235	13.6989	15.3812
BLOCK14/SES141/SA141S09	SES162	-2.49129	12.8899	15.3812
BLOCK14/SES141/SA141S09	SES180	-2.58003	12.8012	15.3812
BLOCK14/SES141/SA141S15	SES127	-2.28329	12.4976	14.7809
BLOCK14/SES141/SA141S15	SES144	-2.16052	12.6204	14.7809
BLOCK14/SES141/SA141S15	SES162	-2.53682	12.2441	14.7809
BLOCK14/SES141/SA141S15	SES180	-2.68431	12.0966	14.7809
BLOCK14/SES141/SA141S24	SES127	-2.29815	13.0995	15.3976
BLOCK14/SES141/SA141S24	SES144	-2.84541	12.5522	15.3976
BLOCK14/SES141/SA141S24	SES162	-2.45887	12.9388	15.3976
BLOCK14/SES141/SA141S24	SES183	-2.25973	13.1379	15.3976
BLOCK14/SES141/SA141S26	SES142	-1.54647	13.6744	15.2209
BLOCK14/SES141/SA141S26	SES144	-2.54501	12.6759	15.2209
BLOCK14/SES141/SA141S26	SES172	-1.87243	13.3484	15.2209
BLOCK14/SES141/SA141S26	SES180	-2.54862	12.6722	15.2209
BLOCK14/SES141/SA141S29	SES127	-1.35764	14.2414	15.599
BLOCK14/SES141/SA141S29	SES142	-1.1952	14.4038	15.599
BLOCK14/SES141/SA141S29	SES144	-2.25392	13.3451	15.599
BLOCK14/SES141/SA141S29	SES180	-2.65258	12.9465	15.599
BLOCK15/SES157/SA157S08	SES083	-3.69967	11.4632	15.1628
BLOCK15/SES157/SA157S08	SES127	-2.56905	12.5938	15.1628
BLOCK15/SES157/SA157S08	SES148	-3.08941	12.0734	15.1628
BLOCK15/SES157/SA157S08	SES292	-3.99771	11.1651	15.1628
BLOCK15/SES157/SA157S11	SES083	-3.60908	11.8161	15.4252
BLOCK15/SES157/SA157S11	SES127	-2.44235	12.9828	15.4252
BLOCK15/SES157/SA157S11	SES148	-3.04457	12.3806	15.4252
BLOCK15/SES157/SA157S11	SES292	-3.3554	12.0698	15.4252
BLOCK15/SES157/SA157S21	SES127	-1.8931	13.7996	15.6927
BLOCK15/SES157/SA157S21	SES148	-1.14521	14.5475	15.6927
BLOCK15/SES157/SA157S21	SES158	-6.32565	9.36709	15.6927
BLOCK15/SES157/SA157S21	SES292	-2.50121	13.1915	15.6927
BLOCK15/SES157/SA157S24	SES127	-2.23849	13.6438	15.8823
BLOCK15/SES157/SA157S24	SES148	-2.7164	13.1659	15.8823
BLOCK15/SES157/SA157S24	SES183	-2.35758	13.5247	15.8823
BLOCK15/SES157/SA157S24	SES292	-3.40522	12.4771	15.8823
BLOCK15/SES157/SA157S26	SES007	-1.65655	14.0472	15.7037
BLOCK15/SES157/SA157S26	SES127	-2.17168	13.5321	15.7037
BLOCK15/SES157/SA157S26	SES147	-2.97771	12.726	15.7037
BLOCK15/SES157/SA157S26	SES148	-2.09923	13.6045	15.7037
BLOCK16/SES161/SA161S10	SES007	-3.04421	10.1889	13.2331
BLOCK16/SES161/SA161S10	SES105	-2.26475	10.9684	13.2331
BLOCK16/SES161/SA161S10	SES158	-3.34544	9.8877	13.2331
BLOCK16/SES161/SA161S10	SES275	-2.34358	10.8896	13.2331
BLOCK16/SES161/SA161S12	SES007	-3.06461	10.1718	13.2364
BLOCK16/SES161/SA161S12	SES105	-3.95434	9.28208	13.2364
BLOCK16/SES161/SA161S12	SES158	-2.51215	10.7243	13.2364
BLOCK16/SES161/SA161S12	SES275	-2.52542	10.711	13.2364
BLOCK16/SES161/SA161S20	SES007	-2.82685	9.52236	12.3492
BLOCK16/SES161/SA161S20	SES105	-3.78509	8.56412	12.3492
BLOCK16/SES161/SA161S20	SES158	-3.00408	9.34513	12.3492
BLOCK16/SES161/SA161S20	SES275	-3.24786	9.10135	12.3492
BLOCK16/SES161/SA161S23	SES007	-3.86299	9.88201	13.745
BLOCK16/SES161/SA161S23	SES105	-2.84877	10.8962	13.745
BLOCK16/SES161/SA161S23	SES148	-3.48709	10.2579	13.745
BLOCK16/SES161/SA161S23	SES158	-3.63565	10.1094	13.745
BLOCK16/SES161/SA161S28	SES007	-3.83337	10.371	14.2043
BLOCK16/SES161/SA161S28	SES105	-3.43463	10.7697	14.2043
BLOCK16/SES161/SA161S28	SES158	-2.58794	11.6164	14.2043
BLOCK16/SES161/SA161S28	SES206	-3.06788	11.1365	14.2043
BLOCK16/SES164/SA164S11	SES104	-2.89571	12.4774	15.3731
BLOCK16/SES164/SA164S11	SES125	-2.50082	12.8722	15.3731
BLOCK16/SES164/SA164S11	SES158	-1.7541	13.619	15.3731
BLOCK16/SES164/SA164S11	SES206	-3.38988	11.9832	15.3731
BLOCK16/SES164/SA164S13	SES099	-3.12205	11.2468	14.3688
BLOCK16/SES164/SA164S13	SES104	-3.81215	10.5567	14.3688
BLOCK16/SES164/SA164S13	SES125	-3.70982	10.659	14.3688
BLOCK16/SES164/SA164S13	SES206	-3.57168	10.7972	14.3688
BLOCK16/SES164/SA164S24	SES002	-1.30875	13.4082	14.717
BLOCK16/SES164/SA164S24	SES099	-2.73207	11.9849	14.717
BLOCK16/SES164/SA164S24	SES125	-3.49642	11.2205	14.717
BLOCK16/SES164/SA164S24	SES226	-2.04968	12.6673	14.717
BLOCK16/SES164/SA164S27	SES087	-3.58885	10.6394	14.2283
BLOCK16/SES164/SA164S27	SES125	-3.14809	11.0802	14.2283
BLOCK16/SES164/SA164S27	SES206	-3.21438	11.0139	14.2283
BLOCK16/SES164/SA164S27	SES226	-2.61797	11.6103	14.2283
BLOCK16/SES164/SA164S29	SES002	-1.07549	12.9748	14.0503
BLOCK16/SES164/SA164S29	SES019	-2.54158	11.5087	14.0503
BLOCK16/SES164/SA164S29	SES125	-2.8954	11.1549	14.0503
BLOCK16/SES164/SA164S29	SES226	-3.0725	10.9778	14.0503
BLOCK16/SES169/SA169S13	SES117	-2.36884	12.4142	14.783
BLOCK16/SES169/SA169S13	SES144	-2.20733	12.5757	14.783
BLOCK16/SES169/SA169S13	SES146	-2.00411	12.7789	14.783
BLOCK16/SES169/SA169S13	SES162	-1.75201	13.031	14.783
BLOCK16/SES169/SA169S14	SES144	-2.82692	12.9274	15.7543
BLOCK16/SES169/SA169S14	SES148	-2.48473	13.2696	15.7543
BLOCK16/SES169/SA169S14	SES177	-1.76952	13.9848	15.7543
BLOCK16/SES169/SA169S14	SES180	-2.76597	12.9884	15.7543
BLOCK16/SES169/SA169S24	SES117	-2.54153	11.4495	13.991
BLOCK16/SES169/SA169S24	SES144	-1.94249	12.0485	13.991
BLOCK16/SES169/SA169S24	SES146	-1.48215	12.5088	13.991
BLOCK16/SES169/SA169S24	SES162	-1.83173	12.1593	13.991
BLOCK16/SES169/SA169S27	SES127	-2.26681	12.1517	14.4185
BLOCK16/SES169/SA169S27	SES129	-2.3805	12.038	14.4185
BLOCK16/SES169/SA169S27	SES144	-2.96457	11.4539	14.4185
BLOCK16/SES169/SA169S27	SES146	-1.28579	13.1327	14.4185
BLOCK16/SES169/SA169S29	SES144	-1.88417	13.4273	15.3114
BLOCK16/SES169/SA169S29	SES162	-0.82381	14.4876	15.3114
BLOCK16/SES169/SA169S29	SES177	-2.76541	12.546	15.3114
BLOCK16/SES169/SA169S29	SES180	-1.81127	13.5002	15.3114
BLOCK17/SES171/SA171S12	SES083	-2.49921	11.934	14.4332
BLOCK17/SES171/SA171S12	SES148	-3.4442	10.989	14.4332
BLOCK17/SES171/SA171S12	SES172	-2.6087	11.8245	14.4332
BLOCK17/SES171/SA171S12	SES292	-3.66315	10.77	14.4332
BLOCK17/SES171/SA171S15	SES148	-3.04255	10.5869	13.6295
BLOCK17/SES171/SA171S15	SES177	-1.68844	11.9411	13.6295
BLOCK17/SES171/SA171S15	SES180	-4.04488	9.58461	13.6295
BLOCK17/SES171/SA171S15	SES292	-2.63857	10.9909	13.6295
BLOCK17/SES171/SA171S22	SES007	-2.19867	13.438	15.6367
BLOCK17/SES171/SA171S22	SES148	-2.40582	13.2309	15.6367
BLOCK17/SES171/SA171S22	SES177	-1.55571	14.081	15.6367
BLOCK17/SES171/SA171S22	SES180	-3.45141	12.1853	15.6367
BLOCK17/SES171/SA171S25	SES101	-2.9163	11.1704	14.0867
BLOCK17/SES171/SA171S25	SES120	-4.04407	10.0426	14.0867
BLOCK17/SES171/SA171S25	SES177	-2.07896	12.0077	14.0867
BLOCK17/SES171/SA171S25	SES180	-3.74824	10.3384	14.0867
BLOCK17/SES171/SA171S27	SES177	-2.02031	12.5186	14.5389
BLOCK17/SES171/SA171S27	SES180	-4.08588	10.453	14.5389
BLOCK17/SES171/SA171S27	SES189	-2.17441	12.3645	14.5389
BLOCK17/SES171/SA171S27	SES292	-3.1311	11.4078	14.5389
BLOCK17/SES173/SA173S13	SES162	-3.94952	10.5499	14.4994
BLOCK17/SES173/SA173S13	SES177	-2.71689	11.7825	14.4994
BLOCK17/SES173/SA173S13	SES180	-3.98795	10.5115	14.4994
BLOCK17/SES173/SA173S13	SES292	-1.68549	12.8139	14.4994
BLOCK17/SES173/SA173S14	SES007	-2.67286	10.7945	13.4673
BLOCK17/SES173/SA173S14	SES162	-4.009	9.45832	13.4673
BLOCK17/SES173/SA173S14	SES177	-2.31473	11.1526	13.4673
BLOCK17/SES173/SA173S14	SES180	-3.71029	9.75703	13.4673
BLOCK17/SES173/SA173S24	SES144	-3.73758	9.80296	13.5405
BLOCK17/SES173/SA173S24	SES162	-3.60621	9.93433	13.5405
BLOCK17/SES173/SA173S24	SES177	-1.93213	11.6084	13.5405
BLOCK17/SES173/SA173S24	SES180	-4.2708	9.26973	13.5405
BLOCK17/SES173/SA173S27	SES162	-4.395	9.96123	14.3562
BLOCK17/SES173/SA173S27	SES177	-2.90308	11.4531	14.3562
BLOCK17/SES173/SA173S27	SES180	-3.31125	11.045	14.3562
BLOCK17/SES173/SA173S27	SES292	-1.29099	13.0652	14.3562
BLOCK17/SES173/SA173S29	SES162	-2.92433	11.4447	14.369
BLOCK17/SES173/SA173S29	SES175	-2.6552	11.7138	14.369
BLOCK17/SES173/SA173S29	SES177	-1.82141	12.5476	14.369
BLOCK17/SES173/SA173S29	SES292	-2.404	11.965	14.369
BLOCK18/SES182/SA182S10	SES144	-2.6142	11.8539	14.4681
BLOCK18/SES182/SA182S10	SES177	-2.17455	12.2936	14.4681
BLOCK18/SES182/SA182S10	SES180	-3.82283	10.6453	14.4681
BLOCK18/SES182/SA182S10	SES275	-1.4046	13.0635	14.4681
BLOCK18/SES182/SA182S12	SES144	-1.1655	13.4526	14.6181
BLOCK18/SES182/SA182S12	SES177	-1.76969	12.8484	14.6181
BLOCK18/SES182/SA182S12	SES180	-2.64721	11.9709	14.6181
BLOCK18/SES182/SA182S12	SES275	-1.14935	13.4687	14.6181
BLOCK18/SES182/SA182S21	SES117	-2.547	11.4597	14.0067
BLOCK18/SES182/SA182S21	SES144	-2.45599	11.5507	14.0067
BLOCK18/SES182/SA182S21	SES162	-1.88134	12.1253	14.0067
BLOCK18/SES182/SA182S21	SES180	-3.51754	10.4891	14.0067
BLOCK18/SES182/SA182S23	SES117	-1.81744	12.7824	14.5998
BLOCK18/SES182/SA182S23	SES144	-2.36514	12.2347	14.5998
BLOCK18/SES182/SA182S23	SES180	-3.33896	11.2609	14.5998
BLOCK18/SES182/SA182S23	SES275	-1.29175	13.3081	14.5998
BLOCK18/SES182/SA182S25	SES007	-1.10691	13.4375	14.5444
BLOCK18/SES182/SA182S25	SES162	-1.6559	12.8885	14.5444
BLOCK18/SES182/SA182S25	SES177	-1.93838	12.606	14.5444
BLOCK18/SES182/SA182S25	SES180	-2.95707	11.5873	14.5444
BLOCK18/SES184/SA184S12	SES177	-3.0324	12.2476	15.28
BLOCK18/SES184/SA184S12	SES180	-2.47251	12.8075	15.28
BLOCK18/SES184/SA184S12	SES189	-2.84584	12.4341	15.28
BLOCK18/SES184/SA184S12	SES292	-2.46683	12.8131	15.28
BLOCK18/SES184/SA184S13	SES101	-2.90407	12.006	14.91
BLOCK18/SES184/SA184S13	SES177	-2.88158	12.0284	14.91
BLOCK18/SES184/SA184S13	SES180	-2.63581	12.2742	14.91
BLOCK18/SES184/SA184S13	SES292	-3.43121	11.4788	14.91
BLOCK18/SES184/SA184S22	SES177	-2.29569	14.1473	16.443
BLOCK18/SES184/SA184S22	SES180	-2.82925	13.6137	16.443
BLOCK18/SES184/SA184S22	SES189	-3.53998	12.903	16.443
BLOCK18/SES184/SA184S22	SES292	-2.94252	13.5004	16.443
BLOCK18/SES184/SA184S25	SES101	-2.30013	14.4857	16.7858
BLOCK18/SES184/SA184S25	SES177	-2.88946	13.8964	16.7858
BLOCK18/SES184/SA184S25	SES180	-2.68823	14.0976	16.7858
BLOCK18/SES184/SA184S25	SES292	-2.57219	14.2137	16.7858
BLOCK18/SES184/SA184S27	SES083	-2.33637	12.0409	14.3772
BLOCK18/SES184/SA184S27	SES177	-1.8971	12.4801	14.3772
BLOCK18/SES184/SA184S27	SES202	-1.9925	12.3847	14.3772
BLOCK18/SES184/SA184S27	SES292	-2.41174	11.9655	14.3772
BLOCK20/SES204/SA204S12	SES062	-1.76332	14.4421	16.2054
BLOCK20/SES204/SA204S12	SES083	-3.59788	12.6075	16.2054
BLOCK20/SES204/SA204S12	SES206	-2.04892	14.1565	16.2054
BLOCK20/SES204/SA204S12	SES226	-3.13529	13.0701	16.2054
BLOCK20/SES204/SA204S14	SES068	-1.69411	15.8078	17.5019
BLOCK20/SES204/SA204S14	SES087	-1.37412	16.1278	17.5019
BLOCK20/SES204/SA204S14	SES206	-2.75267	14.7492	17.5019
BLOCK20/SES204/SA204S14	SES226	-3.43684	14.065	17.5019
BLOCK20/SES204/SA204S22	SES068	-2.35806	14.1391	16.4972
BLOCK20/SES204/SA204S22	SES082	-4.77424	11.7229	16.4972
BLOCK20/SES204/SA204S22	SES083	-5.02304	11.4741	16.4972
BLOCK20/SES204/SA204S22	SES206	-3.25624	13.2409	16.4972
BLOCK20/SES204/SA204S25	SES062	-2.59295	13.9335	16.5265
BLOCK20/SES204/SA204S25	SES083	-3.85633	12.6702	16.5265
BLOCK20/SES204/SA204S25	SES206	-2.33832	14.1882	16.5265
BLOCK20/SES204/SA204S25	SES226	-3.26324	13.2633	16.5265
BLOCK20/SES204/SA204S27	SES068	-2.40871	13.4637	15.8724
BLOCK20/SES204/SA204S27	SES082	-4.77922	11.0931	15.8724
BLOCK20/SES204/SA204S27	SES087	-2.61769	13.2547	15.8724
BLOCK20/SES204/SA204S27	SES206	-3.42023	12.4521	15.8724
BLOCK20/SES207/SA207S10	SES127	-2.5429	11.7685	14.3114
BLOCK20/SES207/SA207S10	SES183	-2.45438	11.857	14.3114
BLOCK20/SES207/SA207S10	SES189	-2.52171	11.7897	14.3114
BLOCK20/SES207/SA207S10	SES292	-2.29734	12.0141	14.3114
BLOCK20/SES207/SA207S11	SES127	-3.37475	10.3157	13.6904
BLOCK20/SES207/SA207S11	SES183	-2.33853	11.3519	13.6904
BLOCK20/SES207/SA207S11	SES187	-2.84873	10.8417	13.6904
BLOCK20/SES207/SA207S11	SES292	-2.07148	11.619	13.6904
BLOCK20/SES207/SA207S25	SES068	-2.49789	11.8208	14.3187
BLOCK20/SES207/SA207S25	SES083	-3.59081	10.7279	14.3187
BLOCK20/SES207/SA207S25	SES127	-2.23932	12.0794	14.3187
BLOCK20/SES207/SA207S25	SES187	-2.34554	11.9732	14.3187
BLOCK20/SES207/SA207S27	SES127	-3.33167	9.82938	13.161
BLOCK20/SES207/SA207S27	SES183	-2.27294	10.8881	13.161
BLOCK20/SES207/SA207S27	SES187	-2.96438	10.1967	13.161
BLOCK20/SES207/SA207S27	SES292	-3.51506	9.64599	13.161
BLOCK20/SES207/SA207S29	SES083	-3.54024	11.5417	15.0819
BLOCK20/SES207/SA207S29	SES085	-2.88548	12.1964	15.0819
BLOCK20/SES207/SA207S29	SES172	-2.17763	12.9043	15.0819
BLOCK20/SES207/SA207S29	SES189	-2.85908	12.2228	15.0819
BLOCK22/SES221/SA221S12	SES068	-1.41404	14.5105	15.9245
BLOCK22/SES221/SA221S12	SES143	-2.27783	13.6467	15.9245
BLOCK22/SES221/SA221S12	SES175	-1.2447	14.6798	15.9245
BLOCK22/SES221/SA221S12	SES202	-2.12271	13.8018	15.9245
BLOCK22/SES221/SA221S15	SES085	-1.82985	12.6552	14.4851
BLOCK22/SES221/SA221S15	SES143	-3.47167	11.0134	14.4851
BLOCK22/SES221/SA221S15	SES175	-1.79843	12.6866	14.4851
BLOCK22/SES221/SA221S15	SES187	-3.09377	11.3913	14.4851
BLOCK22/SES221/SA221S23	SES068	-2.37072	12.9014	15.2721
BLOCK22/SES221/SA221S23	SES143	-2.63456	12.6376	15.2721
BLOCK22/SES221/SA221S23	SES175	-0.918688	14.3535	15.2721
BLOCK22/SES221/SA221S23	SES189	-1.10087	14.1713	15.2721
BLOCK22/SES221/SA221S27	SES085	-1.47012	14.1714	15.6415
BLOCK22/SES221/SA221S27	SES143	-2.14708	13.4944	15.6415
BLOCK22/SES221/SA221S27	SES175	-1.1314	14.5101	15.6415
BLOCK22/SES221/SA221S27	SES189	-1.08516	14.5563	15.6415
BLOCK22/SES221/SA221S29	SES085	-1.58792	12.7885	14.3765
BLOCK22/SES221/SA221S29	SES143	-1.8693	12.5072	14.3765
BLOCK22/SES221/SA221S29	SES175	-0.997936	13.3785	14.3765
BLOCK22/SES221/SA221S29	SES187	-2.56794	11.8085	14.3765
BLOCK22/SES223/SA223S11	SES143	-2.07928	10.9931	13.0723
BLOCK22/SES223/SA223S11	SES144	-4.29012	8.78222	13.0723
BLOCK22/SES223/SA223S11	SES175	-1.70298	11.3694	13.0723
BLOCK22/SES223/SA223S11	SES187	-3.57976	9.49258	13.0723
BLOCK22/SES223/SA223S13	SES068	-2.57717	10.2717	12.8489
BLOCK22/SES223/SA223S13	SES143	-2.90389	9.94499	12.8489
BLOCK22/SES223/SA223S13	SES146	-3.31893	9.52995	12.8489
BLOCK22/SES223/SA223S13	SES202	-3.69537	9.15351	12.8489
BLOCK22/SES223/SA223S22	SES143	-2.2556	11.6476	13.9032
BLOCK22/SES223/SA223S22	SES144	-3.81281	10.0904	13.9032
BLOCK22/SES223/SA223S22	SES175	-2.01927	11.8839	13.9032
BLOCK22/SES223/SA223S22	SES187	-2.47176	11.4314	13.9032
BLOCK22/SES223/SA223S25	SES068	-2.24467	12.5978	14.8425
BLOCK22/SES223/SA223S25	SES143	-2.71255	12.13	14.8425
BLOCK22/SES223/SA223S25	SES175	-2.08155	12.761	14.8425
BLOCK22/SES223/SA223S25	SES187	-3.01811	11.8244	14.8425
BLOCK22/SES223/SA223S27	SES143	-1.82881	11.3362	13.165
BLOCK22/SES223/SA223S27	SES146	-2.56774	10.5972	13.165
BLOCK22/SES223/SA223S27	SES187	-2.93969	10.2253	13.165
BLOCK22/SES223/SA223S27	SES292	-2.01868	11.1463	13.165
BLOCK27/SES273/SA273S12	SES099	-1.19298	16.3514	17.5444
BLOCK27/SES273/SA273S12	SES104	-2.15221	15.3922	17.5444
BLOCK27/SES273/SA273S12	SES125	-2.54574	14.9987	17.5444
BLOCK27/SES273/SA273S12	SES206	-1.79075	15.7537	17.5444
BLOCK27/SES273/SA273S13	SES099	-1.65542	15.9194	17.5749
BLOCK27/SES273/SA273S13	SES104	-2.35064	15.2242	17.5749
BLOCK27/SES273/SA273S13	SES206	-1.6923	15.8826	17.5749
BLOCK27/SES273/SA273S13	SES292	-2.72906	14.8458	17.5749
BLOCK27/SES273/SA273S21	SES099	-1.35645	15.8599	17.2163
BLOCK27/SES273/SA273S21	SES148	-3.61726	13.5991	17.2163
BLOCK27/SES273/SA273S21	SES149	-3.27437	13.942	17.2163
BLOCK27/SES273/SA273S21	SES177	-3.1218	14.0945	17.2163
BLOCK27/SES273/SA273S25	SES104	-2.27065	14.3648	16.6355
BLOCK27/SES273/SA273S25	SES125	-2.77604	13.8595	16.6355
BLOCK27/SES273/SA273S25	SES158	-1.68554	14.95	16.6355
BLOCK27/SES273/SA273S25	SES206	-1.25249	15.383	16.6355
BLOCK27/SES273/SA273S27	SES099	-1.26985	15.2146	16.4844
BLOCK27/SES273/SA273S27	SES104	-2.29095	14.1935	16.4844
BLOCK27/SES273/SA273S27	SES149	-1.84233	14.6421	16.4844
BLOCK27/SES273/SA273S27	SES275	-2.639	13.8454	16.4844
BLOCK27/SES274/SA274S10	SES105	-2.90149	12.8801	15.7816
BLOCK27/SES274/SA274S10	SES125	-3.80704	11.9745	15.7816
BLOCK27/SES274/SA274S10	SES129	-1.11008	14.6715	15.7816
BLOCK27/SES274/SA274S10	SES158	-4.57652	11.2051	15.7816
BLOCK27/SES274/SA274S11	SES105	-2.31659	13.7875	16.1041
BLOCK27/SES274/SA274S11	SES149	-2.62541	13.4787	16.1041
BLOCK27/SES274/SA274S11	SES158	-3.32533	12.7788	16.1041
BLOCK27/SES274/SA274S11	SES275	-1.17682	14.9273	16.1041
BLOCK27/SES274/SA274S21	SES105	-3.44918	12.4581	15.9073
BLOCK27/SES274/SA274S21	SES129	-1.61225	14.2951	15.9073
BLOCK27/SES274/SA274S21	SES149	-2.71242	13.1949	15.9073
BLOCK27/SES274/SA274S21	SES158	-5.19898	10.7083	15.9073
BLOCK27/SES274/SA274S24	SES105	-2.79844	14.14	16.9385
BLOCK27/SES274/SA274S24	SES129	-1.40692	15.5315	16.9385
BLOCK27/SES274/SA274S24	SES149	-2.93791	14.0006	16.9385
BLOCK27/SES274/SA274S24	SES158	-5.65337	11.2851	16.9385
BLOCK27/SES274/SA274S29	SES105	-2.74361	12.8134	15.557
BLOCK27/SES274/SA274S29	SES106	-4.14438	11.4126	15.557
BLOCK27/SES274/SA274S29	SES120	-2.33861	13.2184	15.557
BLOCK27/SES274/SA274S29	SES275	-2.29101	13.266	15.557
BLOCK27/SES276/SA276S16	SES148	-2.82849	12.3948	15.2233
BLOCK27/SES276/SA276S16	SES172	-2.57876	12.6445	15.2233
BLOCK27/SES276/SA276S16	SES180	-3.34657	11.8767	15.2233
BLOCK27/SES276/SA276S16	SES292	-2.61797	12.6053	15.2233
BLOCK27/SES276/SA276S17	SES101	-2.60604	13.1236	15.7296
BLOCK27/SES276/SA276S17	SES177	-2.85494	12.8747	15.7296
BLOCK27/SES276/SA276S17	SES180	-2.64989	13.0797	15.7296
BLOCK27/SES276/SA276S17	SES292	-2.46588	13.2637	15.7296
BLOCK27/SES276/SA276S24	SES101	-2.16843	14.0991	16.2675
BLOCK27/SES276/SA276S24	SES177	-1.81917	14.4483	16.2675
BLOCK27/SES276/SA276S24	SES180	-2.98062	13.2869	16.2675
BLOCK27/SES276/SA276S24	SES292	-3.46255	12.805	16.2675
BLOCK27/SES276/SA276S26	SES101	-2.91022	14.0392	16.9494
BLOCK27/SES276/SA276S26	SES177	-1.68308	15.2663	16.9494
BLOCK27/SES276/SA276S26	SES180	-1.28375	15.6656	16.9494
BLOCK27/SES276/SA276S26	SES292	-0.925579	16.0238	16.9494
BLOCK27/SES276/SA276S28	SES101	-2.3787	13.8166	16.1953
BLOCK27/SES276/SA276S28	SES177	-3.0542	13.1411	16.1953
BLOCK27/SES276/SA276S28	SES180	-1.66465	14.5306	16.1953
BLOCK27/SES276/SA276S28	SES292	-2.37748	13.8178	16.1953
BLOCK27/SES277/SA277S12	SES101	-2.16146	11.5128	13.6742
BLOCK27/SES277/SA277S12	SES177	-2.92407	10.7501	13.6742
BLOCK27/SES277/SA277S12	SES180	-4.00793	9.66628	13.6742
BLOCK27/SES277/SA277S12	SES292	-4.01671	9.65751	13.6742
BLOCK27/SES277/SA277S14	SES177	-2.2776	10.8372	13.1148
BLOCK27/SES277/SA277S14	SES180	-3.82866	9.28618	13.1148
BLOCK27/SES277/SA277S14	SES189	-1.25886	11.856	13.1148
BLOCK27/SES277/SA277S14	SES292	-3.64185	9.47299	13.1148
BLOCK27/SES277/SA277S21	SES177	-1.85162	13.0176	14.8693
BLOCK27/SES277/SA277S21	SES180	-3.23323	11.636	14.8693
BLOCK27/SES277/SA277S21	SES189	-1.02693	13.8423	14.8693
BLOCK27/SES277/SA277S21	SES292	-3.7309	11.1384	14.8693
BLOCK27/SES277/SA277S24	SES144	-2.8401	10.2753	13.1154
BLOCK27/SES277/SA277S24	SES177	-2.56456	10.5508	13.1154
BLOCK27/SES277/SA277S24	SES180	-4.52856	8.58684	13.1154
BLOCK27/SES277/SA277S24	SES189	-1.92919	11.1862	13.1154
BLOCK27/SES277/SA277S29	SES177	-2.32031	13.6064	15.9267
BLOCK27/SES277/SA277S29	SES180	-3.58303	12.3437	15.9267
BLOCK27/SES277/SA277S29	SES202	-2.73923	13.1875	15.9267
BLOCK27/SES277/SA277S29	SES292	-3.4626	12.4641	15.9267
BLOCK27/SES279/SA279S09	SES120	-2.32545	13.295	15.6204
BLOCK27/SES279/SA279S09	SES146	-2.8375	12.7829	15.6204
BLOCK27/SES279/SA279S09	SES206	-2.92111	12.6993	15.6204
BLOCK27/SES279/SA279S09	SES226	-3.66359	11.9568	15.6204
BLOCK27/SES279/SA279S10	SES099	-1.67483	14.3518	16.0266
BLOCK27/SES279/SA279S10	SES206	-2.18746	13.8392	16.0266
BLOCK27/SES279/SA279S10	SES226	-3.39245	12.6342	16.0266
BLOCK27/SES279/SA279S10	SES292	-1.15038	14.8763	16.0266
BLOCK27/SES279/SA279S20	SES099	-3.15576	12.7019	15.8577
BLOCK27/SES279/SA279S20	SES206	-1.63024	14.2274	15.8577
BLOCK27/SES279/SA279S20	SES226	-3.48104	12.3766	15.8577
BLOCK27/SES279/SA279S20	SES292	-1.60462	14.253	15.8577
BLOCK27/SES279/SA279S26	SES099	-1.94853	13.7182	15.6667
BLOCK27/SES279/SA279S26	SES206	-1.22845	14.4383	15.6667
BLOCK27/SES279/SA279S26	SES226	-3.38248	12.2842	15.6667
BLOCK27/SES279/SA279S26	SES292	-1.40564	14.2611	15.6667
BLOCK27/SES279/SA279S28	SES099	-1.7952	15.6461	17.4413
BLOCK27/SES279/SA279S28	SES120	-2.1224	15.3189	17.4413
BLOCK27/SES279/SA279S28	SES177	-2.46616	14.9752	17.4413
BLOCK27/SES279/SA279S28	SES206	-1.73382	15.7075	17.4413
BLOCK29/SES290/SA290S12	SES162	-1.562	13.4868	15.0488
BLOCK29/SES290/SA290S12	SES177	-1.46067	13.5881	15.0488
BLOCK29/SES290/SA290S12	SES180	-2.66848	12.3803	15.0488
BLOCK29/SES290/SA290S12	SES292	-2.54814	12.5006	15.0488
BLOCK29/SES290/SA290S13	SES007	-1.78223	13.3853	15.1676
BLOCK29/SES290/SA290S13	SES162	-3.34346	11.8241	15.1676
BLOCK29/SES290/SA290S13	SES177	-1.6918	13.4758	15.1676
BLOCK29/SES290/SA290S13	SES180	-2.06225	13.1053	15.1676
BLOCK29/SES290/SA290S22	SES177	-1.33231	13.1199	14.4522
BLOCK29/SES290/SA290S22	SES180	-2.37086	12.0813	14.4522
BLOCK29/SES290/SA290S22	SES202	-2.25222	12.2	14.4522
BLOCK29/SES290/SA290S22	SES292	-2.1789	12.2733	14.4522
BLOCK29/SES290/SA290S25	SES162	-2.01044	13.7803	15.7908
BLOCK29/SES290/SA290S25	SES177	-2.05649	13.7343	15.7908
BLOCK29/SES290/SA290S25	SES180	-2.1275	13.6633	15.7908
BLOCK29/SES290/SA290S25	SES292	-2.06126	13.7295	15.7908
BLOCK29/SES290/SA290S29	SES177	-1.3135	13.5974	14.9109
BLOCK29/SES290/SA290S29	SES180	-1.92273	12.9882	14.9109
BLOCK29/SES290/SA290S29	SES275	-2.26279	12.6481	14.9109
BLOCK29/SES290/SA290S29	SES292	-1.86354	13.0474	14.9109
BLOCK29/SES291/SA291S11	SES105	-3.94678	10.3684	14.3152
BLOCK29/SES291/SA291S11	SES125	-2.41556	11.8996	14.3152
BLOCK29/SES291/SA291S11	SES158	-2.57075	11.7444	14.3152
BLOCK29/SES291/SA291S11	SES275	-4.0439	10.2712	14.3152
BLOCK29/SES291/SA291S12	SES158	-0.221334	14.2039	14.4252
BLOCK29/SES291/SA291S12	SES226	-2.90376	11.5215	14.4252
BLOCK29/SES291/SA291S12	SES270	-0.67766	13.7476	14.4252
BLOCK29/SES291/SA291S12	SES275	-4.68075	9.74449	14.4252
BLOCK29/SES291/SA291S22	SES082	-2.50821	12.7598	15.268
BLOCK29/SES291/SA291S22	SES158	-2.29402	12.9739	15.268
BLOCK29/SES291/SA291S22	SES259	-3.34796	11.92	15.268
BLOCK29/SES291/SA291S22	SES275	-4.27581	10.9922	15.268
BLOCK29/SES291/SA291S24	SES104	-1.03316	15.5511	16.5842
BLOCK29/SES291/SA291S24	SES125	-2.16016	14.4241	16.5842
BLOCK29/SES291/SA291S24	SES158	-1.21312	15.3711	16.5842
BLOCK29/SES291/SA291S24	SES275	-4.67561	11.9086	16.5842
BLOCK29/SES291/SA291S27	SES158	-0.957439	15.1586	16.116
BLOCK29/SES291/SA291S27	SES172	-5.60055	10.5154	16.116
BLOCK29/SES291/SA291S27	SES275	-4.79092	11.3251	16.116
BLOCK29/SES291/SA291S27	SES292	-3.14382	12.9722	16.116
Threshold search:
THR	-6.64629090062	9	0(0)	1(1000)
THR	-6.5372845916138	8.982	0(0)	0.998(998)
THR	-6.4282782826076	8.982	0(0)	0.998(998)
THR	-6.3192719736014	8.973	0(0)	0.997(997)
THR	-6.2102656645952	8.964	0(0)	0.996(996)
THR	-6.101259355589	8.964	0(0)	0.996(996)
THR	-5.9922530465828	8.964	0(0)	0.996(996)
THR	-5.8832467375766	8.955	0(0)	0.995(995)
THR	-5.7742404285704	8.955	0(0)	0.995(995)
THR	-5.6652341195642	8.955	0(0)	0.995(995)
THR	-5.556227810558	8.937	0(0)	0.993(993)
THR	-5.4472215015518	8.937	0(0)	0.993(993)
THR	-5.3382151925456	8.928	0(0)	0.992(992)
THR	-5.2292088835394	8.919	0(0)	0.991(991)
THR	-5.1202025745332	8.874	0(0)	0.986(986)
THR	-5.011196265527	8.838	0(0)	0.982(982)
THR	-4.9021899565208	8.784	0(0)	0.976(976)
THR	-4.7931836475146	8.766	0(0)	0.974(974)
THR	-4.6841773385084	8.694	0(0)	0.966(966)
THR	-4.5751710295022	8.622	0(0)	0.958(958)
THR	-4.466164720496	8.559	0(0)	0.951(951)
THR	-4.3571584114898	8.496	0(0)	0.944(944)
THR	-4.2481521024836	8.388	0(0)	0.932(932)
THR	-4.1391457934774	8.334	0(0)	0.926(926)
THR	-4.0301394844712	8.208	0(0)	0.912(912)
THR	-3.921133175465	8.091	0(0)	0.899(899)
THR	-3.8121268664588	7.92	0(0)	0.88(880)
THR	-3.7031205574526	7.713	0(0)	0.857(857)
THR	-3.5941142484464	7.452	0(0)	0.828(828)
THR	-3.4851079394402	7.173	0(0)	0.797(797)
THR	-3.376101630434	6.804	0(0)	0.756(756)
THR	-3.2670953214278	6.462	0(0)	0.718(718)
THR	-3.1580890124216	6.237	0(0)	0.693(693)
THR	-3.0490827034154	5.994	0(0)	0.666(666)
THR	-2.9400763944092	5.643	0(0)	0.627(627)
THR	-2.831070085403	5.166	0(0)	0.574(574)
THR	-2.7220637763968	4.851	0(0)	0.539(539)
THR	-2.6130574673906	4.284	0(0)	0.476(476)
THR	-2.5040511583844	3.888	0(0)	0.432(432)
THR	-2.3950448493782	3.492	0(0)	0.388(388)
THR	-2.286038540372	3.033	0(0)	0.337(337)
THR	-2.1770322313658	2.646	0(0)	0.294(294)
THR	-2.0680259223596	2.286	0(0)	0.254(254)
THR	-1.9590196133534	2.016	0(0)	0.224(224)
THR	-1.8500133043472	1.701	0(0)	0.189(189)
THR	-1.741006995341	1.404	0(0)	0.156(156)
THR	-1.63200068633479	1.116	0(0)	0.124(124)
THR	-1.52299437732859	0.918	0(0)	0.102(102)
THR	-1.41398806832239	0.783	0(0)	0.087(87)
THR	-1.30498175931619	0.594	0(0)	0.066(66)
THR	-1.19597545030999	0.445	0.004(1)	0.049(49)
THR	-1.08696914130379	0.274	0.004(1)	0.03(30)
THR	-0.977962832297594	0.184	0.004(1)	0.02(20)
THR	-0.868956523291394	0.076	0.004(1)	0.008(8)
THR	-0.759950214285194	0.049	0.004(1)	0.005(5)
THR	-0.650943905278994	0.035	0.008(2)	0.003(3)
THR	-0.541937596272794	0.043	0.016(4)	0.003(3)
THR	-0.432931287266594	0.042	0.024(6)	0.002(2)
THR	-0.323924978260394	0.046	0.028(7)	0.002(2)
THR	-0.214918669254194	0.065	0.056(14)	0.001(1)
THR	-0.105912360247994	0.081	0.072(18)	0.001(1)
THR	0.00309394875820579	0.084	0.084(21)	0(0)
THR	0.112100257764406	0.116	0.116(29)	0(0)
THR	0.221106566770606	0.144	0.144(36)	0(0)
THR	0.330112875776806	0.18	0.18(45)	0(0)
THR	0.439119184783006	0.216	0.216(54)	0(0)
THR	0.548125493789206	0.264	0.264(66)	0(0)
THR	0.657131802795406	0.3	0.3(75)	0(0)
THR	0.766138111801606	0.332	0.332(83)	0(0)
THR	0.875144420807806	0.384	0.384(96)	0(0)
THR	0.984150729814006	0.44	0.44(110)	0(0)
THR	1.09315703882021	0.512	0.512(128)	0(0)
THR	1.20216334782641	0.564	0.564(141)	0(0)
THR	1.31116965683261	0.6	0.6(150)	0(0)
THR	1.42017596583881	0.648	0.648(162)	0(0)
THR	1.52918227484501	0.684	0.684(171)	0(0)
THR	1.63818858385121	0.728	0.728(182)	0(0)
THR	1.74719489285741	0.78	0.78(195)	0(0)
THR	1.85620120186361	0.832	0.832(208)	0(0)
THR	1.96520751086981	0.86	0.86(215)	0(0)
THR	2.07421381987601	0.872	0.872(218)	0(0)
THR	2.18322012888221	0.9	0.9(225)	0(0)
THR	2.29222643788841	0.92	0.92(230)	0(0)
THR	2.40123274689461	0.936	0.936(234)	0(0)
THR	2.51023905590081	0.944	0.944(236)	0(0)
THR	2.61924536490701	0.96	0.96(240)	0(0)
THR	2.72825167391321	0.964	0.964(241)	0(0)
THR	2.83725798291941	0.976	0.976(244)	0(0)
THR	2.94626429192561	0.976	0.976(244)	0(0)
THR	3.05527060093181	0.98	0.98(245)	0(0)
THR	3.16427690993801	0.984	0.984(246)	0(0)
THR	3.27328321894421	0.984	0.984(246)	0(0)
THR	3.38228952795041	0.992	0.992(248)	0(0)
THR	3.49129583695661	0.992	0.992(248)	0(0)
THR	3.60030214596281	0.992	0.992(248)	0(0)
THR	3.70930845496901	0.992	0.992(248)	0(0)
THR	3.81831476397521	0.992	0.992(248)	0(0)
THR	3.92732107298141	0.992	0.992(248)	0(0)
THR	4.03632738198761	0.992	0.992(248)	0(0)
THR	4.14533369099381	0.996	0.996(249)	0(0)
THR	4.25434000000001	1	1(250)	0(0)


==============================================
THR: -0.650943905278994
Missed:     2/250=0.0080
FalseAlarm: 3/1000=0.0030
----------------------------------------------
==> CostDetection: 3.5
==============================================
