BLOCK00/SES002/SA002S12	SES002	1.20675	-60.9804	-62.1871
BLOCK00/SES002/SA002S13	SES002	2.1645	-60.735	-62.8995
BLOCK00/SES002/SA002S23	SES002	1.28998	-60.8512	-62.1412
BLOCK00/SES002/SA002S26	SES002	2.06994	-60.2661	-62.336
BLOCK00/SES002/SA002S28	SES002	1.25524	-62.3562	-63.6114
BLOCK00/SES007/SA007S14	SES007	1.90639	-60.624	-62.5304
BLOCK00/SES007/SA007S15	SES007	0.989811	-62.8921	-63.8819
BLOCK00/SES007/SA007S24	SES007	0.581745	-63.1102	-63.6919
BLOCK00/SES007/SA007S27	SES007	0.39045	-63.5792	-63.9697
BLOCK00/SES007/SA007S29	SES007	0.650448	-62.3284	-62.9789
BLOCK00/SES008/SA008S11	SES008	1.22294	-62.5672	-63.7902
BLOCK00/SES008/SA008S12	SES008	0.421696	-63.3547	-63.7764
BLOCK00/SES008/SA008S19	SES008	2.2393	-61.2195	-63.4588
BLOCK00/SES008/SA008S22	SES008	0.767395	-63.4007	-64.1681
BLOCK00/SES008/SA008S29	SES008	1.34599	-61.8098	-63.1558
BLOCK01/SES014/SA014S10	SES014	2.48683	-61.8276	-64.3145
BLOCK01/SES014/SA014S12	SES014	3.43895	-58.6575	-62.0964
BLOCK01/SES014/SA014S24	SES014	1.25983	-61.3879	-62.6478
BLOCK01/SES014/SA014S26	SES014	2.77911	-57.9563	-60.7355
BLOCK01/SES014/SA014S28	SES014	3.20996	-58.9775	-62.1875
BLOCK01/SES016/SA016S12	SES016	1.01919	-65.1523	-66.1715
BLOCK01/SES016/SA016S13	SES016	1.55376	-63.2963	-64.8501
BLOCK01/SES016/SA016S22	SES016	1.01936	-63.9955	-65.0149
BLOCK01/SES016/SA016S25	SES016	2.09251	-60.6758	-62.7683
BLOCK01/SES016/SA016S27	SES016	1.43359	-61.3938	-62.8274
BLOCK01/SES019/SA019S13	SES019	2.99893	-61.9156	-64.9145
BLOCK01/SES019/SA019S14	SES019	2.23554	-61.9417	-64.1772
BLOCK01/SES019/SA019S22	SES019	2.67752	-61.6832	-64.3607
BLOCK01/SES019/SA019S25	SES019	2.367	-62.0649	-64.4319
BLOCK01/SES019/SA019S29	SES019	3.3673	-61.212	-64.5793
BLOCK02/SES029/SA029S11	SES029	1.33787	-62.428	-63.7658
BLOCK02/SES029/SA029S12	SES029	0.204548	-63.247	-63.4515
BLOCK02/SES029/SA029S20	SES029	0.526436	-63.8877	-64.4141
BLOCK02/SES029/SA029S25	SES029	0.617641	-62.4342	-63.0518
BLOCK02/SES029/SA029S28	SES029	0.285564	-63.1726	-63.4581
BLOCK04/SES042/SA042S12	SES042	2.31012	-59.7191	-62.0292
BLOCK04/SES042/SA042S15	SES042	2.05408	-60.834	-62.8881
BLOCK04/SES042/SA042S22	SES042	3.508	-57.7214	-61.2294
BLOCK04/SES042/SA042S25	SES042	1.96861	-61.1867	-63.1553
BLOCK04/SES042/SA042S27	SES042	2.20004	-59.4309	-61.6309
BLOCK04/SES048/SA048S11	SES048	1.44942	-61.7283	-63.1777
BLOCK04/SES048/SA048S12	SES048	0.812202	-62.0128	-62.825
BLOCK04/SES048/SA048S20	SES048	0.921005	-61.9106	-62.8316
BLOCK04/SES048/SA048S23	SES048	1.13783	-62.5243	-63.6621
BLOCK04/SES048/SA048S27	SES048	1.48221	-60.468	-61.9502
BLOCK06/SES060/SA060S11	SES060	2.02829	-62.1953	-64.2236
BLOCK06/SES060/SA060S12	SES060	-0.88126	-64.4098	-63.5285
BLOCK06/SES060/SA060S22	SES060	-0.24913	-65.6499	-65.4007
BLOCK06/SES060/SA060S24	SES060	0.607864	-62.8231	-63.431
BLOCK06/SES060/SA060S28	SES060	1.24787	-59.7749	-61.0227
BLOCK06/SES062/SA062S10	SES062	1.29678	-61.9517	-63.2485
BLOCK06/SES062/SA062S11	SES062	1.73869	-61.9557	-63.6944
BLOCK06/SES062/SA062S21	SES062	2.4122	-59.0281	-61.4403
BLOCK06/SES062/SA062S26	SES062	0.792747	-61.6285	-62.4212
BLOCK06/SES062/SA062S29	SES062	1.95225	-60.2454	-62.1976
BLOCK06/SES068/SA068S14	SES068	0.82238	-62.5824	-63.4048
BLOCK06/SES068/SA068S15	SES068	1.74998	-60.8463	-62.5963
BLOCK06/SES068/SA068S23	SES068	0.989056	-63.2052	-64.1943
BLOCK06/SES068/SA068S27	SES068	1.99035	-61.2931	-63.2835
BLOCK06/SES068/SA068S29	SES068	0.902672	-62.3105	-63.2132
BLOCK08/SES082/SA082S12	SES082	0.474438	-63.2947	-63.7691
BLOCK08/SES082/SA082S14	SES082	-0.0400772	-63.7913	-63.7512
BLOCK08/SES082/SA082S21	SES082	0.817268	-62.8562	-63.6735
BLOCK08/SES082/SA082S24	SES082	1.28991	-61.6172	-62.9071
BLOCK08/SES082/SA082S28	SES082	0.0623131	-63.1207	-63.183
BLOCK08/SES083/SA083S14	SES083	-0.182991	-63.304	-63.121
BLOCK08/SES083/SA083S15	SES083	0.430836	-62.5448	-62.9756
BLOCK08/SES083/SA083S24	SES083	0.0852165	-63.1625	-63.2477
BLOCK08/SES083/SA083S26	SES083	0.349628	-63.118	-63.4676
BLOCK08/SES083/SA083S29	SES083	0.0860901	-63.0817	-63.1678
BLOCK08/SES085/SA085S10	SES085	0.382042	-62.9647	-63.3468
BLOCK08/SES085/SA085S13	SES085	0.884624	-63.103	-63.9876
BLOCK08/SES085/SA085S22	SES085	-4.43112	-67.9563	-63.5252
BLOCK08/SES085/SA085S26	SES085	-0.382442	-63.6211	-63.2387
BLOCK08/SES085/SA085S28	SES085	0.330116	-63.1094	-63.4395
BLOCK08/SES087/SA087S15	SES087	1.84869	-61.4951	-63.3438
BLOCK08/SES087/SA087S16	SES087	1.86981	-61.5029	-63.3727
BLOCK08/SES087/SA087S24	SES087	2.05973	-61.0938	-63.1535
BLOCK08/SES087/SA087S26	SES087	1.65707	-60.2214	-61.8785
BLOCK08/SES087/SA087S29	SES087	1.7944	-61.6469	-63.4413
BLOCK09/SES099/SA099S15	SES099	1.47054	-62.4192	-63.8898
BLOCK09/SES099/SA099S16	SES099	1.61877	-61.8265	-63.4452
BLOCK09/SES099/SA099S24	SES099	1.79971	-61.3334	-63.1331
BLOCK09/SES099/SA099S26	SES099	1.57732	-61.5859	-63.1633
BLOCK09/SES099/SA099S29	SES099	2.13734	-60.8179	-62.9552
BLOCK10/SES101/SA101S11	SES101	-0.665104	-63.2652	-62.6001
BLOCK10/SES101/SA101S13	SES101	1.00486	-61.2669	-62.2718
BLOCK10/SES101/SA101S22	SES101	1.13312	-63.1543	-64.2874
BLOCK10/SES101/SA101S24	SES101	0.78656	-62.7803	-63.5669
BLOCK10/SES101/SA101S28	SES101	0.0177765	-64.0133	-64.0311
BLOCK10/SES104/SA104S11	SES104	0.380745	-61.2957	-61.6764
BLOCK10/SES104/SA104S12	SES104	1.49508	-61.0577	-62.5528
BLOCK10/SES104/SA104S21	SES104	1.18933	-61.8177	-63.007
BLOCK10/SES104/SA104S24	SES104	0.6996	-62.0919	-62.7915
BLOCK10/SES104/SA104S28	SES104	1.22612	-61.4611	-62.6872
BLOCK10/SES105/SA105S12	SES105	0.857174	-63.7211	-64.5782
BLOCK10/SES105/SA105S13	SES105	0.959415	-63.3385	-64.2979
BLOCK10/SES105/SA105S22	SES105	0.0716553	-64.7001	-64.7717
BLOCK10/SES105/SA105S26	SES105	1.28954	-63.136	-64.4256
BLOCK10/SES105/SA105S29	SES105	0.587723	-63.3933	-63.981
BLOCK10/SES106/SA106S09	SES106	0.506737	-63.6228	-64.1296
BLOCK10/SES106/SA106S11	SES106	1.34582	-60.983	-62.3288
BLOCK10/SES106/SA106S22	SES106	2.77445	-61.2259	-64.0003
BLOCK10/SES106/SA106S27	SES106	1.00525	-62.6015	-63.6068
BLOCK10/SES106/SA106S29	SES106	0.619007	-62.4359	-63.0549
BLOCK11/SES117/SA117S12	SES117	-0.228729	-65.0842	-64.8555
BLOCK11/SES117/SA117S13	SES117	0.360664	-63.5615	-63.9221
BLOCK11/SES117/SA117S23	SES117	1.81281	-65.0902	-66.903
BLOCK11/SES117/SA117S25	SES117	1.28261	-64.1908	-65.4735
BLOCK11/SES117/SA117S28	SES117	1.33621	-64.6347	-65.9709
BLOCK12/SES120/SA120S08	SES120	1.81882	-64.3272	-66.1461
BLOCK12/SES120/SA120S11	SES120	0.0554886	-66.7687	-66.8242
BLOCK12/SES120/SA120S22	SES120	0.60952	-63.4272	-64.0367
BLOCK12/SES120/SA120S24	SES120	0.817944	-63.4576	-64.2756
BLOCK12/SES120/SA120S28	SES120	0.101486	-65.8866	-65.9881
BLOCK12/SES125/SA125S13	SES125	2.2107	-60.5399	-62.7506
BLOCK12/SES125/SA125S14	SES125	1.06208	-61.9306	-62.9927
BLOCK12/SES125/SA125S25	SES125	2.08722	-60.7378	-62.825
BLOCK12/SES125/SA125S27	SES125	2.45389	-59.9528	-62.4067
BLOCK12/SES125/SA125S29	SES125	1.95559	-61.0372	-62.9928
BLOCK12/SES127/SA127S11	SES127	1.14281	-62.9671	-64.1099
BLOCK12/SES127/SA127S12	SES127	-0.0590744	-63.0702	-63.0111
BLOCK12/SES127/SA127S23	SES127	0.98278	-62.789	-63.7718
BLOCK12/SES127/SA127S25	SES127	0.173328	-63.7143	-63.8877
BLOCK12/SES127/SA127S27	SES127	1.68222	-62.2526	-63.9348
BLOCK12/SES129/SA129S11	SES129	1.70794	-61.8043	-63.5123
BLOCK12/SES129/SA129S12	SES129	1.43061	-62.0985	-63.5291
BLOCK12/SES129/SA129S22	SES129	1.25774	-62.4612	-63.719
BLOCK12/SES129/SA129S27	SES129	2.03889	-61.1028	-63.1417
BLOCK12/SES129/SA129S29	SES129	1.87181	-61.1374	-63.0093
BLOCK14/SES142/SA142S11	SES142	3.11255	-62.7529	-65.8654
BLOCK14/SES142/SA142S12	SES142	1.32436	-65.0119	-66.3363
BLOCK14/SES142/SA142S24	SES142	2.88839	-62.5359	-65.4243
BLOCK14/SES142/SA142S27	SES142	3.05992	-62.3405	-65.4004
BLOCK14/SES142/SA142S29	SES142	3.95618	-61.0994	-65.0556
BLOCK14/SES143/SA143S12	SES143	1.45493	-63.7016	-65.1565
BLOCK14/SES143/SA143S13	SES143	0.786552	-64.1018	-64.8883
BLOCK14/SES143/SA143S23	SES143	1.16005	-63.6926	-64.8526
BLOCK14/SES143/SA143S25	SES143	0.669704	-63.5091	-64.1788
BLOCK14/SES143/SA143S28	SES143	1.33617	-62.8622	-64.1984
BLOCK14/SES144/SA144S09	SES144	0.690754	-63.299	-63.9898
BLOCK14/SES144/SA144S11	SES144	1.01883	-63.8006	-64.8195
BLOCK14/SES144/SA144S21	SES144	0.433941	-63.802	-64.2359
BLOCK14/SES144/SA144S25	SES144	0.702248	-64.0772	-64.7794
BLOCK14/SES144/SA144S29	SES144	0.0675621	-63.7298	-63.7974
BLOCK14/SES146/SA146S14	SES146	0.848339	-63.8579	-64.7062
BLOCK14/SES146/SA146S15	SES146	0.540386	-63.8635	-64.4039
BLOCK14/SES146/SA146S24	SES146	0.512039	-64.0579	-64.57
BLOCK14/SES146/SA146S26	SES146	0.822151	-64.1067	-64.9289
BLOCK14/SES146/SA146S29	SES146	0.644012	-64.3491	-64.9931
BLOCK14/SES147/SA147S11	SES147	2.26388	-63.7144	-65.9783
BLOCK14/SES147/SA147S13	SES147	2.90009	-62.2925	-65.1926
BLOCK14/SES147/SA147S23	SES147	1.58021	-63.9758	-65.556
BLOCK14/SES147/SA147S26	SES147	1.59772	-64.1208	-65.7186
BLOCK14/SES147/SA147S28	SES147	2.03569	-62.8767	-64.9124
BLOCK14/SES148/SA148S10	SES148	1.45642	-62.5305	-63.9869
BLOCK14/SES148/SA148S12	SES148	0.945972	-63.6454	-64.5914
BLOCK14/SES148/SA148S22	SES148	1.60125	-61.4736	-63.0748
BLOCK14/SES148/SA148S26	SES148	0.865253	-62.3391	-63.2043
BLOCK14/SES148/SA148S29	SES148	0.831081	-63.3648	-64.1958
BLOCK14/SES149/SA149S13	SES149	-0.113895	-63.2686	-63.1547
BLOCK14/SES149/SA149S14	SES149	-0.0522919	-63.0459	-62.9936
BLOCK14/SES149/SA149S24	SES149	1.34592	-61.9338	-63.2797
BLOCK14/SES149/SA149S26	SES149	2.12305	-60.9577	-63.0808
BLOCK14/SES149/SA149S28	SES149	2.61773	-60.0712	-62.6889
BLOCK15/SES158/SA158S13	SES158	1.07991	-62.8023	-63.8822
BLOCK15/SES158/SA158S14	SES158	2.14127	-62.0709	-64.2122
BLOCK15/SES158/SA158S23	SES158	1.13512	-62.4057	-63.5408
BLOCK15/SES158/SA158S26	SES158	1.563	-62.1124	-63.6754
BLOCK15/SES158/SA158S28	SES158	0.921124	-62.9385	-63.8596
BLOCK16/SES162/SA162S10	SES162	1.17813	-64.3722	-65.5503
BLOCK16/SES162/SA162S11	SES162	1.34334	-63.0409	-64.3842
BLOCK16/SES162/SA162S21	SES162	2.07552	-62.5588	-64.6343
BLOCK16/SES162/SA162S24	SES162	1.71165	-63.1577	-64.8693
BLOCK16/SES162/SA162S27	SES162	1.92324	-63.2052	-65.1285
BLOCK16/SES167/SA167S14	SES167	0.956181	-62.1136	-63.0698
BLOCK16/SES167/SA167S15	SES167	1.72985	-62.7927	-64.5225
BLOCK16/SES167/SA167S21	SES167	1.21735	-62.15	-63.3673
BLOCK16/SES167/SA167S25	SES167	2.20989	-62.4605	-64.6704
BLOCK16/SES167/SA167S29	SES167	2.33396	-60.8886	-63.2226
BLOCK17/SES172/SA172S12	SES172	1.63691	-62.0925	-63.7294
BLOCK17/SES172/SA172S13	SES172	2.06639	-63.0633	-65.1297
BLOCK17/SES172/SA172S23	SES172	0.634987	-62.0066	-62.6416
BLOCK17/SES172/SA172S27	SES172	0.851822	-63.1239	-63.9757
BLOCK17/SES172/SA172S29	SES172	1.89298	-62.0666	-63.9596
BLOCK17/SES175/SA175S11	SES175	1.37304	-63.027	-64.4001
BLOCK17/SES175/SA175S13	SES175	1.04005	-62.9597	-63.9997
BLOCK17/SES175/SA175S23	SES175	1.87428	-62.692	-64.5663
BLOCK17/SES175/SA175S25	SES175	0.831871	-65.1919	-66.0238
BLOCK17/SES175/SA175S28	SES175	1.65256	-62.4796	-64.1322
BLOCK17/SES177/SA177S15	SES177	-0.0109215	-63.8352	-63.8242
BLOCK17/SES177/SA177S17	SES177	0.719929	-63.0648	-63.7847
BLOCK17/SES177/SA177S23	SES177	0.265594	-63.8018	-64.0674
BLOCK17/SES177/SA177S26	SES177	1.15716	-61.3693	-62.5264
BLOCK17/SES177/SA177S28	SES177	1.07376	-62.0306	-63.1043
BLOCK18/SES180/SA180S13	SES180	1.26188	-63.0536	-64.3155
BLOCK18/SES180/SA180S15	SES180	0.749271	-63.8307	-64.58
BLOCK18/SES180/SA180S24	SES180	1.23837	-61.9959	-63.2342
BLOCK18/SES180/SA180S26	SES180	0.791451	-62.8129	-63.6043
BLOCK18/SES180/SA180S29	SES180	1.46249	-63.5604	-65.0229
BLOCK18/SES183/SA183S13	SES183	1.28343	-63.9573	-65.2407
BLOCK18/SES183/SA183S14	SES183	0.601555	-63.9305	-64.5321
BLOCK18/SES183/SA183S24	SES183	0.969185	-64.503	-65.4721
BLOCK18/SES183/SA183S27	SES183	1.35719	-63.1168	-64.474
BLOCK18/SES183/SA183S29	SES183	1.02485	-63.0701	-64.095
BLOCK18/SES187/SA187S13	SES187	1.10265	-64.1248	-65.2274
BLOCK18/SES187/SA187S14	SES187	1.02929	-64.2366	-65.2659
BLOCK18/SES187/SA187S24	SES187	1.72721	-63.1844	-64.9116
BLOCK18/SES187/SA187S27	SES187	1.58173	-63.0636	-64.6453
BLOCK18/SES187/SA187S29	SES187	1.01762	-63.6885	-64.7061
BLOCK18/SES189/SA189S10	SES189	1.78506	-65.4181	-67.2031
BLOCK18/SES189/SA189S13	SES189	2.90053	-65.3516	-68.2521
BLOCK18/SES189/SA189S24	SES189	2.7857	-64.6899	-67.4756
BLOCK18/SES189/SA189S26	SES189	1.49381	-64.4833	-65.9771
BLOCK18/SES189/SA189S29	SES189	2.78595	-63.6415	-66.4275
BLOCK20/SES202/SA202S12	SES202	1.44203	-64.6132	-66.0552
BLOCK20/SES202/SA202S14	SES202	3.47599	-61.4329	-64.9089
BLOCK20/SES202/SA202S24	SES202	2.49411	-62.6343	-65.1284
BLOCK20/SES202/SA202S27	SES202	2.47002	-61.1753	-63.6453
BLOCK20/SES202/SA202S29	SES202	2.95676	-61.0031	-63.9599
BLOCK20/SES206/SA206S15	SES206	-0.00133896	-62.3807	-62.3793
BLOCK20/SES206/SA206S17	SES206	1.79387	-60.2193	-62.0131
BLOCK20/SES206/SA206S24	SES206	1.4076	-60.4497	-61.8573
BLOCK20/SES206/SA206S27	SES206	1.44267	-60.8365	-62.2792
BLOCK20/SES206/SA206S29	SES206	1.58968	-59.7497	-61.3394
BLOCK22/SES226/SA226S12	SES226	1.44771	-62.3017	-63.7495
BLOCK22/SES226/SA226S13	SES226	-0.971416	-63.8611	-62.8897
BLOCK22/SES226/SA226S20	SES226	0.708839	-62.8096	-63.5184
BLOCK22/SES226/SA226S23	SES226	1.0529	-62.2142	-63.2671
BLOCK22/SES226/SA226S28	SES226	1.6008	-61.7348	-63.3356
BLOCK25/SES259/SA259S13	SES259	3.04061	-60.1223	-63.1629
BLOCK25/SES259/SA259S14	SES259	2.05236	-61.1862	-63.2386
BLOCK25/SES259/SA259S22	SES259	2.15252	-61.072	-63.2245
BLOCK25/SES259/SA259S24	SES259	2.51824	-59.8561	-62.3744
BLOCK25/SES259/SA259S28	SES259	1.75572	-60.7226	-62.4783
BLOCK27/SES270/SA270S14	SES270	2.23906	-62.3316	-64.5707
BLOCK27/SES270/SA270S16	SES270	0.434761	-63.0304	-63.4652
BLOCK27/SES270/SA270S22	SES270	2.34236	-61.4408	-63.7832
BLOCK27/SES270/SA270S26	SES270	1.38761	-63.1922	-64.5799
BLOCK27/SES270/SA270S28	SES270	1.08077	-61.9212	-63.0019
BLOCK27/SES275/SA275S17	SES275	1.36716	-63.458	-64.8252
BLOCK27/SES275/SA275S18	SES275	0.866753	-63.5407	-64.4074
BLOCK27/SES275/SA275S24	SES275	1.12947	-64.3839	-65.5134
BLOCK27/SES275/SA275S26	SES275	1.47853	-62.6415	-64.1201
BLOCK27/SES275/SA275S28	SES275	0.404068	-63.2113	-63.6154
BLOCK29/SES292/SA292S10	SES292	0.225838	-63.8617	-64.0875
BLOCK29/SES292/SA292S12	SES292	0.369736	-64.4212	-64.7909
BLOCK29/SES292/SA292S22	SES292	1.45754	-62.3936	-63.8511
BLOCK29/SES292/SA292S24	SES292	0.496613	-63.2537	-63.7503
BLOCK29/SES292/SA292S27	SES292	0.375652	-62.7515	-63.1272
BLOCK00/SES001/SA001S14	SES062	-2.22163	-67.0302	-64.8085
BLOCK00/SES001/SA001S14	SES082	-3.85877	-68.6673	-64.8085
BLOCK00/SES001/SA001S14	SES106	-4.12374	-68.9323	-64.8085
BLOCK00/SES001/SA001S14	SES206	-5.24364	-70.0522	-64.8085
BLOCK00/SES001/SA001S15	SES062	-3.0798	-66.3995	-63.3197
BLOCK00/SES001/SA001S15	SES104	-4.67476	-67.9944	-63.3197
BLOCK00/SES001/SA001S15	SES106	-3.53226	-66.852	-63.3197
BLOCK00/SES001/SA001S15	SES206	-5.20538	-68.5251	-63.3197
BLOCK00/SES001/SA001S24	SES062	-3.71455	-68.8761	-65.1616
BLOCK00/SES001/SA001S24	SES082	-3.80475	-68.9663	-65.1616
BLOCK00/SES001/SA001S24	SES087	-5.88111	-71.0427	-65.1616
BLOCK00/SES001/SA001S24	SES206	-4.12821	-69.2898	-65.1616
BLOCK00/SES001/SA001S27	SES062	-2.70644	-65.7152	-63.0087
BLOCK00/SES001/SA001S27	SES082	-4.03113	-67.0399	-63.0087
BLOCK00/SES001/SA001S27	SES087	-5.42812	-68.4369	-63.0087
BLOCK00/SES001/SA001S27	SES206	-4.56093	-67.5697	-63.0087
BLOCK00/SES001/SA001S29	SES062	-3.19872	-68.0535	-64.8548
BLOCK00/SES001/SA001S29	SES082	-3.23956	-68.0944	-64.8548
BLOCK00/SES001/SA001S29	SES158	-2.70335	-67.5582	-64.8548
BLOCK00/SES001/SA001S29	SES206	-5.94093	-70.7958	-64.8548
BLOCK00/SES003/SA003S11	SES002	-2.7743	-66.276	-63.5017
BLOCK00/SES003/SA003S11	SES019	-2.75787	-66.2595	-63.5017
BLOCK00/SES003/SA003S11	SES082	-0.729259	-64.2309	-63.5017
BLOCK00/SES003/SA003S11	SES125	-2.56661	-66.0683	-63.5017
BLOCK00/SES003/SA003S15	SES016	-5.55705	-68.6755	-63.1185
BLOCK00/SES003/SA003S15	SES019	-2.83328	-65.9518	-63.1185
BLOCK00/SES003/SA003S15	SES062	-3.16943	-66.2879	-63.1185
BLOCK00/SES003/SA003S15	SES206	-2.71162	-65.8301	-63.1185
BLOCK00/SES003/SA003S22	SES002	-4.44276	-67.9499	-63.5071
BLOCK00/SES003/SA003S22	SES062	-3.26125	-66.7684	-63.5071
BLOCK00/SES003/SA003S22	SES082	-1.35261	-64.8597	-63.5071
BLOCK00/SES003/SA003S22	SES087	-3.2869	-66.794	-63.5071
BLOCK00/SES003/SA003S25	SES062	-3.77561	-67.9301	-64.1545
BLOCK00/SES003/SA003S25	SES082	-1.37494	-65.5295	-64.1545
BLOCK00/SES003/SA003S25	SES087	-3.13884	-67.2934	-64.1545
BLOCK00/SES003/SA003S25	SES206	-3.6742	-67.8287	-64.1545
BLOCK00/SES003/SA003S29	SES002	-4.14679	-68.0417	-63.8949
BLOCK00/SES003/SA003S29	SES062	-3.16344	-67.0583	-63.8949
BLOCK00/SES003/SA003S29	SES082	-1.547	-65.4419	-63.8949
BLOCK00/SES003/SA003S29	SES087	-3.6206	-67.5155	-63.8949
BLOCK00/SES004/SA004S12	SES083	-2.22166	-67.362	-65.1404
BLOCK00/SES004/SA004S12	SES148	-1.75368	-66.894	-65.1404
BLOCK00/SES004/SA004S12	SES172	-1.86421	-67.0046	-65.1404
BLOCK00/SES004/SA004S12	SES292	-2.29931	-67.4397	-65.1404
BLOCK00/SES004/SA004S17	SES083	-2.28516	-67.4582	-65.1731
BLOCK00/SES004/SA004S17	SES162	-1.76149	-66.9346	-65.1731
BLOCK00/SES004/SA004S17	SES172	-2.16956	-67.3426	-65.1731
BLOCK00/SES004/SA004S17	SES292	-2.33081	-67.5039	-65.1731
BLOCK00/SES004/SA004S24	SES083	-2.03231	-66.7091	-64.6768
BLOCK00/SES004/SA004S24	SES148	-2.00336	-66.6801	-64.6768
BLOCK00/SES004/SA004S24	SES172	-1.56739	-66.2442	-64.6768
BLOCK00/SES004/SA004S24	SES292	-1.92905	-66.6058	-64.6768
BLOCK00/SES004/SA004S26	SES083	-1.83841	-66.3702	-64.5317
BLOCK00/SES004/SA004S26	SES127	-1.65707	-66.1888	-64.5317
BLOCK00/SES004/SA004S26	SES148	-3.03349	-67.5652	-64.5317
BLOCK00/SES004/SA004S26	SES292	-2.3229	-66.8546	-64.5317
BLOCK00/SES004/SA004S28	SES083	-2.07067	-65.5163	-63.4456
BLOCK00/SES004/SA004S28	SES127	-2.03234	-65.4779	-63.4456
BLOCK00/SES004/SA004S28	SES187	-2.23491	-65.6805	-63.4456
BLOCK00/SES004/SA004S28	SES292	-3.54481	-66.9904	-63.4456
BLOCK00/SES006/SA006S10	SES014	-4.78361	-70.4052	-65.6216
BLOCK00/SES006/SA006S10	SES158	-2.04029	-67.6619	-65.6216
BLOCK00/SES006/SA006S10	SES226	-4.58509	-70.2067	-65.6216
BLOCK00/SES006/SA006S10	SES270	-1.47279	-67.0944	-65.6216
BLOCK00/SES006/SA006S11	SES158	-1.70883	-67.403	-65.6941
BLOCK00/SES006/SA006S11	SES226	-3.60804	-69.3022	-65.6941
BLOCK00/SES006/SA006S11	SES270	-1.71964	-67.4138	-65.6941
BLOCK00/SES006/SA006S11	SES275	-4.51675	-70.2109	-65.6941
BLOCK00/SES006/SA006S23	SES062	-2.6671	-66.8033	-64.1362
BLOCK00/SES006/SA006S23	SES105	-2.629	-66.7652	-64.1362
BLOCK00/SES006/SA006S23	SES158	-1.63151	-65.7677	-64.1362
BLOCK00/SES006/SA006S23	SES275	-3.06749	-67.2037	-64.1362
BLOCK00/SES006/SA006S26	SES104	-3.70921	-68.0413	-64.332
BLOCK00/SES006/SA006S26	SES158	-1.61365	-65.9457	-64.332
BLOCK00/SES006/SA006S26	SES270	-1.45168	-65.7837	-64.332
BLOCK00/SES006/SA006S26	SES275	-4.17399	-68.506	-64.332
BLOCK00/SES006/SA006S28	SES007	-3.61277	-68.971	-65.3582
BLOCK00/SES006/SA006S28	SES105	-2.92097	-68.2792	-65.3582
BLOCK00/SES006/SA006S28	SES158	-1.71588	-67.0741	-65.3582
BLOCK00/SES006/SA006S28	SES275	-4.55381	-69.912	-65.3582
BLOCK00/SES009/SA009S12	SES083	-2.32568	-65.8623	-63.5366
BLOCK00/SES009/SA009S12	SES148	-2.23846	-65.7751	-63.5366
BLOCK00/SES009/SA009S12	SES177	-2.90549	-66.4421	-63.5366
BLOCK00/SES009/SA009S12	SES292	-1.16817	-64.7048	-63.5366
BLOCK00/SES009/SA009S15	SES007	0.476151	-62.548	-63.0241
BLOCK00/SES009/SA009S15	SES099	-9.78062	-72.8048	-63.0241
BLOCK00/SES009/SA009S15	SES148	-2.27505	-65.2992	-63.0241
BLOCK00/SES009/SA009S15	SES172	-1.80664	-64.8308	-63.0241
BLOCK00/SES009/SA009S24	SES146	-1.38731	-64.6129	-63.2256
BLOCK00/SES009/SA009S24	SES148	-1.83057	-65.0561	-63.2256
BLOCK00/SES009/SA009S24	SES177	-2.02736	-65.2529	-63.2256
BLOCK00/SES009/SA009S24	SES292	-1.30359	-64.5292	-63.2256
BLOCK00/SES009/SA009S26	SES083	-2.31817	-65.9515	-63.6334
BLOCK00/SES009/SA009S26	SES101	-2.5282	-66.1616	-63.6334
BLOCK00/SES009/SA009S26	SES120	-2.01276	-65.6461	-63.6334
BLOCK00/SES009/SA009S26	SES177	-2.72775	-66.3611	-63.6334
BLOCK00/SES009/SA009S29	SES083	-1.61801	-64.8505	-63.2325
BLOCK00/SES009/SA009S29	SES101	-2.18297	-65.4154	-63.2325
BLOCK00/SES009/SA009S29	SES177	-2.34584	-65.5783	-63.2325
BLOCK00/SES009/SA009S29	SES292	-1.04271	-64.2752	-63.2325
BLOCK01/SES011/SA011S10	SES019	-1.76867	-64.7941	-63.0255
BLOCK01/SES011/SA011S10	SES042	-1.23001	-64.2555	-63.0255
BLOCK01/SES011/SA011S10	SES082	-2.69374	-65.7192	-63.0255
BLOCK01/SES011/SA011S10	SES206	-1.79288	-64.8183	-63.0255
BLOCK01/SES011/SA011S11	SES019	-2.24333	-66.2704	-64.027
BLOCK01/SES011/SA011S11	SES042	-2.43369	-66.4607	-64.027
BLOCK01/SES011/SA011S11	SES082	-2.51347	-66.5405	-64.027
BLOCK01/SES011/SA011S11	SES206	-1.32348	-65.3505	-64.027
BLOCK01/SES011/SA011S22	SES019	-1.59436	-65.6116	-64.0173
BLOCK01/SES011/SA011S22	SES042	-1.98538	-66.0026	-64.0173
BLOCK01/SES011/SA011S22	SES082	-1.81312	-65.8304	-64.0173
BLOCK01/SES011/SA011S22	SES206	-2.13393	-66.1512	-64.0173
BLOCK01/SES011/SA011S24	SES019	-1.47182	-64.3959	-62.924
BLOCK01/SES011/SA011S24	SES042	-1.59754	-64.5216	-62.924
BLOCK01/SES011/SA011S24	SES104	-2.44276	-65.3668	-62.924
BLOCK01/SES011/SA011S24	SES206	-1.28878	-64.2128	-62.924
BLOCK01/SES011/SA011S27	SES082	-0.815971	-63.8948	-63.0788
BLOCK01/SES011/SA011S27	SES087	-2.47877	-65.5576	-63.0788
BLOCK01/SES011/SA011S27	SES125	-1.66456	-64.7434	-63.0788
BLOCK01/SES011/SA011S27	SES206	-1.36457	-64.4434	-63.0788
BLOCK01/SES012/SA012S11	SES007	-3.38511	-65.0239	-61.6388
BLOCK01/SES012/SA012S11	SES082	-1.67329	-63.3121	-61.6388
BLOCK01/SES012/SA012S11	SES083	-3.58654	-65.2253	-61.6388
BLOCK01/SES012/SA012S11	SES206	-0.876217	-62.515	-61.6388
BLOCK01/SES012/SA012S14	SES082	-2.30057	-64.7392	-62.4386
BLOCK01/SES012/SA012S14	SES087	-3.17975	-65.6184	-62.4386
BLOCK01/SES012/SA012S14	SES206	-1.49202	-63.9306	-62.4386
BLOCK01/SES012/SA012S14	SES292	-4.49292	-66.9315	-62.4386
BLOCK01/SES012/SA012S24	SES082	-0.866638	-64.1368	-63.2702
BLOCK01/SES012/SA012S24	SES087	-1.86435	-65.1345	-63.2702
BLOCK01/SES012/SA012S24	SES120	-4.99879	-68.269	-63.2702
BLOCK01/SES012/SA012S24	SES206	-0.869423	-64.1396	-63.2702
BLOCK01/SES012/SA012S26	SES019	-3.36765	-65.6142	-62.2466
BLOCK01/SES012/SA012S26	SES082	-2.30571	-64.5523	-62.2466
BLOCK01/SES012/SA012S26	SES206	-1.13016	-63.3767	-62.2466
BLOCK01/SES012/SA012S26	SES292	-4.36811	-66.6147	-62.2466
BLOCK01/SES012/SA012S29	SES062	-2.81793	-64.6261	-61.8082
BLOCK01/SES012/SA012S29	SES082	-1.45966	-63.2678	-61.8082
BLOCK01/SES012/SA012S29	SES083	-3.50782	-65.316	-61.8082
BLOCK01/SES012/SA012S29	SES206	-1.41827	-63.2264	-61.8082
BLOCK01/SES013/SA013S16	SES062	-4.94354	-67.9352	-62.9917
BLOCK01/SES013/SA013S16	SES106	-1.91344	-64.9051	-62.9917
BLOCK01/SES013/SA013S16	SES206	-2.08225	-65.0739	-62.9917
BLOCK01/SES013/SA013S16	SES226	-1.4836	-64.4753	-62.9917
BLOCK01/SES013/SA013S17	SES062	-4.81317	-66.9365	-62.1233
BLOCK01/SES013/SA013S17	SES106	-2.16985	-64.2932	-62.1233
BLOCK01/SES013/SA013S17	SES206	-1.17268	-63.296	-62.1233
BLOCK01/SES013/SA013S17	SES226	-0.839401	-62.9627	-62.1233
BLOCK01/SES013/SA013S23	SES104	-2.55925	-65.4844	-62.9252
BLOCK01/SES013/SA013S23	SES106	-1.64324	-64.5684	-62.9252
BLOCK01/SES013/SA013S23	SES206	-1.70098	-64.6262	-62.9252
BLOCK01/SES013/SA013S23	SES270	-1.05984	-63.985	-62.9252
BLOCK01/SES013/SA013S25	SES042	-2.39405	-64.5834	-62.1893
BLOCK01/SES013/SA013S25	SES104	-2.07002	-64.2593	-62.1893
BLOCK01/SES013/SA013S25	SES106	-1.72045	-63.9098	-62.1893
BLOCK01/SES013/SA013S25	SES206	-1.55582	-63.7451	-62.1893
BLOCK01/SES013/SA013S29	SES062	-5.4401	-67.8645	-62.4244
BLOCK01/SES013/SA013S29	SES104	-2.4173	-64.8417	-62.4244
BLOCK01/SES013/SA013S29	SES106	-1.81197	-64.2363	-62.4244
BLOCK01/SES013/SA013S29	SES206	-1.93594	-64.3603	-62.4244
BLOCK02/SES021/SA021S13	SES016	-5.14899	-67.7138	-62.5648
BLOCK02/SES021/SA021S13	SES029	-4.66328	-67.2281	-62.5648
BLOCK02/SES021/SA021S13	SES087	-3.24416	-65.809	-62.5648
BLOCK02/SES021/SA021S13	SES206	-2.27084	-64.8356	-62.5648
BLOCK02/SES021/SA021S15	SES087	-2.15364	-63.1456	-60.992
BLOCK02/SES021/SA021S15	SES125	-1.0712	-62.0632	-60.992
BLOCK02/SES021/SA021S15	SES206	-1.14537	-62.1374	-60.992
BLOCK02/SES021/SA021S15	SES226	-1.22324	-62.2152	-60.992
BLOCK02/SES021/SA021S23	SES062	-4.43272	-67.7543	-63.3216
BLOCK02/SES021/SA021S23	SES087	-2.94696	-66.2685	-63.3216
BLOCK02/SES021/SA021S23	SES206	-2.39239	-65.714	-63.3216
BLOCK02/SES021/SA021S23	SES226	-1.82696	-65.1485	-63.3216
BLOCK02/SES021/SA021S27	SES002	-2.52375	-64.821	-62.2973
BLOCK02/SES021/SA021S27	SES016	-4.80056	-67.0979	-62.2973
BLOCK02/SES021/SA021S27	SES019	-2.61994	-64.9172	-62.2973
BLOCK02/SES021/SA021S27	SES062	-2.27865	-64.576	-62.2973
BLOCK02/SES021/SA021S29	SES087	-3.02829	-64.6646	-61.6363
BLOCK02/SES021/SA021S29	SES125	-1.64346	-63.2798	-61.6363
BLOCK02/SES021/SA021S29	SES206	-2.3239	-63.9602	-61.6363
BLOCK02/SES021/SA021S29	SES226	-1.68612	-63.3225	-61.6363
BLOCK04/SES043/SA043S09	SES083	-2.98657	-68.2117	-65.2252
BLOCK04/SES043/SA043S09	SES101	-4.05636	-69.2815	-65.2252
BLOCK04/SES043/SA043S09	SES144	-1.06132	-66.2865	-65.2252
BLOCK04/SES043/SA043S09	SES172	-5.22326	-70.4484	-65.2252
BLOCK04/SES043/SA043S11	SES083	-1.30394	-64.9699	-63.666
BLOCK04/SES043/SA043S11	SES101	-2.34851	-66.0145	-63.666
BLOCK04/SES043/SA043S11	SES144	-0.887516	-64.5535	-63.666
BLOCK04/SES043/SA043S11	SES172	-2.56774	-66.2337	-63.666
BLOCK04/SES043/SA043S23	SES083	-0.997597	-64.9905	-63.9929
BLOCK04/SES043/SA043S23	SES144	-0.24604	-64.2389	-63.9929
BLOCK04/SES043/SA043S23	SES177	-3.95372	-67.9466	-63.9929
BLOCK04/SES043/SA043S23	SES275	-1.26597	-65.2588	-63.9929
BLOCK04/SES043/SA043S26	SES083	-0.873085	-65.0256	-64.1525
BLOCK04/SES043/SA043S26	SES101	-2.03844	-66.1909	-64.1525
BLOCK04/SES043/SA043S26	SES144	-0.703896	-64.8564	-64.1525
BLOCK04/SES043/SA043S26	SES177	-3.03708	-67.1896	-64.1525
BLOCK04/SES043/SA043S28	SES016	-2.09344	-65.4003	-63.3069
BLOCK04/SES043/SA043S28	SES083	-1.61541	-64.9223	-63.3069
BLOCK04/SES043/SA043S28	SES101	-1.63872	-64.9456	-63.3069
BLOCK04/SES043/SA043S28	SES144	-0.966953	-64.2738	-63.3069
BLOCK04/SES044/SA044S10	SES127	-2.69402	-69.9378	-67.2438
BLOCK04/SES044/SA044S10	SES144	-0.955284	-68.1991	-67.2438
BLOCK04/SES044/SA044S10	SES147	-4.53978	-71.7836	-67.2438
BLOCK04/SES044/SA044S10	SES148	-3.76796	-71.0117	-67.2438
BLOCK04/SES044/SA044S11	SES101	-2.7197	-68.8579	-66.1382
BLOCK04/SES044/SA044S11	SES144	-0.483185	-66.6214	-66.1382
BLOCK04/SES044/SA044S11	SES147	-3.50564	-69.6439	-66.1382
BLOCK04/SES044/SA044S11	SES177	-3.58239	-69.7206	-66.1382
BLOCK04/SES044/SA044S24	SES007	-2.99409	-68.5339	-65.5398
BLOCK04/SES044/SA044S24	SES101	-1.83337	-67.3732	-65.5398
BLOCK04/SES044/SA044S24	SES147	-5.16623	-70.706	-65.5398
BLOCK04/SES044/SA044S24	SES177	-3.54253	-69.0823	-65.5398
BLOCK04/SES044/SA044S26	SES007	-2.44508	-67.2368	-64.7917
BLOCK04/SES044/SA044S26	SES016	-1.41547	-66.2072	-64.7917
BLOCK04/SES044/SA044S26	SES101	-1.72242	-66.5141	-64.7917
BLOCK04/SES044/SA044S26	SES147	-2.773	-67.5647	-64.7917
BLOCK04/SES044/SA044S29	SES007	-1.65618	-65.9518	-64.2956
BLOCK04/SES044/SA044S29	SES101	-0.499573	-64.7952	-64.2956
BLOCK04/SES044/SA044S29	SES147	-2.45048	-66.7461	-64.2956
BLOCK04/SES044/SA044S29	SES177	-2.7267	-67.0223	-64.2956
BLOCK04/SES046/SA046S13	SES101	-4.20639	-69.2215	-65.0151
BLOCK04/SES046/SA046S13	SES144	-1.54642	-66.5616	-65.0151
BLOCK04/SES046/SA046S13	SES147	-3.82726	-68.8424	-65.0151
BLOCK04/SES046/SA046S13	SES177	-2.05426	-67.0694	-65.0151
BLOCK04/SES046/SA046S15	SES048	-3.46785	-67.2853	-63.8174
BLOCK04/SES046/SA046S15	SES083	-1.2951	-65.1125	-63.8174
BLOCK04/SES046/SA046S15	SES120	-3.09921	-66.9166	-63.8174
BLOCK04/SES046/SA046S15	SES148	-1.98093	-65.7984	-63.8174
BLOCK04/SES046/SA046S22	SES101	-1.36499	-66.2699	-64.9049
BLOCK04/SES046/SA046S22	SES144	-1.09196	-65.9969	-64.9049
BLOCK04/SES046/SA046S22	SES147	-2.71228	-67.6172	-64.9049
BLOCK04/SES046/SA046S22	SES172	-2.4769	-67.3818	-64.9049
BLOCK04/SES046/SA046S25	SES083	-1.68734	-66.2479	-64.5605
BLOCK04/SES046/SA046S25	SES127	-2.13202	-66.6926	-64.5605
BLOCK04/SES046/SA046S25	SES144	-2.12393	-66.6845	-64.5605
BLOCK04/SES046/SA046S25	SES148	-1.74294	-66.3035	-64.5605
BLOCK04/SES046/SA046S28	SES007	-5.05705	-70.344	-65.2869
BLOCK04/SES046/SA046S28	SES105	-3.02902	-68.316	-65.2869
BLOCK04/SES046/SA046S28	SES147	-3.67516	-68.9621	-65.2869
BLOCK04/SES046/SA046S28	SES148	-1.78188	-67.0688	-65.2869
BLOCK04/SES049/SA049S16	SES104	-2.48003	-66.4783	-63.9983
BLOCK04/SES049/SA049S16	SES106	-2.37841	-66.3767	-63.9983
BLOCK04/SES049/SA049S16	SES120	-4.0248	-68.0231	-63.9983
BLOCK04/SES049/SA049S16	SES206	-2.50297	-66.5013	-63.9983
BLOCK04/SES049/SA049S18	SES099	-1.09179	-66.0943	-65.0025
BLOCK04/SES049/SA049S18	SES104	-2.31778	-67.3203	-65.0025
BLOCK04/SES049/SA049S18	SES125	-2.75423	-67.7568	-65.0025
BLOCK04/SES049/SA049S18	SES206	-2.46063	-67.4632	-65.0025
BLOCK04/SES049/SA049S25	SES087	-2.11555	-65.6257	-63.5102
BLOCK04/SES049/SA049S25	SES104	-1.50323	-65.0134	-63.5102
BLOCK04/SES049/SA049S25	SES125	-2.3459	-65.8561	-63.5102
BLOCK04/SES049/SA049S25	SES206	-1.66245	-65.1726	-63.5102
BLOCK04/SES049/SA049S27	SES099	-1.40649	-65.1151	-63.7086
BLOCK04/SES049/SA049S27	SES104	-1.15019	-64.8588	-63.7086
BLOCK04/SES049/SA049S27	SES125	-1.97408	-65.6827	-63.7086
BLOCK04/SES049/SA049S27	SES206	-1.83697	-65.5456	-63.7086
BLOCK04/SES049/SA049S29	SES099	-1.52206	-64.2879	-62.7658
BLOCK04/SES049/SA049S29	SES104	-0.452076	-63.2179	-62.7658
BLOCK04/SES049/SA049S29	SES125	-1.47089	-64.2367	-62.7658
BLOCK04/SES049/SA049S29	SES206	-1.17191	-63.9377	-62.7658
BLOCK06/SES063/SA063S09	SES068	-1.73818	-65.551	-63.8129
BLOCK06/SES063/SA063S09	SES083	-0.709206	-64.5221	-63.8129
BLOCK06/SES063/SA063S09	SES177	-1.37565	-65.1885	-63.8129
BLOCK06/SES063/SA063S09	SES187	-1.74471	-65.5576	-63.8129
BLOCK06/SES063/SA063S10	SES068	-2.51924	-66.9347	-64.4154
BLOCK06/SES063/SA063S10	SES083	-0.933243	-65.3487	-64.4154
BLOCK06/SES063/SA063S10	SES172	-1.38381	-65.7992	-64.4154
BLOCK06/SES063/SA063S10	SES187	-2.11732	-66.5328	-64.4154
BLOCK06/SES063/SA063S20	SES068	-2.84599	-67.4487	-64.6027
BLOCK06/SES063/SA063S20	SES083	-0.914574	-65.5173	-64.6027
BLOCK06/SES063/SA063S20	SES172	-1.58546	-66.1882	-64.6027
BLOCK06/SES063/SA063S20	SES187	-0.591156	-65.1939	-64.6027
BLOCK06/SES063/SA063S24	SES029	-2.36174	-65.777	-63.4153
BLOCK06/SES063/SA063S24	SES083	-0.581028	-63.9963	-63.4153
BLOCK06/SES063/SA063S24	SES177	-1.43866	-64.8539	-63.4153
BLOCK06/SES063/SA063S24	SES189	-1.1681	-64.5834	-63.4153
BLOCK06/SES063/SA063S27	SES083	-0.284386	-65.258	-64.9736
BLOCK06/SES063/SA063S27	SES172	-1.56981	-66.5434	-64.9736
BLOCK06/SES063/SA063S27	SES187	-2.07964	-67.0533	-64.9736
BLOCK06/SES063/SA063S27	SES292	-2.67542	-67.649	-64.9736
BLOCK06/SES067/SA067S12	SES083	-1.69524	-65.3257	-63.6304
BLOCK06/SES067/SA067S12	SES172	-4.06692	-67.6973	-63.6304
BLOCK06/SES067/SA067S12	SES202	-0.241249	-63.8717	-63.6304
BLOCK06/SES067/SA067S12	SES292	-2.19159	-65.822	-63.6304
BLOCK06/SES067/SA067S14	SES085	-2.4155	-65.6308	-63.2153
BLOCK06/SES067/SA067S14	SES177	-1.68763	-64.9029	-63.2153
BLOCK06/SES067/SA067S14	SES183	-2.53336	-65.7486	-63.2153
BLOCK06/SES067/SA067S14	SES202	-0.88308	-64.0984	-63.2153
BLOCK06/SES067/SA067S21	SES144	-0.859337	-65.9445	-65.0852
BLOCK06/SES067/SA067S21	SES177	-1.02106	-66.1062	-65.0852
BLOCK06/SES067/SA067S21	SES183	-4.51872	-69.6039	-65.0852
BLOCK06/SES067/SA067S21	SES189	-0.887253	-65.9724	-65.0852
BLOCK06/SES067/SA067S25	SES085	-1.20822	-65.5503	-64.342
BLOCK06/SES067/SA067S25	SES177	-1.16659	-65.5086	-64.342
BLOCK06/SES067/SA067S25	SES183	-2.95812	-67.3002	-64.342
BLOCK06/SES067/SA067S25	SES202	-0.381714	-64.7238	-64.342
BLOCK06/SES067/SA067S29	SES085	-0.896851	-65.1002	-64.2033
BLOCK06/SES067/SA067S29	SES177	-2.16069	-66.364	-64.2033
BLOCK06/SES067/SA067S29	SES183	-2.6537	-66.857	-64.2033
BLOCK06/SES067/SA067S29	SES202	0.135963	-64.0674	-64.2033
BLOCK06/SES069/SA069S12	SES029	-3.65956	-66.5136	-62.854
BLOCK06/SES069/SA069S12	SES082	-1.02204	-63.8761	-62.854
BLOCK06/SES069/SA069S12	SES087	-3.24321	-66.0973	-62.854
BLOCK06/SES069/SA069S12	SES206	-2.45366	-65.3077	-62.854
BLOCK06/SES069/SA069S13	SES029	-4.63465	-67.3778	-62.7431
BLOCK06/SES069/SA069S13	SES087	-3.74353	-66.4866	-62.7431
BLOCK06/SES069/SA069S13	SES206	-3.26971	-66.0128	-62.7431
BLOCK06/SES069/SA069S13	SES226	-2.3692	-65.1123	-62.7431
BLOCK06/SES069/SA069S23	SES029	-2.42572	-63.5357	-61.11
BLOCK06/SES069/SA069S23	SES087	-3.568	-64.678	-61.11
BLOCK06/SES069/SA069S23	SES206	-2.7049	-63.8149	-61.11
BLOCK06/SES069/SA069S23	SES226	-1.41459	-62.5246	-61.11
BLOCK06/SES069/SA069S25	SES087	-2.95133	-64.6531	-61.7017
BLOCK06/SES069/SA069S25	SES206	-3.08924	-64.791	-61.7017
BLOCK06/SES069/SA069S25	SES226	-1.99267	-63.6944	-61.7017
BLOCK06/SES069/SA069S25	SES270	-2.13552	-63.8373	-61.7017
BLOCK06/SES069/SA069S27	SES087	-3.95995	-65.5127	-61.5527
BLOCK06/SES069/SA069S27	SES206	-2.37619	-63.9289	-61.5527
BLOCK06/SES069/SA069S27	SES226	-1.20881	-62.7615	-61.5527
BLOCK06/SES069/SA069S27	SES270	-2.6348	-64.1875	-61.5527
BLOCK08/SES081/SA081S11	SES060	-2.04479	-66.0823	-64.0375
BLOCK08/SES081/SA081S11	SES062	-3.41303	-67.4505	-64.0375
BLOCK08/SES081/SA081S11	SES117	-2.56062	-66.5981	-64.0375
BLOCK08/SES081/SA081S11	SES162	-1.86316	-65.9006	-64.0375
BLOCK08/SES081/SA081S13	SES016	-1.24658	-64.2285	-62.9819
BLOCK08/SES081/SA081S13	SES060	-0.869286	-63.8512	-62.9819
BLOCK08/SES081/SA081S13	SES068	-0.289066	-63.271	-62.9819
BLOCK08/SES081/SA081S13	SES129	-2.48188	-65.4638	-62.9819
BLOCK08/SES081/SA081S24	SES060	-1.13444	-64.9941	-63.8596
BLOCK08/SES081/SA081S24	SES068	-1.16155	-65.0212	-63.8596
BLOCK08/SES081/SA081S24	SES117	-2.32575	-66.1854	-63.8596
BLOCK08/SES081/SA081S24	SES275	-2.78689	-66.6465	-63.8596
BLOCK08/SES081/SA081S27	SES007	-1.71893	-65.5009	-63.7819
BLOCK08/SES081/SA081S27	SES060	-2.51223	-66.2942	-63.7819
BLOCK08/SES081/SA081S27	SES117	-0.935585	-64.7175	-63.7819
BLOCK08/SES081/SA081S27	SES275	-2.85265	-66.6346	-63.7819
BLOCK08/SES081/SA081S29	SES007	-1.6797	-64.8705	-63.1908
BLOCK08/SES081/SA081S29	SES060	-1.50574	-64.6965	-63.1908
BLOCK08/SES081/SA081S29	SES117	-1.63263	-64.8234	-63.1908
BLOCK08/SES081/SA081S29	SES275	-2.65456	-65.8453	-63.1908
BLOCK08/SES086/SA086S11	SES029	-5.44309	-70.3204	-64.8773
BLOCK08/SES086/SA086S11	SES082	-3.47813	-68.3554	-64.8773
BLOCK08/SES086/SA086S11	SES087	-1.8496	-66.7269	-64.8773
BLOCK08/SES086/SA086S11	SES206	-2.58186	-67.4591	-64.8773
BLOCK08/SES086/SA086S12	SES029	-5.62773	-69.2985	-63.6708
BLOCK08/SES086/SA086S12	SES082	-3.24192	-66.9127	-63.6708
BLOCK08/SES086/SA086S12	SES087	-0.462414	-64.1332	-63.6708
BLOCK08/SES086/SA086S12	SES206	-1.86262	-65.5334	-63.6708
BLOCK08/SES086/SA086S20	SES029	-5.56907	-67.8109	-62.2419
BLOCK08/SES086/SA086S20	SES082	-2.9755	-65.2174	-62.2419
BLOCK08/SES086/SA086S20	SES087	-0.200066	-62.4419	-62.2419
BLOCK08/SES086/SA086S20	SES206	-0.947506	-63.1894	-62.2419
BLOCK08/SES086/SA086S24	SES087	-0.617443	-64.1264	-63.509
BLOCK08/SES086/SA086S24	SES104	-2.26554	-65.7745	-63.509
BLOCK08/SES086/SA086S24	SES120	-4.93606	-68.445	-63.509
BLOCK08/SES086/SA086S24	SES206	-0.668118	-64.1771	-63.509
BLOCK08/SES086/SA086S28	SES029	-4.53088	-66.7973	-62.2664
BLOCK08/SES086/SA086S28	SES082	-2.18959	-64.456	-62.2664
BLOCK08/SES086/SA086S28	SES087	-0.739079	-63.0055	-62.2664
BLOCK08/SES086/SA086S28	SES206	-1.41628	-63.6827	-62.2664
BLOCK08/SES089/SA089S13	SES087	-3.37128	-66.8687	-63.4974
BLOCK08/SES089/SA089S13	SES206	-3.50329	-67.0007	-63.4974
BLOCK08/SES089/SA089S13	SES226	-2.07941	-65.5768	-63.4974
BLOCK08/SES089/SA089S13	SES270	-4.18353	-67.6809	-63.4974
BLOCK08/SES089/SA089S14	SES062	-2.87494	-66.3864	-63.5114
BLOCK08/SES089/SA089S14	SES087	-1.44905	-64.9605	-63.5114
BLOCK08/SES089/SA089S14	SES206	-2.17945	-65.6909	-63.5114
BLOCK08/SES089/SA089S14	SES226	-1.10958	-64.621	-63.5114
BLOCK08/SES089/SA089S23	SES087	-3.1139	-68.1092	-64.9953
BLOCK08/SES089/SA089S23	SES206	-3.01372	-68.0091	-64.9953
BLOCK08/SES089/SA089S23	SES226	-2.08355	-67.0789	-64.9953
BLOCK08/SES089/SA089S23	SES270	-4.4231	-69.4184	-64.9953
BLOCK08/SES089/SA089S25	SES062	-3.81373	-67.0725	-63.2588
BLOCK08/SES089/SA089S25	SES087	-2.06861	-65.3274	-63.2588
BLOCK08/SES089/SA089S25	SES206	-2.51917	-65.7779	-63.2588
BLOCK08/SES089/SA089S25	SES226	-1.07957	-64.3383	-63.2588
BLOCK08/SES089/SA089S28	SES062	-3.07811	-66.6814	-63.6033
BLOCK08/SES089/SA089S28	SES087	-2.00831	-65.6116	-63.6033
BLOCK08/SES089/SA089S28	SES206	-1.66182	-65.2651	-63.6033
BLOCK08/SES089/SA089S28	SES226	-0.753128	-64.3564	-63.6033
BLOCK09/SES097/SA097S11	SES099	-0.790257	-64.4181	-63.6278
BLOCK09/SES097/SA097S11	SES125	-2.88874	-66.5166	-63.6278
BLOCK09/SES097/SA097S11	SES206	-2.76977	-66.3976	-63.6278
BLOCK09/SES097/SA097S11	SES226	-1.55828	-65.1861	-63.6278
BLOCK09/SES097/SA097S14	SES062	-4.18779	-67.8018	-63.6141
BLOCK09/SES097/SA097S14	SES099	-1.83045	-65.4445	-63.6141
BLOCK09/SES097/SA097S14	SES104	-2.27402	-65.8881	-63.6141
BLOCK09/SES097/SA097S14	SES206	-2.49727	-66.1113	-63.6141
BLOCK09/SES097/SA097S22	SES099	-1.16943	-64.6625	-63.4931
BLOCK09/SES097/SA097S22	SES206	-2.44009	-65.9332	-63.4931
BLOCK09/SES097/SA097S22	SES226	-2.07798	-65.5711	-63.4931
BLOCK09/SES097/SA097S22	SES270	-1.08732	-64.5804	-63.4931
BLOCK09/SES097/SA097S26	SES099	-1.22595	-63.953	-62.7271
BLOCK09/SES097/SA097S26	SES120	-4.04573	-66.7728	-62.7271
BLOCK09/SES097/SA097S26	SES206	-2.22621	-64.9533	-62.7271
BLOCK09/SES097/SA097S26	SES226	-2.66465	-65.3917	-62.7271
BLOCK09/SES097/SA097S28	SES099	-1.89005	-65.1284	-63.2384
BLOCK09/SES097/SA097S28	SES120	-3.35177	-66.5901	-63.2384
BLOCK09/SES097/SA097S28	SES206	-2.80131	-66.0397	-63.2384
BLOCK09/SES097/SA097S28	SES226	-3.05628	-66.2946	-63.2384
BLOCK09/SES098/SA098S11	SES127	-2.95885	-69.141	-66.1822
BLOCK09/SES098/SA098S11	SES144	-2.33889	-68.5211	-66.1822
BLOCK09/SES098/SA098S11	SES147	-0.4991	-66.6813	-66.1822
BLOCK09/SES098/SA098S11	SES148	-3.71304	-69.8952	-66.1822
BLOCK09/SES098/SA098S12	SES127	-5.15854	-72.5957	-67.4371
BLOCK09/SES098/SA098S12	SES144	-2.58561	-70.0228	-67.4371
BLOCK09/SES098/SA098S12	SES147	-1.49596	-68.9331	-67.4371
BLOCK09/SES098/SA098S12	SES189	-0.731285	-68.1684	-67.4371
BLOCK09/SES098/SA098S20	SES127	-4.90183	-71.032	-66.1302
BLOCK09/SES098/SA098S20	SES147	-0.933731	-67.0639	-66.1302
BLOCK09/SES098/SA098S20	SES148	-4.49218	-70.6224	-66.1302
BLOCK09/SES098/SA098S20	SES292	-5.79259	-71.9228	-66.1302
BLOCK09/SES098/SA098S23	SES127	-2.34765	-67.9367	-65.5891
BLOCK09/SES098/SA098S23	SES147	-0.767082	-66.3562	-65.5891
BLOCK09/SES098/SA098S23	SES187	-1.05752	-66.6466	-65.5891
BLOCK09/SES098/SA098S23	SES292	-3.87336	-69.4624	-65.5891
BLOCK09/SES098/SA098S27	SES127	-3.48602	-69.6581	-66.172
BLOCK09/SES098/SA098S27	SES147	-1.64873	-67.8208	-66.172
BLOCK09/SES098/SA098S27	SES148	-4.36757	-70.5396	-66.172
BLOCK09/SES098/SA098S27	SES292	-3.47686	-69.6489	-66.172
BLOCK10/SES102/SA102S13	SES101	-0.20179	-65.6411	-65.4393
BLOCK10/SES102/SA102S13	SES105	-1.6511	-67.0904	-65.4393
BLOCK10/SES102/SA102S13	SES120	-1.47541	-66.9147	-65.4393
BLOCK10/SES102/SA102S13	SES158	-9.89023	-75.3295	-65.4393
BLOCK10/SES102/SA102S14	SES007	-0.585175	-63.8206	-63.2354
BLOCK10/SES102/SA102S14	SES101	-0.985344	-64.2208	-63.2354
BLOCK10/SES102/SA102S14	SES105	-0.782326	-64.0178	-63.2354
BLOCK10/SES102/SA102S14	SES147	-4.13175	-67.3672	-63.2354
BLOCK10/SES102/SA102S22	SES007	-1.67097	-65.2527	-63.5817
BLOCK10/SES102/SA102S22	SES101	-0.483353	-64.065	-63.5817
BLOCK10/SES102/SA102S22	SES105	-0.870888	-64.4526	-63.5817
BLOCK10/SES102/SA102S22	SES158	-5.69153	-69.2732	-63.5817
BLOCK10/SES102/SA102S25	SES007	-1.25449	-64.6322	-63.3777
BLOCK10/SES102/SA102S25	SES101	-0.951408	-64.3291	-63.3777
BLOCK10/SES102/SA102S25	SES105	-1.09922	-64.4769	-63.3777
BLOCK10/SES102/SA102S25	SES147	-6.13547	-69.5131	-63.3777
BLOCK10/SES102/SA102S27	SES007	-1.66325	-65.8966	-64.2333
BLOCK10/SES102/SA102S27	SES101	-1.0463	-65.2796	-64.2333
BLOCK10/SES102/SA102S27	SES105	-1.45114	-65.6844	-64.2333
BLOCK10/SES102/SA102S27	SES147	-4.38406	-68.6174	-64.2333
BLOCK10/SES103/SA103S14	SES105	-4.27618	-69.1772	-64.901
BLOCK10/SES103/SA103S14	SES106	-1.7541	-66.6551	-64.901
BLOCK10/SES103/SA103S14	SES120	-4.12312	-69.0241	-64.901
BLOCK10/SES103/SA103S14	SES206	-2.68912	-67.5901	-64.901
BLOCK10/SES103/SA103S15	SES099	-1.77708	-67.7102	-65.9331
BLOCK10/SES103/SA103S15	SES101	-6.23791	-72.171	-65.9331
BLOCK10/SES103/SA103S15	SES104	-2.1499	-68.083	-65.9331
BLOCK10/SES103/SA103S15	SES125	-1.92446	-67.8576	-65.9331
BLOCK10/SES103/SA103S24	SES104	-2.47177	-66.4443	-63.9726
BLOCK10/SES103/SA103S24	SES125	-2.438	-66.4106	-63.9726
BLOCK10/SES103/SA103S24	SES148	-5.15077	-69.1233	-63.9726
BLOCK10/SES103/SA103S24	SES158	-1.33597	-65.3085	-63.9726
BLOCK10/SES103/SA103S26	SES104	-2.75965	-68.3117	-65.552
BLOCK10/SES103/SA103S26	SES106	-1.95688	-67.5089	-65.552
BLOCK10/SES103/SA103S26	SES125	-2.30359	-67.8556	-65.552
BLOCK10/SES103/SA103S26	SES148	-5.1554	-70.7074	-65.552
BLOCK10/SES103/SA103S28	SES104	-3.92564	-69.6627	-65.737
BLOCK10/SES103/SA103S28	SES106	-2.90454	-68.6416	-65.737
BLOCK10/SES103/SA103S28	SES125	-3.96001	-69.697	-65.737
BLOCK10/SES103/SA103S28	SES206	-5.01989	-70.7569	-65.737
BLOCK12/SES121/SA121S12	SES042	-3.66901	-70.0664	-66.3974
BLOCK12/SES121/SA121S12	SES087	-2.54141	-68.9388	-66.3974
BLOCK12/SES121/SA121S12	SES105	-3.09683	-69.4942	-66.3974
BLOCK12/SES121/SA121S12	SES206	-1.88078	-68.2782	-66.3974
BLOCK12/SES121/SA121S14	SES007	-4.35097	-71.1428	-66.7918
BLOCK12/SES121/SA121S14	SES105	-4.27195	-71.0638	-66.7918
BLOCK12/SES121/SA121S14	SES106	-2.40011	-69.1919	-66.7918
BLOCK12/SES121/SA121S14	SES206	-2.86858	-69.6604	-66.7918
BLOCK12/SES121/SA121S23	SES105	-3.93619	-70.7272	-66.791
BLOCK12/SES121/SA121S23	SES106	-1.95053	-68.7415	-66.791
BLOCK12/SES121/SA121S23	SES120	-4.38191	-71.1729	-66.791
BLOCK12/SES121/SA121S23	SES206	-2.23383	-69.0248	-66.791
BLOCK12/SES121/SA121S25	SES007	-4.092	-71.5696	-67.4776
BLOCK12/SES121/SA121S25	SES105	-4.68875	-72.1663	-67.4776
BLOCK12/SES121/SA121S25	SES106	-2.384	-69.8616	-67.4776
BLOCK12/SES121/SA121S25	SES206	-3.04602	-70.5236	-67.4776
BLOCK12/SES121/SA121S27	SES087	-1.65944	-67.4889	-65.8295
BLOCK12/SES121/SA121S27	SES105	-5.39803	-71.2275	-65.8295
BLOCK12/SES121/SA121S27	SES120	-4.38202	-70.2115	-65.8295
BLOCK12/SES121/SA121S27	SES206	-2.75595	-68.5854	-65.8295
BLOCK12/SES124/SA124S16	SES042	-1.21204	-65.6229	-64.4109
BLOCK12/SES124/SA124S16	SES082	-1.39635	-65.8072	-64.4109
BLOCK12/SES124/SA124S16	SES183	-5.08373	-69.4946	-64.4109
BLOCK12/SES124/SA124S16	SES206	-2.17262	-66.5835	-64.4109
BLOCK12/SES124/SA124S17	SES105	-4.33135	-69.7747	-65.4433
BLOCK12/SES124/SA124S17	SES149	-2.83138	-68.2747	-65.4433
BLOCK12/SES124/SA124S17	SES158	-2.85861	-68.3019	-65.4433
BLOCK12/SES124/SA124S17	SES275	-4.71937	-70.1627	-65.4433
BLOCK12/SES124/SA124S23	SES105	-4.44302	-66.8279	-62.3849
BLOCK12/SES124/SA124S23	SES125	-0.118767	-62.5037	-62.3849
BLOCK12/SES124/SA124S23	SES129	-5.46272	-67.8476	-62.3849
BLOCK12/SES124/SA124S23	SES158	-0.884644	-63.2695	-62.3849
BLOCK12/SES124/SA124S26	SES105	-5.33114	-68.7009	-63.3697
BLOCK12/SES124/SA124S26	SES125	-0.619789	-63.9895	-63.3697
BLOCK12/SES124/SA124S26	SES129	-5.96241	-69.3321	-63.3697
BLOCK12/SES124/SA124S26	SES158	-1.64112	-65.0108	-63.3697
BLOCK12/SES124/SA124S28	SES104	-1.04885	-64.0358	-62.9869
BLOCK12/SES124/SA124S28	SES106	-0.717278	-63.7042	-62.9869
BLOCK12/SES124/SA124S28	SES125	-0.822285	-63.8092	-62.9869
BLOCK12/SES124/SA124S28	SES275	-5.29012	-68.277	-62.9869
BLOCK12/SES126/SA126S13	SES007	-3.03987	-70.0196	-66.9797
BLOCK12/SES126/SA126S13	SES162	-2.07639	-69.0561	-66.9797
BLOCK12/SES126/SA126S13	SES177	-1.55763	-68.5373	-66.9797
BLOCK12/SES126/SA126S13	SES180	-2.25341	-69.2331	-66.9797
BLOCK12/SES126/SA126S14	SES144	-1.43729	-66.0414	-64.6041
BLOCK12/SES126/SA126S14	SES148	-1.99804	-66.6021	-64.6041
BLOCK12/SES126/SA126S14	SES177	-0.430183	-65.0343	-64.6041
BLOCK12/SES126/SA126S14	SES180	-1.42341	-66.0275	-64.6041
BLOCK12/SES126/SA126S20	SES007	-2.5321	-67.636	-65.1039
BLOCK12/SES126/SA126S20	SES162	-2.31536	-67.4193	-65.1039
BLOCK12/SES126/SA126S20	SES172	-6.82122	-71.9251	-65.1039
BLOCK12/SES126/SA126S20	SES180	-2.62104	-67.725	-65.1039
BLOCK12/SES126/SA126S24	SES120	-1.1769	-65.8513	-64.6744
BLOCK12/SES126/SA126S24	SES162	-1.23561	-65.91	-64.6744
BLOCK12/SES126/SA126S24	SES177	-0.977386	-65.6518	-64.6744
BLOCK12/SES126/SA126S24	SES180	-1.0782	-65.7526	-64.6744
BLOCK12/SES126/SA126S26	SES120	-1.50547	-66.7259	-65.2204
BLOCK12/SES126/SA126S26	SES177	-1.54563	-66.766	-65.2204
BLOCK12/SES126/SA126S26	SES180	-1.95642	-67.1768	-65.2204
BLOCK12/SES126/SA126S26	SES202	-3.7997	-69.0201	-65.2204
BLOCK12/SES128/SA128S10	SES087	-3.80311	-67.2759	-63.4728
BLOCK12/SES128/SA128S10	SES206	-2.65173	-66.1245	-63.4728
BLOCK12/SES128/SA128S10	SES226	-1.4763	-64.9491	-63.4728
BLOCK12/SES128/SA128S10	SES270	-1.91842	-65.3912	-63.4728
BLOCK12/SES128/SA128S12	SES120	-4.43546	-68.1864	-63.7509
BLOCK12/SES128/SA128S12	SES158	-2.17007	-65.921	-63.7509
BLOCK12/SES128/SA128S12	SES206	-2.1041	-65.855	-63.7509
BLOCK12/SES128/SA128S12	SES226	-2.29626	-66.0472	-63.7509
BLOCK12/SES128/SA128S21	SES106	-4.91696	-69.805	-64.888
BLOCK12/SES128/SA128S21	SES120	-3.27184	-68.1599	-64.888
BLOCK12/SES128/SA128S21	SES206	-4.47849	-69.3665	-64.888
BLOCK12/SES128/SA128S21	SES226	-3.4617	-68.3497	-64.888
BLOCK12/SES128/SA128S24	SES087	-4.95972	-69.7392	-64.7794
BLOCK12/SES128/SA128S24	SES120	-2.51019	-67.2896	-64.7794
BLOCK12/SES128/SA128S24	SES206	-4.35194	-69.1314	-64.7794
BLOCK12/SES128/SA128S24	SES226	-3.1143	-67.8937	-64.7794
BLOCK12/SES128/SA128S27	SES099	-3.08852	-66.5674	-63.4789
BLOCK12/SES128/SA128S27	SES120	-2.86613	-66.345	-63.4789
BLOCK12/SES128/SA128S27	SES206	-3.60992	-67.0888	-63.4789
BLOCK12/SES128/SA128S27	SES226	-1.9323	-65.4112	-63.4789
BLOCK13/SES130/SA130S13	SES143	-4.06689	-70.0338	-65.9669
BLOCK13/SES130/SA130S13	SES144	-0.577782	-66.5446	-65.9669
BLOCK13/SES130/SA130S13	SES146	-1.58688	-67.5537	-65.9669
BLOCK13/SES130/SA130S13	SES275	-4.06294	-70.0298	-65.9669
BLOCK13/SES130/SA130S15	SES143	-3.3857	-67.8405	-64.4548
BLOCK13/SES130/SA130S15	SES144	-0.750633	-65.2055	-64.4548
BLOCK13/SES130/SA130S15	SES146	-1.39916	-65.854	-64.4548
BLOCK13/SES130/SA130S15	SES275	-1.84004	-66.2949	-64.4548
BLOCK13/SES130/SA130S23	SES127	-4.23827	-70.1726	-65.9344
BLOCK13/SES130/SA130S23	SES144	-1.50956	-67.4439	-65.9344
BLOCK13/SES130/SA130S23	SES146	-1.32147	-67.2558	-65.9344
BLOCK13/SES130/SA130S23	SES162	-3.07243	-69.0068	-65.9344
BLOCK13/SES130/SA130S25	SES127	-3.57756	-67.5339	-63.9563
BLOCK13/SES130/SA130S25	SES144	-0.687046	-64.6433	-63.9563
BLOCK13/SES130/SA130S25	SES146	-1.68037	-65.6367	-63.9563
BLOCK13/SES130/SA130S25	SES275	-1.016	-64.9723	-63.9563
BLOCK13/SES130/SA130S28	SES127	-2.78694	-67.303	-64.516
BLOCK13/SES130/SA130S28	SES144	-1.20323	-65.7193	-64.516
BLOCK13/SES130/SA130S28	SES146	-1.64116	-66.1572	-64.516
BLOCK13/SES130/SA130S28	SES275	-1.17995	-65.696	-64.516
BLOCK13/SES131/SA131S13	SES002	-3.24824	-69.553	-66.3047
BLOCK13/SES131/SA131S13	SES007	-5.69817	-72.0029	-66.3047
BLOCK13/SES131/SA131S13	SES099	-3.03943	-69.3442	-66.3047
BLOCK13/SES131/SA131S13	SES105	-4.24155	-70.5463	-66.3047
BLOCK13/SES131/SA131S14	SES104	-1.46047	-65.6857	-64.2252
BLOCK13/SES131/SA131S14	SES106	-1.43255	-65.6578	-64.2252
BLOCK13/SES131/SA131S14	SES125	-1.98358	-66.2088	-64.2252
BLOCK13/SES131/SA131S14	SES148	-3.37702	-67.6022	-64.2252
BLOCK13/SES131/SA131S20	SES104	-2.44298	-68.2885	-65.8455
BLOCK13/SES131/SA131S20	SES106	-1.89716	-67.7427	-65.8455
BLOCK13/SES131/SA131S20	SES125	-2.45126	-68.2968	-65.8455
BLOCK13/SES131/SA131S20	SES148	-4.63629	-70.4818	-65.8455
BLOCK13/SES131/SA131S22	SES099	-2.21051	-66.8344	-64.6239
BLOCK13/SES131/SA131S22	SES104	-2.54411	-67.168	-64.6239
BLOCK13/SES131/SA131S22	SES125	-2.34651	-66.9704	-64.6239
BLOCK13/SES131/SA131S22	SES206	-3.32539	-67.9493	-64.6239
BLOCK13/SES131/SA131S29	SES087	-2.25002	-67.8797	-65.6296
BLOCK13/SES131/SA131S29	SES104	-3.27231	-68.9019	-65.6296
BLOCK13/SES131/SA131S29	SES125	-2.77601	-68.4056	-65.6296
BLOCK13/SES131/SA131S29	SES206	-2.39303	-68.0227	-65.6296
BLOCK13/SES132/SA132S11	SES083	-2.45257	-66.3652	-63.9126
BLOCK13/SES132/SA132S11	SES120	-0.627735	-64.5404	-63.9126
BLOCK13/SES132/SA132S11	SES127	-1.39193	-65.3046	-63.9126
BLOCK13/SES132/SA132S11	SES275	-1.867	-65.7796	-63.9126
BLOCK13/SES132/SA132S12	SES083	-2.26957	-65.9936	-63.724
BLOCK13/SES132/SA132S12	SES143	-1.22555	-64.9495	-63.724
BLOCK13/SES132/SA132S12	SES144	-1.41024	-65.1342	-63.724
BLOCK13/SES132/SA132S12	SES148	-1.76852	-65.4925	-63.724
BLOCK13/SES132/SA132S22	SES062	-1.69736	-65.5762	-63.8788
BLOCK13/SES132/SA132S22	SES083	-1.59866	-65.4775	-63.8788
BLOCK13/SES132/SA132S22	SES127	-1.42654	-65.3054	-63.8788
BLOCK13/SES132/SA132S22	SES275	-1.5696	-65.4484	-63.8788
BLOCK13/SES132/SA132S24	SES007	-1.01638	-64.5883	-63.5719
BLOCK13/SES132/SA132S24	SES083	-2.49614	-66.068	-63.5719
BLOCK13/SES132/SA132S24	SES127	-1.79332	-65.3652	-63.5719
BLOCK13/SES132/SA132S24	SES275	-1.743	-65.3149	-63.5719
BLOCK13/SES132/SA132S27	SES083	-2.38721	-66.8487	-64.4615
BLOCK13/SES132/SA132S27	SES120	-0.682571	-65.1441	-64.4615
BLOCK13/SES132/SA132S27	SES127	-2.24345	-66.705	-64.4615
BLOCK13/SES132/SA132S27	SES275	-2.17857	-66.6401	-64.4615
BLOCK14/SES141/SA141S09	SES143	-1.07682	-65.9738	-64.897
BLOCK14/SES141/SA141S09	SES144	-1.11536	-66.0124	-64.897
BLOCK14/SES141/SA141S09	SES162	-1.14277	-66.0398	-64.897
BLOCK14/SES141/SA141S09	SES180	-1.79836	-66.6954	-64.897
BLOCK14/SES141/SA141S15	SES127	-1.58159	-66.2876	-64.7061
BLOCK14/SES141/SA141S15	SES144	-1.31902	-66.0251	-64.7061
BLOCK14/SES141/SA141S15	SES162	-1.30357	-66.0096	-64.7061
BLOCK14/SES141/SA141S15	SES180	-1.41075	-66.1168	-64.7061
BLOCK14/SES141/SA141S24	SES127	-1.18484	-65.7268	-64.5419
BLOCK14/SES141/SA141S24	SES144	-2.26952	-66.8114	-64.5419
BLOCK14/SES141/SA141S24	SES162	-0.228714	-64.7706	-64.5419
BLOCK14/SES141/SA141S24	SES183	-3.25489	-67.7968	-64.5419
BLOCK14/SES141/SA141S26	SES142	-2.95655	-67.8345	-64.8779
BLOCK14/SES141/SA141S26	SES144	-1.92166	-66.7996	-64.8779
BLOCK14/SES141/SA141S26	SES172	-2.00411	-66.882	-64.8779
BLOCK14/SES141/SA141S26	SES180	-1.10766	-65.9856	-64.8779
BLOCK14/SES141/SA141S29	SES127	-0.702415	-64.87	-64.1676
BLOCK14/SES141/SA141S29	SES142	-0.667496	-64.8351	-64.1676
BLOCK14/SES141/SA141S29	SES144	-1.70137	-65.8689	-64.1676
BLOCK14/SES141/SA141S29	SES180	-0.456291	-64.6239	-64.1676
BLOCK15/SES157/SA157S08	SES083	-3.329	-68.059	-64.73
BLOCK15/SES157/SA157S08	SES127	-2.78963	-67.5196	-64.73
BLOCK15/SES157/SA157S08	SES148	-1.8352	-66.5652	-64.73
BLOCK15/SES157/SA157S08	SES292	-2.69954	-67.4295	-64.73
BLOCK15/SES157/SA157S11	SES083	-2.8463	-67.0407	-64.1944
BLOCK15/SES157/SA157S11	SES127	-3.07536	-67.2698	-64.1944
BLOCK15/SES157/SA157S11	SES148	-2.07467	-66.2691	-64.1944
BLOCK15/SES157/SA157S11	SES292	-2.65885	-66.8532	-64.1944
BLOCK15/SES157/SA157S21	SES127	-3.13933	-67.1862	-64.0469
BLOCK15/SES157/SA157S21	SES148	-1.14902	-65.1959	-64.0469
BLOCK15/SES157/SA157S21	SES158	-6.43436	-70.4812	-64.0469
BLOCK15/SES157/SA157S21	SES292	-1.67295	-65.7198	-64.0469
BLOCK15/SES157/SA157S24	SES127	-3.16862	-66.8604	-63.6918
BLOCK15/SES157/SA157S24	SES148	-2.20448	-65.8963	-63.6918
BLOCK15/SES157/SA157S24	SES183	-2.6585	-66.3503	-63.6918
BLOCK15/SES157/SA157S24	SES292	-2.34372	-66.0355	-63.6918
BLOCK15/SES157/SA157S26	SES007	-1.44758	-65.6119	-64.1643
BLOCK15/SES157/SA157S26	SES127	-1.98655	-66.1508	-64.1643
BLOCK15/SES157/SA157S26	SES147	-6.06784	-70.2321	-64.1643
BLOCK15/SES157/SA157S26	SES148	-1.31951	-65.4838	-64.1643
BLOCK16/SES161/SA161S10	SES007	-3.21258	-69.3018	-66.0892
BLOCK16/SES161/SA161S10	SES105	-2.31582	-68.405	-66.0892
BLOCK16/SES161/SA161S10	SES158	-3.16524	-69.2545	-66.0892
BLOCK16/SES161/SA161S10	SES275	-2.60004	-68.6893	-66.0892
BLOCK16/SES161/SA161S12	SES007	-2.11838	-67.5718	-65.4534
BLOCK16/SES161/SA161S12	SES105	-3.05338	-68.5068	-65.4534
BLOCK16/SES161/SA161S12	SES158	-2.64066	-68.0941	-65.4534
BLOCK16/SES161/SA161S12	SES275	-1.66058	-67.114	-65.4534
BLOCK16/SES161/SA161S20	SES007	-3.16505	-70.2678	-67.1028
BLOCK16/SES161/SA161S20	SES105	-3.66889	-70.7717	-67.1028
BLOCK16/SES161/SA161S20	SES158	-2.67686	-69.7796	-67.1028
BLOCK16/SES161/SA161S20	SES275	-2.81068	-69.9135	-67.1028
BLOCK16/SES161/SA161S23	SES007	-3.10322	-68.1787	-65.0755
BLOCK16/SES161/SA161S23	SES105	-2.17757	-67.2531	-65.0755
BLOCK16/SES161/SA161S23	SES148	-3.69916	-68.7747	-65.0755
BLOCK16/SES161/SA161S23	SES158	-2.28288	-67.3584	-65.0755
BLOCK16/SES161/SA161S28	SES007	-3.88995	-69.0763	-65.1863
BLOCK16/SES161/SA161S28	SES105	-3.83318	-69.0195	-65.1863
BLOCK16/SES161/SA161S28	SES158	-1.82514	-67.0115	-65.1863
BLOCK16/SES161/SA161S28	SES206	-3.53026	-68.7166	-65.1863
BLOCK16/SES164/SA164S11	SES104	-2.19818	-64.9803	-62.7821
BLOCK16/SES164/SA164S11	SES125	-1.102	-63.8841	-62.7821
BLOCK16/SES164/SA164S11	SES158	-1.22921	-64.0113	-62.7821
BLOCK16/SES164/SA164S11	SES206	-2.39854	-65.1807	-62.7821
BLOCK16/SES164/SA164S13	SES099	-1.75909	-65.7527	-63.9936
BLOCK16/SES164/SA164S13	SES104	-2.62392	-66.6176	-63.9936
BLOCK16/SES164/SA164S13	SES125	-2.80404	-66.7977	-63.9936
BLOCK16/SES164/SA164S13	SES206	-2.55292	-66.5466	-63.9936
BLOCK16/SES164/SA164S24	SES002	-1.0444	-64.3748	-63.3304
BLOCK16/SES164/SA164S24	SES099	-1.24804	-64.5785	-63.3304
BLOCK16/SES164/SA164S24	SES125	-2.67451	-66.0049	-63.3304
BLOCK16/SES164/SA164S24	SES226	-1.52131	-64.8517	-63.3304
BLOCK16/SES164/SA164S27	SES087	-3.20245	-66.8828	-63.6803
BLOCK16/SES164/SA164S27	SES125	-2.26265	-65.943	-63.6803
BLOCK16/SES164/SA164S27	SES206	-2.57383	-66.2542	-63.6803
BLOCK16/SES164/SA164S27	SES226	-2.20218	-65.8825	-63.6803
BLOCK16/SES164/SA164S29	SES002	-0.914829	-64.2225	-63.3076
BLOCK16/SES164/SA164S29	SES019	-2.40207	-65.7097	-63.3076
BLOCK16/SES164/SA164S29	SES125	-2.17109	-65.4787	-63.3076
BLOCK16/SES164/SA164S29	SES226	-2.34129	-65.6489	-63.3076
BLOCK16/SES169/SA169S13	SES117	-3.18257	-67.8624	-64.6799
BLOCK16/SES169/SA169S13	SES144	-1.69143	-66.3713	-64.6799
BLOCK16/SES169/SA169S13	SES146	-2.08971	-66.7696	-64.6799
BLOCK16/SES169/SA169S13	SES162	-2.81071	-67.4906	-64.6799
BLOCK16/SES169/SA169S14	SES144	-1.16371	-64.6931	-63.5294
BLOCK16/SES169/SA169S14	SES148	-1.2606	-64.79	-63.5294
BLOCK16/SES169/SA169S14	SES177	-1.93665	-65.4661	-63.5294
BLOCK16/SES169/SA169S14	SES180	-4.65576	-68.1852	-63.5294
BLOCK16/SES169/SA169S24	SES117	-2.49853	-67.7753	-65.2768
BLOCK16/SES169/SA169S24	SES144	-1.21832	-66.4951	-65.2768
BLOCK16/SES169/SA169S24	SES146	-2.11697	-67.3938	-65.2768
BLOCK16/SES169/SA169S24	SES162	-2.93575	-68.2125	-65.2768
BLOCK16/SES169/SA169S27	SES127	-2.58971	-66.9684	-64.3787
BLOCK16/SES169/SA169S27	SES129	-1.94386	-66.3226	-64.3787
BLOCK16/SES169/SA169S27	SES144	-1.81573	-66.1944	-64.3787
BLOCK16/SES169/SA169S27	SES146	-1.29842	-65.6771	-64.3787
BLOCK16/SES169/SA169S29	SES144	-1.23208	-65.0635	-63.8314
BLOCK16/SES169/SA169S29	SES162	-2.36881	-66.2002	-63.8314
BLOCK16/SES169/SA169S29	SES177	-3.60814	-67.4395	-63.8314
BLOCK16/SES169/SA169S29	SES180	-2.55536	-66.3867	-63.8314
BLOCK17/SES171/SA171S12	SES083	-1.93164	-66.9873	-65.0556
BLOCK17/SES171/SA171S12	SES148	-2.00065	-67.0563	-65.0556
BLOCK17/SES171/SA171S12	SES172	-2.62785	-67.6835	-65.0556
BLOCK17/SES171/SA171S12	SES292	-3.15457	-68.2102	-65.0556
BLOCK17/SES171/SA171S15	SES148	-2.35074	-68.1333	-65.7826
BLOCK17/SES171/SA171S15	SES177	-2.29938	-68.0819	-65.7826
BLOCK17/SES171/SA171S15	SES180	-4.80391	-70.5865	-65.7826
BLOCK17/SES171/SA171S15	SES292	-3.95567	-69.7382	-65.7826
BLOCK17/SES171/SA171S22	SES007	-2.00102	-66.0219	-64.0208
BLOCK17/SES171/SA171S22	SES148	-1.42912	-65.45	-64.0208
BLOCK17/SES171/SA171S22	SES177	-1.28024	-65.3011	-64.0208
BLOCK17/SES171/SA171S22	SES180	-2.67221	-66.6931	-64.0208
BLOCK17/SES171/SA171S25	SES101	-3.39379	-69.259	-65.8652
BLOCK17/SES171/SA171S25	SES120	-3.39125	-69.2564	-65.8652
BLOCK17/SES171/SA171S25	SES177	-1.24827	-67.1135	-65.8652
BLOCK17/SES171/SA171S25	SES180	-3.12096	-68.9862	-65.8652
BLOCK17/SES171/SA171S27	SES177	-1.17494	-66.1729	-64.998
BLOCK17/SES171/SA171S27	SES180	-3.22849	-68.2264	-64.998
BLOCK17/SES171/SA171S27	SES189	-1.00496	-66.0029	-64.998
BLOCK17/SES171/SA171S27	SES292	-3.34193	-68.3399	-64.998
BLOCK17/SES173/SA173S13	SES162	-2.56454	-68.656	-66.0914
BLOCK17/SES173/SA173S13	SES177	-2.81415	-68.9056	-66.0914
BLOCK17/SES173/SA173S13	SES180	-3.04559	-69.137	-66.0914
BLOCK17/SES173/SA173S13	SES292	-2.4163	-68.5077	-66.0914
BLOCK17/SES173/SA173S14	SES007	-3.75908	-70.2474	-66.4883
BLOCK17/SES173/SA173S14	SES162	-2.33481	-68.8232	-66.4883
BLOCK17/SES173/SA173S14	SES177	-1.73185	-68.2202	-66.4883
BLOCK17/SES173/SA173S14	SES180	-3.4802	-69.9685	-66.4883
BLOCK17/SES173/SA173S24	SES144	-1.66076	-68.6416	-66.9809
BLOCK17/SES173/SA173S24	SES162	-2.68614	-69.667	-66.9809
BLOCK17/SES173/SA173S24	SES177	-2.21616	-69.197	-66.9809
BLOCK17/SES173/SA173S24	SES180	-3.92349	-70.9044	-66.9809
BLOCK17/SES173/SA173S27	SES162	-2.98249	-69.179	-66.1965
BLOCK17/SES173/SA173S27	SES177	-2.12302	-68.3196	-66.1965
BLOCK17/SES173/SA173S27	SES180	-3.41637	-69.6129	-66.1965
BLOCK17/SES173/SA173S27	SES292	-3.56314	-69.7597	-66.1965
BLOCK17/SES173/SA173S29	SES162	-2.05942	-68.2245	-66.1651
BLOCK17/SES173/SA173S29	SES175	-1.82349	-67.9886	-66.1651
BLOCK17/SES173/SA173S29	SES177	-1.84247	-68.0075	-66.1651
BLOCK17/SES173/SA173S29	SES292	-3.73381	-69.8989	-66.1651
BLOCK18/SES182/SA182S10	SES144	-1.46587	-65.9499	-64.4841
BLOCK18/SES182/SA182S10	SES177	-1.35731	-65.8414	-64.4841
BLOCK18/SES182/SA182S10	SES180	-3.33498	-67.8191	-64.4841
BLOCK18/SES182/SA182S10	SES275	-1.41011	-65.8942	-64.4841
BLOCK18/SES182/SA182S12	SES144	-1.27137	-65.2971	-64.0258
BLOCK18/SES182/SA182S12	SES177	-1.57057	-65.5964	-64.0258
BLOCK18/SES182/SA182S12	SES180	-1.71405	-65.7398	-64.0258
BLOCK18/SES182/SA182S12	SES275	-2.16903	-66.1948	-64.0258
BLOCK18/SES182/SA182S21	SES117	-1.77184	-67.3307	-65.5589
BLOCK18/SES182/SA182S21	SES144	-1.69498	-67.2538	-65.5589
BLOCK18/SES182/SA182S21	SES162	-1.39513	-66.954	-65.5589
BLOCK18/SES182/SA182S21	SES180	-2.56818	-68.127	-65.5589
BLOCK18/SES182/SA182S23	SES117	-1.56919	-66.4969	-64.9277
BLOCK18/SES182/SA182S23	SES144	-2.1679	-67.0956	-64.9277
BLOCK18/SES182/SA182S23	SES180	-2.54001	-67.4678	-64.9277
BLOCK18/SES182/SA182S23	SES275	-2.0084	-66.9361	-64.9277
BLOCK18/SES182/SA182S25	SES007	-0.951279	-65.7928	-64.8415
BLOCK18/SES182/SA182S25	SES162	-0.874062	-65.7155	-64.8415
BLOCK18/SES182/SA182S25	SES177	-1.27448	-66.116	-64.8415
BLOCK18/SES182/SA182S25	SES180	-1.9879	-66.8294	-64.8415
BLOCK18/SES184/SA184S12	SES177	-2.38876	-67.2215	-64.8328
BLOCK18/SES184/SA184S12	SES180	-1.72589	-66.5586	-64.8328
BLOCK18/SES184/SA184S12	SES189	-3.37126	-68.204	-64.8328
BLOCK18/SES184/SA184S12	SES292	-2.74921	-67.582	-64.8328
BLOCK18/SES184/SA184S13	SES101	-2.31007	-67.0438	-64.7337
BLOCK18/SES184/SA184S13	SES177	-2.08624	-66.8199	-64.7337
BLOCK18/SES184/SA184S13	SES180	-2.82552	-67.5592	-64.7337
BLOCK18/SES184/SA184S13	SES292	-2.33615	-67.0698	-64.7337
BLOCK18/SES184/SA184S22	SES177	-1.68833	-65.6416	-63.9533
BLOCK18/SES184/SA184S22	SES180	-2.08916	-66.0425	-63.9533
BLOCK18/SES184/SA184S22	SES189	-3.24105	-67.1944	-63.9533
BLOCK18/SES184/SA184S22	SES292	-2.56631	-66.5196	-63.9533
BLOCK18/SES184/SA184S25	SES101	-0.996677	-64.1467	-63.15
BLOCK18/SES184/SA184S25	SES177	-2.19706	-65.3471	-63.15
BLOCK18/SES184/SA184S25	SES180	-2.30033	-65.4504	-63.15
BLOCK18/SES184/SA184S25	SES292	-1.77239	-64.9224	-63.15
BLOCK18/SES184/SA184S27	SES083	-1.6635	-66.0598	-64.3963
BLOCK18/SES184/SA184S27	SES177	-1.63102	-66.0273	-64.3963
BLOCK18/SES184/SA184S27	SES202	-4.20847	-68.6048	-64.3963
BLOCK18/SES184/SA184S27	SES292	-1.94629	-66.3426	-64.3963
BLOCK20/SES204/SA204S12	SES062	-2.77525	-65.415	-62.6397
BLOCK20/SES204/SA204S12	SES083	-3.42098	-66.0607	-62.6397
BLOCK20/SES204/SA204S12	SES206	-1.69816	-64.3379	-62.6397
BLOCK20/SES204/SA204S12	SES226	-2.65587	-65.2956	-62.6397
BLOCK20/SES204/SA204S14	SES068	-4.78266	-66.6985	-61.9158
BLOCK20/SES204/SA204S14	SES087	-1.37495	-63.2908	-61.9158
BLOCK20/SES204/SA204S14	SES206	-2.5119	-64.4277	-61.9158
BLOCK20/SES204/SA204S14	SES226	-2.6828	-64.5986	-61.9158
BLOCK20/SES204/SA204S22	SES068	-5.34357	-67.9575	-62.6139
BLOCK20/SES204/SA204S22	SES082	-3.3475	-65.9614	-62.6139
BLOCK20/SES204/SA204S22	SES083	-4.29052	-66.9044	-62.6139
BLOCK20/SES204/SA204S22	SES206	-2.15548	-64.7694	-62.6139
BLOCK20/SES204/SA204S25	SES062	-4.50231	-67.4624	-62.9601
BLOCK20/SES204/SA204S25	SES083	-4.45198	-67.4121	-62.9601
BLOCK20/SES204/SA204S25	SES206	-1.71324	-64.6733	-62.9601
BLOCK20/SES204/SA204S25	SES226	-2.56857	-65.5286	-62.9601
BLOCK20/SES204/SA204S27	SES068	-5.88859	-69.0373	-63.1487
BLOCK20/SES204/SA204S27	SES082	-2.88877	-66.0375	-63.1487
BLOCK20/SES204/SA204S27	SES087	-1.34819	-64.4969	-63.1487
BLOCK20/SES204/SA204S27	SES206	-1.67523	-64.824	-63.1487
BLOCK20/SES207/SA207S10	SES127	-1.22368	-65.7675	-64.5438
BLOCK20/SES207/SA207S10	SES183	-2.48723	-67.031	-64.5438
BLOCK20/SES207/SA207S10	SES189	-1.59166	-66.1354	-64.5438
BLOCK20/SES207/SA207S10	SES292	-1.78458	-66.3284	-64.5438
BLOCK20/SES207/SA207S11	SES127	-2.98472	-67.2688	-64.2841
BLOCK20/SES207/SA207S11	SES183	-2.72205	-67.0062	-64.2841
BLOCK20/SES207/SA207S11	SES187	-1.78737	-66.0715	-64.2841
BLOCK20/SES207/SA207S11	SES292	-1.90382	-66.1879	-64.2841
BLOCK20/SES207/SA207S25	SES068	-1.93001	-66.8407	-64.9107
BLOCK20/SES207/SA207S25	SES083	-2.32195	-67.2327	-64.9107
BLOCK20/SES207/SA207S25	SES127	-1.40095	-66.3117	-64.9107
BLOCK20/SES207/SA207S25	SES187	-0.844398	-65.7551	-64.9107
BLOCK20/SES207/SA207S27	SES127	-1.81805	-67.3294	-65.5114
BLOCK20/SES207/SA207S27	SES183	-1.47023	-66.9816	-65.5114
BLOCK20/SES207/SA207S27	SES187	-1.22559	-66.737	-65.5114
BLOCK20/SES207/SA207S27	SES292	-2.5607	-68.0721	-65.5114
BLOCK20/SES207/SA207S29	SES083	-2.29404	-66.42	-64.126
BLOCK20/SES207/SA207S29	SES085	-1.72945	-65.8554	-64.126
BLOCK20/SES207/SA207S29	SES172	-2.75381	-66.8798	-64.126
BLOCK20/SES207/SA207S29	SES189	-2.26389	-66.3898	-64.126
BLOCK22/SES221/SA221S12	SES068	-1.29749	-66.0405	-64.743
BLOCK22/SES221/SA221S12	SES143	-2.36322	-67.1063	-64.743
BLOCK22/SES221/SA221S12	SES175	-1.30135	-66.0444	-64.743
BLOCK22/SES221/SA221S12	SES202	-0.705742	-65.4488	-64.743
BLOCK22/SES221/SA221S15	SES085	-6.0134	-72.2422	-66.2288
BLOCK22/SES221/SA221S15	SES143	-2.86171	-69.0905	-66.2288
BLOCK22/SES221/SA221S15	SES175	-1.70341	-67.9322	-66.2288
BLOCK22/SES221/SA221S15	SES187	-1.33576	-67.5645	-66.2288
BLOCK22/SES221/SA221S23	SES068	-2.21299	-67.2343	-65.0213
BLOCK22/SES221/SA221S23	SES143	-2.70589	-67.7272	-65.0213
BLOCK22/SES221/SA221S23	SES175	-0.812454	-65.8337	-65.0213
BLOCK22/SES221/SA221S23	SES189	0.62439	-64.3969	-65.0213
BLOCK22/SES221/SA221S27	SES085	-4.83293	-69.738	-64.9051
BLOCK22/SES221/SA221S27	SES143	-2.03623	-66.9413	-64.9051
BLOCK22/SES221/SA221S27	SES175	-1.05682	-65.9619	-64.9051
BLOCK22/SES221/SA221S27	SES189	0.934361	-63.9707	-64.9051
BLOCK22/SES221/SA221S29	SES085	-8.92809	-75.5249	-66.5968
BLOCK22/SES221/SA221S29	SES143	-3.48177	-70.0786	-66.5968
BLOCK22/SES221/SA221S29	SES175	-2.06137	-68.6582	-66.5968
BLOCK22/SES221/SA221S29	SES187	-0.725845	-67.3226	-66.5968
BLOCK22/SES223/SA223S11	SES143	-1.55285	-67.6509	-66.0981
BLOCK22/SES223/SA223S11	SES144	-2.22356	-68.3216	-66.0981
BLOCK22/SES223/SA223S11	SES175	-0.825661	-66.9237	-66.0981
BLOCK22/SES223/SA223S11	SES187	-1.81084	-67.9089	-66.0981
BLOCK22/SES223/SA223S13	SES068	-1.69433	-68.9334	-67.2391
BLOCK22/SES223/SA223S13	SES143	-2.68434	-69.9234	-67.2391
BLOCK22/SES223/SA223S13	SES146	-2.57605	-69.8151	-67.2391
BLOCK22/SES223/SA223S13	SES202	-2.72456	-69.9636	-67.2391
BLOCK22/SES223/SA223S22	SES143	-1.50318	-67.4294	-65.9262
BLOCK22/SES223/SA223S22	SES144	-2.8049	-68.7311	-65.9262
BLOCK22/SES223/SA223S22	SES175	-1.59938	-67.5256	-65.9262
BLOCK22/SES223/SA223S22	SES187	-1.36397	-67.2902	-65.9262
BLOCK22/SES223/SA223S25	SES068	-1.67457	-67.9944	-66.3198
BLOCK22/SES223/SA223S25	SES143	-1.78461	-68.1045	-66.3198
BLOCK22/SES223/SA223S25	SES175	-1.38691	-67.7068	-66.3198
BLOCK22/SES223/SA223S25	SES187	-1.25866	-67.5785	-66.3198
BLOCK22/SES223/SA223S27	SES143	-2.31809	-68.1261	-65.808
BLOCK22/SES223/SA223S27	SES146	-2.47111	-68.2791	-65.808
BLOCK22/SES223/SA223S27	SES187	-1.6405	-67.4485	-65.808
BLOCK22/SES223/SA223S27	SES292	-4.04807	-69.8561	-65.808
BLOCK27/SES273/SA273S12	SES099	-1.40497	-62.4773	-61.0723
BLOCK27/SES273/SA273S12	SES104	-0.841908	-61.9142	-61.0723
BLOCK27/SES273/SA273S12	SES125	-1.84664	-62.919	-61.0723
BLOCK27/SES273/SA273S12	SES206	-0.849491	-61.9218	-61.0723
BLOCK27/SES273/SA273S13	SES099	-1.03377	-62.3679	-61.3341
BLOCK27/SES273/SA273S13	SES104	-1.2009	-62.535	-61.3341
BLOCK27/SES273/SA273S13	SES206	-0.95908	-62.2932	-61.3341
BLOCK27/SES273/SA273S13	SES292	-4.44121	-65.7753	-61.3341
BLOCK27/SES273/SA273S21	SES099	-0.72702	-62.3423	-61.6152
BLOCK27/SES273/SA273S21	SES148	-4.60355	-66.2188	-61.6152
BLOCK27/SES273/SA273S21	SES149	-1.41378	-63.029	-61.6152
BLOCK27/SES273/SA273S21	SES177	-4.97725	-66.5925	-61.6152
BLOCK27/SES273/SA273S25	SES104	-1.50993	-63.1128	-61.6029
BLOCK27/SES273/SA273S25	SES125	-2.0529	-63.6558	-61.6029
BLOCK27/SES273/SA273S25	SES158	-1.14395	-62.7469	-61.6029
BLOCK27/SES273/SA273S25	SES206	-0.360447	-61.9634	-61.6029
BLOCK27/SES273/SA273S27	SES099	-1.02067	-63.1196	-62.0989
BLOCK27/SES273/SA273S27	SES104	-1.36461	-63.4635	-62.0989
BLOCK27/SES273/SA273S27	SES149	-1.41817	-63.5171	-62.0989
BLOCK27/SES273/SA273S27	SES275	-2.87048	-64.9694	-62.0989
BLOCK27/SES274/SA274S10	SES105	-2.10107	-65.1934	-63.0923
BLOCK27/SES274/SA274S10	SES125	-1.26685	-64.3592	-63.0923
BLOCK27/SES274/SA274S10	SES129	-2.16248	-65.2548	-63.0923
BLOCK27/SES274/SA274S10	SES158	-2.13934	-65.2317	-63.0923
BLOCK27/SES274/SA274S11	SES105	-2.80919	-65.9573	-63.1481
BLOCK27/SES274/SA274S11	SES149	-1.12555	-64.2737	-63.1481
BLOCK27/SES274/SA274S11	SES158	-1.85391	-65.002	-63.1481
BLOCK27/SES274/SA274S11	SES275	-3.4075	-66.5556	-63.1481
BLOCK27/SES274/SA274S21	SES105	-2.8364	-66.1582	-63.3218
BLOCK27/SES274/SA274S21	SES129	-3.16726	-66.4891	-63.3218
BLOCK27/SES274/SA274S21	SES149	-1.48135	-64.8032	-63.3218
BLOCK27/SES274/SA274S21	SES158	-2.51333	-65.8352	-63.3218
BLOCK27/SES274/SA274S24	SES105	-2.6702	-65.5365	-62.8663
BLOCK27/SES274/SA274S24	SES129	-3.07908	-65.9454	-62.8663
BLOCK27/SES274/SA274S24	SES149	-1.54854	-64.4149	-62.8663
BLOCK27/SES274/SA274S24	SES158	-2.66212	-65.5285	-62.8663
BLOCK27/SES274/SA274S29	SES105	-3.09489	-66.1278	-63.033
BLOCK27/SES274/SA274S29	SES106	-2.5246	-65.5575	-63.033
BLOCK27/SES274/SA274S29	SES120	-2.74995	-65.7829	-63.033
BLOCK27/SES274/SA274S29	SES275	-3.12534	-66.1583	-63.033
BLOCK27/SES276/SA276S16	SES148	-2.58602	-67.2649	-64.6789
BLOCK27/SES276/SA276S16	SES172	-3.05782	-67.7367	-64.6789
BLOCK27/SES276/SA276S16	SES180	-4.92134	-69.6003	-64.6789
BLOCK27/SES276/SA276S16	SES292	-1.32322	-66.0021	-64.6789
BLOCK27/SES276/SA276S17	SES101	-2.00267	-66.2591	-64.2564
BLOCK27/SES276/SA276S17	SES177	-3.05029	-67.3067	-64.2564
BLOCK27/SES276/SA276S17	SES180	-3.1754	-67.4318	-64.2564
BLOCK27/SES276/SA276S17	SES292	-2.52785	-66.7843	-64.2564
BLOCK27/SES276/SA276S24	SES101	-1.02579	-64.2606	-63.2348
BLOCK27/SES276/SA276S24	SES177	-2.31058	-65.5454	-63.2348
BLOCK27/SES276/SA276S24	SES180	-3.28426	-66.5191	-63.2348
BLOCK27/SES276/SA276S24	SES292	-2.25433	-65.4891	-63.2348
BLOCK27/SES276/SA276S26	SES101	-2.22614	-65.9316	-63.7055
BLOCK27/SES276/SA276S26	SES177	-1.38366	-65.0892	-63.7055
BLOCK27/SES276/SA276S26	SES180	-1.79207	-65.4976	-63.7055
BLOCK27/SES276/SA276S26	SES292	-1.09814	-64.8036	-63.7055
BLOCK27/SES276/SA276S28	SES101	-2.41367	-66.4186	-64.005
BLOCK27/SES276/SA276S28	SES177	-2.16771	-66.1727	-64.005
BLOCK27/SES276/SA276S28	SES180	-2.28883	-66.2938	-64.005
BLOCK27/SES276/SA276S28	SES292	-1.8877	-65.8927	-64.005
BLOCK27/SES277/SA277S12	SES101	-1.73852	-66.8375	-65.0989
BLOCK27/SES277/SA277S12	SES177	-3.24595	-68.3449	-65.0989
BLOCK27/SES277/SA277S12	SES180	-3.43263	-68.5316	-65.0989
BLOCK27/SES277/SA277S12	SES292	-4.72737	-69.8263	-65.0989
BLOCK27/SES277/SA277S14	SES177	-1.825	-67.5907	-65.7657
BLOCK27/SES277/SA277S14	SES180	-2.61352	-68.3792	-65.7657
BLOCK27/SES277/SA277S14	SES189	-0.866867	-66.6326	-65.7657
BLOCK27/SES277/SA277S14	SES292	-4.26529	-70.031	-65.7657
BLOCK27/SES277/SA277S21	SES177	-1.15157	-65.6559	-64.5043
BLOCK27/SES277/SA277S21	SES180	-2.50569	-67.01	-64.5043
BLOCK27/SES277/SA277S21	SES189	-1.72028	-66.2246	-64.5043
BLOCK27/SES277/SA277S21	SES292	-3.81449	-68.3188	-64.5043
BLOCK27/SES277/SA277S24	SES144	-1.98088	-67.9985	-66.0176
BLOCK27/SES277/SA277S24	SES177	-2.036	-68.0536	-66.0176
BLOCK27/SES277/SA277S24	SES180	-3.17606	-69.1937	-66.0176
BLOCK27/SES277/SA277S24	SES189	-1.24565	-67.2633	-66.0176
BLOCK27/SES277/SA277S29	SES177	-1.39952	-64.9534	-63.5539
BLOCK27/SES277/SA277S29	SES180	-2.46797	-66.0218	-63.5539
BLOCK27/SES277/SA277S29	SES202	-2.37687	-65.9307	-63.5539
BLOCK27/SES277/SA277S29	SES292	-2.629	-66.1829	-63.5539
BLOCK27/SES279/SA279S09	SES120	-2.24953	-65.8866	-63.6371
BLOCK27/SES279/SA279S09	SES146	-2.12509	-65.7621	-63.6371
BLOCK27/SES279/SA279S09	SES206	-3.25933	-66.8964	-63.6371
BLOCK27/SES279/SA279S09	SES226	-3.41893	-67.056	-63.6371
BLOCK27/SES279/SA279S10	SES099	-3.09178	-66.3438	-63.252
BLOCK27/SES279/SA279S10	SES206	-2.76194	-66.0139	-63.252
BLOCK27/SES279/SA279S10	SES226	-3.11998	-66.3719	-63.252
BLOCK27/SES279/SA279S10	SES292	-1.80585	-65.0578	-63.252
BLOCK27/SES279/SA279S20	SES099	-5.03395	-68.8755	-63.8415
BLOCK27/SES279/SA279S20	SES206	-2.85487	-66.6964	-63.8415
BLOCK27/SES279/SA279S20	SES226	-3.72149	-67.563	-63.8415
BLOCK27/SES279/SA279S20	SES292	-0.816086	-64.6576	-63.8415
BLOCK27/SES279/SA279S26	SES099	-4.07284	-67.7828	-63.7099
BLOCK27/SES279/SA279S26	SES206	-2.18734	-65.8973	-63.7099
BLOCK27/SES279/SA279S26	SES226	-2.83121	-66.5412	-63.7099
BLOCK27/SES279/SA279S26	SES292	-1.76299	-65.4729	-63.7099
BLOCK27/SES279/SA279S28	SES099	-3.49025	-65.5592	-62.069
BLOCK27/SES279/SA279S28	SES120	-2.26031	-64.3293	-62.069
BLOCK27/SES279/SA279S28	SES177	-4.73651	-66.8055	-62.069
BLOCK27/SES279/SA279S28	SES206	-3.15167	-65.2207	-62.069
BLOCK29/SES290/SA290S12	SES162	-2.26983	-66.4637	-64.1938
BLOCK29/SES290/SA290S12	SES177	-1.93964	-66.1335	-64.1938
BLOCK29/SES290/SA290S12	SES180	-3.09231	-67.2861	-64.1938
BLOCK29/SES290/SA290S12	SES292	-3.11098	-67.3048	-64.1938
BLOCK29/SES290/SA290S13	SES007	-4.1518	-69.5066	-65.3548
BLOCK29/SES290/SA290S13	SES162	-3.06038	-68.4151	-65.3548
BLOCK29/SES290/SA290S13	SES177	-1.15961	-66.5144	-65.3548
BLOCK29/SES290/SA290S13	SES180	-2.32791	-67.6827	-65.3548
BLOCK29/SES290/SA290S22	SES177	-1.35916	-66.1979	-64.8388
BLOCK29/SES290/SA290S22	SES180	-1.43281	-66.2716	-64.8388
BLOCK29/SES290/SA290S22	SES202	-1.59367	-66.4324	-64.8388
BLOCK29/SES290/SA290S22	SES292	-3.45725	-68.296	-64.8388
BLOCK29/SES290/SA290S25	SES162	-1.53561	-65.8803	-64.3447
BLOCK29/SES290/SA290S25	SES177	-1.53783	-65.8826	-64.3447
BLOCK29/SES290/SA290S25	SES180	-1.88337	-66.2281	-64.3447
BLOCK29/SES290/SA290S25	SES292	-2.80511	-67.1498	-64.3447
BLOCK29/SES290/SA290S29	SES177	-0.307945	-64.468	-64.1601
BLOCK29/SES290/SA290S29	SES180	-1.09372	-65.2538	-64.1601
BLOCK29/SES290/SA290S29	SES275	-2.57301	-66.7331	-64.1601
BLOCK29/SES290/SA290S29	SES292	-1.94538	-66.1055	-64.1601
BLOCK29/SES291/SA291S11	SES105	-4.81959	-68.7549	-63.9353
BLOCK29/SES291/SA291S11	SES125	-1.55057	-65.4859	-63.9353
BLOCK29/SES291/SA291S11	SES158	-1.93478	-65.8701	-63.9353
BLOCK29/SES291/SA291S11	SES275	-5.6179	-69.5532	-63.9353
BLOCK29/SES291/SA291S12	SES158	-1.32784	-63.9593	-62.6314
BLOCK29/SES291/SA291S12	SES226	-2.29353	-64.925	-62.6314
BLOCK29/SES291/SA291S12	SES270	-0.672382	-63.3038	-62.6314
BLOCK29/SES291/SA291S12	SES275	-7.00576	-69.6372	-62.6314
BLOCK29/SES291/SA291S22	SES082	-1.94751	-64.7712	-62.8236
BLOCK29/SES291/SA291S22	SES158	-1.97163	-64.7953	-62.8236
BLOCK29/SES291/SA291S22	SES259	-2.81241	-65.6361	-62.8236
BLOCK29/SES291/SA291S22	SES275	-5.63036	-68.454	-62.8236
BLOCK29/SES291/SA291S24	SES104	-0.966606	-62.8602	-61.8936
BLOCK29/SES291/SA291S24	SES125	-0.991459	-62.885	-61.8936
BLOCK29/SES291/SA291S24	SES158	-1.44342	-63.337	-61.8936
BLOCK29/SES291/SA291S24	SES275	-5.84083	-67.7344	-61.8936
BLOCK29/SES291/SA291S27	SES158	-0.860943	-63.0282	-62.1673
BLOCK29/SES291/SA291S27	SES172	-5.65215	-67.8194	-62.1673
BLOCK29/SES291/SA291S27	SES275	-5.78571	-67.953	-62.1673
BLOCK29/SES291/SA291S27	SES292	-5.39212	-67.5594	-62.1673
Threshold search:
THR	-9.89024384641	9	0(0)	1(1000)
THR	-9.7517796079459	8.982	0(0)	0.998(998)
THR	-9.6133153694818	8.982	0(0)	0.998(998)
THR	-9.4748511310177	8.982	0(0)	0.998(998)
THR	-9.3363868925536	8.982	0(0)	0.998(998)
THR	-9.1979226540895	8.982	0(0)	0.998(998)
THR	-9.0594584156254	8.982	0(0)	0.998(998)
THR	-8.9209941771613	8.973	0(0)	0.997(997)
THR	-8.78252993869719	8.973	0(0)	0.997(997)
THR	-8.64406570023309	8.973	0(0)	0.997(997)
THR	-8.50560146176899	8.973	0(0)	0.997(997)
THR	-8.36713722330489	8.973	0(0)	0.997(997)
THR	-8.22867298484079	8.973	0(0)	0.997(997)
THR	-8.09020874637669	8.973	0(0)	0.997(997)
THR	-7.95174450791259	8.973	0(0)	0.997(997)
THR	-7.81328026944849	8.973	0(0)	0.997(997)
THR	-7.67481603098439	8.973	0(0)	0.997(997)
THR	-7.53635179252029	8.973	0(0)	0.997(997)
THR	-7.39788755405619	8.973	0(0)	0.997(997)
THR	-7.25942331559209	8.973	0(0)	0.997(997)
THR	-7.12095907712799	8.973	0(0)	0.997(997)
THR	-6.98249483866389	8.964	0(0)	0.996(996)
THR	-6.84403060019979	8.964	0(0)	0.996(996)
THR	-6.70556636173569	8.955	0(0)	0.995(995)
THR	-6.56710212327159	8.955	0(0)	0.995(995)
THR	-6.42863788480749	8.946	0(0)	0.994(994)
THR	-6.29017364634339	8.946	0(0)	0.994(994)
THR	-6.15170940787929	8.937	0(0)	0.993(993)
THR	-6.01324516941519	8.91	0(0)	0.99(990)
THR	-5.87478093095109	8.874	0(0)	0.986(986)
THR	-5.73631669248699	8.847	0(0)	0.983(983)
THR	-5.59785245402289	8.793	0(0)	0.977(977)
THR	-5.45938821555879	8.766	0(0)	0.974(974)
THR	-5.32092397709469	8.703	0(0)	0.967(967)
THR	-5.18245973863059	8.667	0(0)	0.963(963)
THR	-5.04399550016649	8.604	0(0)	0.956(956)
THR	-4.90553126170239	8.523	0(0)	0.947(947)
THR	-4.76706702323829	8.451	0(0)	0.939(939)
THR	-4.62860278477419	8.37	0(0)	0.93(930)
THR	-4.49013854631009	8.271	0(0)	0.919(919)
THR	-4.35167430784599	8.149	0.004(1)	0.905(905)
THR	-4.21321006938189	8.077	0.004(1)	0.897(897)
THR	-4.07474583091779	7.969	0.004(1)	0.885(885)
THR	-3.93628159245369	7.852	0.004(1)	0.872(872)
THR	-3.79781735398959	7.735	0.004(1)	0.859(859)
THR	-3.65935311552549	7.6	0.004(1)	0.844(844)
THR	-3.52088887706139	7.474	0.004(1)	0.83(830)
THR	-3.38242463859729	7.276	0.004(1)	0.808(808)
THR	-3.24396040013319	7.087	0.004(1)	0.787(787)
THR	-3.10549616166909	6.835	0.004(1)	0.759(759)
THR	-2.96703192320499	6.538	0.004(1)	0.726(726)
THR	-2.82856768474089	6.313	0.004(1)	0.701(701)
THR	-2.69010344627679	5.944	0.004(1)	0.66(660)
THR	-2.55163920781269	5.53	0.004(1)	0.614(614)
THR	-2.41317496934859	5.125	0.004(1)	0.569(569)
THR	-2.27471073088449	4.63	0.004(1)	0.514(514)
THR	-2.13624649242039	4.171	0.004(1)	0.463(463)
THR	-1.99778225395629	3.748	0.004(1)	0.416(416)
THR	-1.85931801549219	3.397	0.004(1)	0.377(377)
THR	-1.72085377702809	2.956	0.004(1)	0.328(328)
THR	-1.58238953856399	2.416	0.004(1)	0.268(268)
THR	-1.44392530009989	2.038	0.004(1)	0.226(226)
THR	-1.30546106163579	1.606	0.004(1)	0.178(178)
THR	-1.16699682317169	1.21	0.004(1)	0.134(134)
THR	-1.02853258470759	0.886	0.004(1)	0.098(98)
THR	-0.890068346243494	0.665	0.008(2)	0.073(73)
THR	-0.751604107779394	0.426	0.012(3)	0.046(46)
THR	-0.613139869315294	0.259	0.016(4)	0.027(27)
THR	-0.474675630851193	0.187	0.016(4)	0.019(19)
THR	-0.336211392387093	0.137	0.02(5)	0.013(13)
THR	-0.197747153922993	0.073	0.028(7)	0.005(5)
THR	-0.0592829154588934	0.072	0.036(9)	0.004(4)
THR	0.0791813230052067	0.112	0.076(19)	0.004(4)
THR	0.217645561469307	0.123	0.096(24)	0.003(3)
THR	0.356109799933407	0.143	0.116(29)	0.003(3)
THR	0.494574038397507	0.182	0.164(41)	0.002(2)
THR	0.633038276861607	0.221	0.212(53)	0.001(1)
THR	0.771502515325707	0.265	0.256(64)	0.001(1)
THR	0.909966753789807	0.337	0.328(82)	0.001(1)
THR	1.04843099225391	0.4	0.4(100)	0(0)
THR	1.18689523071801	0.456	0.456(114)	0(0)
THR	1.32535946918211	0.528	0.528(132)	0(0)
THR	1.46382370764621	0.616	0.616(154)	0(0)
THR	1.60228794611031	0.672	0.672(168)	0(0)
THR	1.74075218457441	0.712	0.712(178)	0(0)
THR	1.87921642303851	0.76	0.76(190)	0(0)
THR	2.01768066150261	0.788	0.788(197)	0(0)
THR	2.15614489996671	0.848	0.848(212)	0(0)
THR	2.29460913843081	0.88	0.88(220)	0(0)
THR	2.43307337689491	0.9	0.9(225)	0(0)
THR	2.57153761535901	0.92	0.92(230)	0(0)
THR	2.71000185382311	0.928	0.928(232)	0(0)
THR	2.84846609228721	0.944	0.944(236)	0(0)
THR	2.98693033075131	0.96	0.96(240)	0(0)
THR	3.12539456921541	0.976	0.976(244)	0(0)
THR	3.26385880767951	0.98	0.98(245)	0(0)
THR	3.40232304614361	0.984	0.984(246)	0(0)
THR	3.54078728460771	0.996	0.996(249)	0(0)
THR	3.67925152307181	0.996	0.996(249)	0(0)
THR	3.81771576153591	0.996	0.996(249)	0(0)
THR	3.95618000000001	1	1(250)	0(0)


==============================================
THR: -0.0592829154588934
Missed:     9/250=0.0360
FalseAlarm: 4/1000=0.0040
----------------------------------------------
==> CostDetection: 7.2
==============================================
