BLOCK00/SES002/SA002S12	SES002	0.767601	-5.19088	-5.95848
BLOCK00/SES002/SA002S13	SES002	0.791473	-6.06213	-6.8536
BLOCK00/SES002/SA002S23	SES002	-0.23752	-5.88052	-5.643
BLOCK00/SES002/SA002S26	SES002	0.0109482	-7.8523	-7.86325
BLOCK00/SES002/SA002S28	SES002	-0.841703	-8.01016	-7.16845
BLOCK00/SES007/SA007S14	SES007	0.525095	-4.9856	-5.51069
BLOCK00/SES007/SA007S15	SES007	0.291018	-5.65592	-5.94693
BLOCK00/SES007/SA007S24	SES007	0.176188	-4.96911	-5.1453
BLOCK00/SES007/SA007S27	SES007	-0.267572	-7.51111	-7.24354
BLOCK00/SES007/SA007S29	SES007	0.0956144	-4.90278	-4.9984
BLOCK00/SES008/SA008S11	SES008	0.729347	-3.63497	-4.36431
BLOCK00/SES008/SA008S12	SES008	-0.0195832	-4.12067	-4.10108
BLOCK00/SES008/SA008S19	SES008	1.20664	-3.6438	-4.85044
BLOCK00/SES008/SA008S22	SES008	0.250064	-5.42331	-5.67338
BLOCK00/SES008/SA008S29	SES008	0.992278	-2.69855	-3.69083
BLOCK01/SES014/SA014S10	SES014	0.169728	-5.62567	-5.79539
BLOCK01/SES014/SA014S12	SES014	1.37427	-4.42693	-5.8012
BLOCK01/SES014/SA014S24	SES014	0.643717	-5.15785	-5.80157
BLOCK01/SES014/SA014S26	SES014	0.610476	-5.5902	-6.20067
BLOCK01/SES014/SA014S28	SES014	1.9963	-2.84517	-4.84147
BLOCK01/SES016/SA016S12	SES016	-0.793275	-8.51872	-7.72545
BLOCK01/SES016/SA016S13	SES016	0.487863	-6.04363	-6.53149
BLOCK01/SES016/SA016S22	SES016	0.459609	-5.82914	-6.28875
BLOCK01/SES016/SA016S25	SES016	0.979585	-3.60876	-4.58835
BLOCK01/SES016/SA016S27	SES016	0.892258	-6.59509	-7.48735
BLOCK01/SES019/SA019S13	SES019	-nan	-nan	-7.24474
BLOCK01/SES019/SA019S14	SES019	-nan	-nan	-7.13556
BLOCK01/SES019/SA019S22	SES019	-nan	-nan	-6.25419
BLOCK01/SES019/SA019S25	SES019	-nan	-nan	-6.95399
BLOCK01/SES019/SA019S29	SES019	-nan	-nan	-9.2291
BLOCK02/SES029/SA029S11	SES029	0.672608	-4.38094	-5.05355
BLOCK02/SES029/SA029S12	SES029	-0.520298	-5.80498	-5.28468
BLOCK02/SES029/SA029S20	SES029	0.736095	-3.59133	-4.32743
BLOCK02/SES029/SA029S25	SES029	-0.235069	-5.69173	-5.45667
BLOCK02/SES029/SA029S28	SES029	-0.270554	-5.19088	-4.92032
BLOCK04/SES042/SA042S12	SES042	1.60373	-4.68766	-6.29139
BLOCK04/SES042/SA042S15	SES042	1.17308	-5.53164	-6.70472
BLOCK04/SES042/SA042S22	SES042	2.8014	-7.60291	-10.4043
BLOCK04/SES042/SA042S25	SES042	0.963552	-7.92358	-8.88713
BLOCK04/SES042/SA042S27	SES042	2.12583	-6.85328	-8.9791
BLOCK04/SES048/SA048S11	SES048	0.945301	-3.68246	-4.62777
BLOCK04/SES048/SA048S12	SES048	0.180013	-6.13734	-6.31736
BLOCK04/SES048/SA048S20	SES048	-0.135796	-5.4073	-5.27151
BLOCK04/SES048/SA048S23	SES048	0.86245	-3.92722	-4.78967
BLOCK04/SES048/SA048S27	SES048	-0.0296755	-5.63204	-5.60236
BLOCK06/SES060/SA060S11	SES060	1.06663	-5.21678	-6.28341
BLOCK06/SES060/SA060S12	SES060	0.104801	-8.24226	-8.34706
BLOCK06/SES060/SA060S22	SES060	-1.58939	-8.42797	-6.83858
BLOCK06/SES060/SA060S24	SES060	0.792771	-3.27144	-4.06421
BLOCK06/SES060/SA060S28	SES060	0.727314	-2.91719	-3.64451
BLOCK06/SES062/SA062S10	SES062	-0.236661	-5.54797	-5.31131
BLOCK06/SES062/SA062S11	SES062	0.556009	-6.92146	-7.47747
BLOCK06/SES062/SA062S21	SES062	0.445549	-2.66232	-3.10787
BLOCK06/SES062/SA062S26	SES062	-0.116258	-5.38509	-5.26883
BLOCK06/SES062/SA062S29	SES062	0.950257	-3.3422	-4.29246
BLOCK06/SES068/SA068S14	SES068	-0.406413	-5.48577	-5.07936
BLOCK06/SES068/SA068S15	SES068	0.830481	-4.649	-5.47948
BLOCK06/SES068/SA068S23	SES068	-0.501057	-6.42306	-5.922
BLOCK06/SES068/SA068S27	SES068	1.12253	-4.19883	-5.32136
BLOCK06/SES068/SA068S29	SES068	0.413567	-5.52965	-5.94321
BLOCK08/SES082/SA082S12	SES082	-1.00563	-6.52506	-5.51942
BLOCK08/SES082/SA082S14	SES082	-0.124448	-5.57857	-5.45412
BLOCK08/SES082/SA082S21	SES082	-0.431172	-5.3303	-4.89912
BLOCK08/SES082/SA082S24	SES082	-0.439823	-7.02891	-6.58909
BLOCK08/SES082/SA082S28	SES082	0.241163	-5.90912	-6.15028
BLOCK08/SES083/SA083S14	SES083	-0.268055	-4.62315	-4.35509
BLOCK08/SES083/SA083S15	SES083	0.293618	-5.54441	-5.83803
BLOCK08/SES083/SA083S24	SES083	-0.557687	-6.0615	-5.50382
BLOCK08/SES083/SA083S26	SES083	-0.150179	-7.36524	-7.21506
BLOCK08/SES083/SA083S29	SES083	-0.765333	-6.8084	-6.04307
BLOCK08/SES085/SA085S10	SES085	0.606279	-3.77484	-4.38112
BLOCK08/SES085/SA085S13	SES085	-1.10732	-7.55883	-6.45151
BLOCK08/SES085/SA085S22	SES085	0.649981	-4.17678	-4.82676
BLOCK08/SES085/SA085S26	SES085	-0.372439	-7.40625	-7.03381
BLOCK08/SES085/SA085S28	SES085	0.356731	-4.77317	-5.1299
BLOCK08/SES087/SA087S15	SES087	0.690128	-5.95006	-6.64019
BLOCK08/SES087/SA087S16	SES087	1.13877	-4.99122	-6.12999
BLOCK08/SES087/SA087S24	SES087	0.239885	-8.5108	-8.75069
BLOCK08/SES087/SA087S26	SES087	0.37392	-5.62914	-6.00306
BLOCK08/SES087/SA087S29	SES087	1.16188	-4.27532	-5.4372
BLOCK09/SES099/SA099S15	SES099	0.93052	-6.103	-7.03352
BLOCK09/SES099/SA099S16	SES099	0.605128	-3.63053	-4.23566
BLOCK09/SES099/SA099S24	SES099	1.16623	-4.47965	-5.64589
BLOCK09/SES099/SA099S26	SES099	0.778809	-5.28659	-6.0654
BLOCK09/SES099/SA099S29	SES099	1.04763	-5.80849	-6.85612
BLOCK10/SES101/SA101S11	SES101	-0.0280366	-5.3197	-5.29166
BLOCK10/SES101/SA101S13	SES101	0.498277	-1.67989	-2.17817
BLOCK10/SES101/SA101S22	SES101	0.399198	-5.91178	-6.31097
BLOCK10/SES101/SA101S24	SES101	0.209667	-4.77279	-4.98246
BLOCK10/SES101/SA101S28	SES101	0.486921	-4.9993	-5.48623
BLOCK10/SES104/SA104S11	SES104	0.750951	-4.19638	-4.94733
BLOCK10/SES104/SA104S12	SES104	0.412635	-5.44623	-5.85886
BLOCK10/SES104/SA104S21	SES104	0.385864	-5.72184	-6.1077
BLOCK10/SES104/SA104S24	SES104	-0.908786	-8.0012	-7.09241
BLOCK10/SES104/SA104S28	SES104	-0.223391	-7.95976	-7.73637
BLOCK10/SES105/SA105S12	SES105	0.77583	-6.31636	-7.09219
BLOCK10/SES105/SA105S13	SES105	-0.399812	-6.22622	-5.82641
BLOCK10/SES105/SA105S22	SES105	-0.15352	-6.7588	-6.60528
BLOCK10/SES105/SA105S26	SES105	0.433717	-6.4999	-6.93362
BLOCK10/SES105/SA105S29	SES105	0.91927	-4.02898	-4.94825
BLOCK10/SES106/SA106S09	SES106	-0.171326	-7.55397	-7.38265
BLOCK10/SES106/SA106S11	SES106	0.833423	-4.70099	-5.53441
BLOCK10/SES106/SA106S22	SES106	1.67955	-6.94759	-8.62714
BLOCK10/SES106/SA106S27	SES106	0.725288	-4.83177	-5.55706
BLOCK10/SES106/SA106S29	SES106	0.755452	-5.31648	-6.07193
BLOCK11/SES117/SA117S12	SES117	-0.00269842	-6.66387	-6.66118
BLOCK11/SES117/SA117S13	SES117	-0.201253	-5.82421	-5.62296
BLOCK11/SES117/SA117S23	SES117	0.931023	-7.61739	-8.54842
BLOCK11/SES117/SA117S25	SES117	0.882944	-5.73611	-6.61906
BLOCK11/SES117/SA117S28	SES117	0.715824	-7.37665	-8.09247
BLOCK12/SES120/SA120S08	SES120	0.851291	-7.86001	-8.7113
BLOCK12/SES120/SA120S11	SES120	-0.39531	-11.8513	-11.456
BLOCK12/SES120/SA120S22	SES120	-0.188814	-5.6836	-5.49478
BLOCK12/SES120/SA120S24	SES120	0.14083	-9.29425	-9.43508
BLOCK12/SES120/SA120S28	SES120	-0.288677	-8.65185	-8.36317
BLOCK12/SES125/SA125S13	SES125	0.957602	-7.6634	-8.62101
BLOCK12/SES125/SA125S14	SES125	0.489485	-8.63558	-9.12506
BLOCK12/SES125/SA125S25	SES125	1.40693	-6.54372	-7.95066
BLOCK12/SES125/SA125S27	SES125	0.743959	-6.31836	-7.06231
BLOCK12/SES125/SA125S29	SES125	0.363544	-5.72935	-6.0929
BLOCK12/SES127/SA127S11	SES127	0.270871	-4.56147	-4.83235
BLOCK12/SES127/SA127S12	SES127	0.64423	-2.30804	-2.95227
BLOCK12/SES127/SA127S23	SES127	0.271374	-3.9605	-4.23188
BLOCK12/SES127/SA127S25	SES127	-0.0540895	-3.66305	-3.60896
BLOCK12/SES127/SA127S27	SES127	0.957433	-3.34191	-4.29935
BLOCK12/SES129/SA129S11	SES129	0.649067	-3.47111	-4.12018
BLOCK12/SES129/SA129S12	SES129	0.307522	-3.4463	-3.75382
BLOCK12/SES129/SA129S22	SES129	0.472524	-4.03926	-4.51179
BLOCK12/SES129/SA129S27	SES129	1.06883	-3.85615	-4.92498
BLOCK12/SES129/SA129S29	SES129	0.206746	-7.74235	-7.9491
BLOCK14/SES142/SA142S11	SES142	1.51135	-4.41689	-5.92824
BLOCK14/SES142/SA142S12	SES142	0.568336	-6.97196	-7.54029
BLOCK14/SES142/SA142S24	SES142	0.527645	-6.07429	-6.60193
BLOCK14/SES142/SA142S27	SES142	0.424493	-5.86523	-6.28972
BLOCK14/SES142/SA142S29	SES142	0.751027	-5.58459	-6.33562
BLOCK14/SES143/SA143S12	SES143	0.672263	-4.59106	-5.26332
BLOCK14/SES143/SA143S13	SES143	0.677245	-4.70503	-5.38227
BLOCK14/SES143/SA143S23	SES143	0.221118	-5.43568	-5.6568
BLOCK14/SES143/SA143S25	SES143	0.0703993	-7.00349	-7.07389
BLOCK14/SES143/SA143S28	SES143	0.679202	-6.2219	-6.9011
BLOCK14/SES144/SA144S09	SES144	0.282611	-4.97892	-5.26153
BLOCK14/SES144/SA144S11	SES144	-0.184124	-5.14551	-4.96138
BLOCK14/SES144/SA144S21	SES144	-0.82648	-5.73215	-4.90567
BLOCK14/SES144/SA144S25	SES144	-0.0214453	-5.62436	-5.60292
BLOCK14/SES144/SA144S29	SES144	-0.71531	-6.86085	-6.14554
BLOCK14/SES146/SA146S14	SES146	-0.0378594	-6.04067	-6.00281
BLOCK14/SES146/SA146S15	SES146	0.188825	-6.38566	-6.57449
BLOCK14/SES146/SA146S24	SES146	0.558649	-6.44912	-7.00777
BLOCK14/SES146/SA146S26	SES146	0.481695	-5.71321	-6.1949
BLOCK14/SES146/SA146S29	SES146	0.198943	-7.14265	-7.34159
BLOCK14/SES147/SA147S11	SES147	-0.0631342	-6.248	-6.18487
BLOCK14/SES147/SA147S13	SES147	0.635423	-3.3415	-3.97692
BLOCK14/SES147/SA147S23	SES147	0.186937	-4.85187	-5.03881
BLOCK14/SES147/SA147S26	SES147	0.687624	-4.32121	-5.00883
BLOCK14/SES147/SA147S28	SES147	1.25026	-2.9957	-4.24596
BLOCK14/SES148/SA148S10	SES148	-0.296588	-4.36248	-4.06589
BLOCK14/SES148/SA148S12	SES148	-0.643368	-5.6658	-5.02244
BLOCK14/SES148/SA148S22	SES148	0.158614	-3.6057	-3.76431
BLOCK14/SES148/SA148S26	SES148	0.213449	-2.90055	-3.114
BLOCK14/SES148/SA148S29	SES148	-0.803317	-7.0397	-6.23638
BLOCK14/SES149/SA149S13	SES149	-0.535435	-5.38882	-4.85339
BLOCK14/SES149/SA149S14	SES149	0.208852	-3.7366	-3.94545
BLOCK14/SES149/SA149S24	SES149	0.451908	-4.64302	-5.09493
BLOCK14/SES149/SA149S26	SES149	0.761428	-4.58897	-5.3504
BLOCK14/SES149/SA149S28	SES149	1.49013	-1.11633	-2.60647
BLOCK15/SES158/SA158S13	SES158	1.115	-7.22132	-8.33632
BLOCK15/SES158/SA158S14	SES158	1.29333	-7.64317	-8.9365
BLOCK15/SES158/SA158S23	SES158	1.0966	-5.75918	-6.85578
BLOCK15/SES158/SA158S26	SES158	1.19937	-7.45268	-8.65205
BLOCK15/SES158/SA158S28	SES158	0.305884	-7.44618	-7.75207
BLOCK16/SES162/SA162S10	SES162	0.365881	-7.01956	-7.38544
BLOCK16/SES162/SA162S11	SES162	0.439519	-4.1602	-4.59972
BLOCK16/SES162/SA162S21	SES162	0.711267	-4.75543	-5.4667
BLOCK16/SES162/SA162S24	SES162	0.807547	-4.75685	-5.5644
BLOCK16/SES162/SA162S27	SES162	1.05032	-7.22087	-8.27119
BLOCK16/SES167/SA167S14	SES167	0.781295	-3.06055	-3.84184
BLOCK16/SES167/SA167S15	SES167	1.28787	-2.57064	-3.85851
BLOCK16/SES167/SA167S21	SES167	1.40668	-1.70918	-3.11586
BLOCK16/SES167/SA167S25	SES167	1.24791	-4.01673	-5.26464
BLOCK16/SES167/SA167S29	SES167	1.88449	-1.32681	-3.2113
BLOCK17/SES172/SA172S12	SES172	0.253396	-6.38415	-6.63754
BLOCK17/SES172/SA172S13	SES172	0.763292	-6.57296	-7.33625
BLOCK17/SES172/SA172S23	SES172	0.66731	-3.42881	-4.09612
BLOCK17/SES172/SA172S27	SES172	0.258371	-7.02244	-7.28081
BLOCK17/SES172/SA172S29	SES172	1.56103	-4.11659	-5.67762
BLOCK17/SES175/SA175S11	SES175	-0.425586	-6.82398	-6.39839
BLOCK17/SES175/SA175S13	SES175	0.875503	-1.97627	-2.85178
BLOCK17/SES175/SA175S23	SES175	0.73315	-3.33325	-4.0664
BLOCK17/SES175/SA175S25	SES175	-0.439625	-6.62771	-6.18809
BLOCK17/SES175/SA175S28	SES175	0.0322771	-4.65303	-4.6853
BLOCK17/SES177/SA177S15	SES177	-0.447049	-6.61184	-6.16479
BLOCK17/SES177/SA177S17	SES177	-0.00981379	-5.84733	-5.83752
BLOCK17/SES177/SA177S23	SES177	-0.69476	-6.54527	-5.85051
BLOCK17/SES177/SA177S26	SES177	0.498112	-2.94134	-3.43945
BLOCK17/SES177/SA177S28	SES177	0.284061	-6.5403	-6.82436
BLOCK18/SES180/SA180S13	SES180	-0.527198	-7.97186	-7.44466
BLOCK18/SES180/SA180S15	SES180	-0.186062	-4.88406	-4.698
BLOCK18/SES180/SA180S24	SES180	-0.368151	-4.25051	-3.88236
BLOCK18/SES180/SA180S26	SES180	-0.607394	-5.53964	-4.93224
BLOCK18/SES180/SA180S29	SES180	-0.890623	-8.04017	-7.14955
BLOCK18/SES183/SA183S13	SES183	0.712717	-5.41917	-6.13189
BLOCK18/SES183/SA183S14	SES183	-0.735769	-5.93207	-5.1963
BLOCK18/SES183/SA183S24	SES183	0.598612	-6.51076	-7.10937
BLOCK18/SES183/SA183S27	SES183	0.964221	-5.72964	-6.69386
BLOCK18/SES183/SA183S29	SES183	0.941511	-4.41143	-5.35294
BLOCK18/SES187/SA187S13	SES187	-0.899964	-7.58742	-6.68745
BLOCK18/SES187/SA187S14	SES187	-0.66351	-7.16659	-6.50308
BLOCK18/SES187/SA187S24	SES187	0.819999	-5.70384	-6.52384
BLOCK18/SES187/SA187S27	SES187	0.446437	-5.14025	-5.58669
BLOCK18/SES187/SA187S29	SES187	-0.705471	-8.83231	-8.12684
BLOCK18/SES189/SA189S10	SES189	0.865726	-6.48508	-7.35081
BLOCK18/SES189/SA189S13	SES189	0.656258	-9.40204	-10.0583
BLOCK18/SES189/SA189S24	SES189	0.907354	-6.27885	-7.18621
BLOCK18/SES189/SA189S26	SES189	0.4662	-6.66591	-7.13211
BLOCK18/SES189/SA189S29	SES189	0.92308	-5.67955	-6.60263
BLOCK20/SES202/SA202S12	SES202	0.360689	-8.06629	-8.42698
BLOCK20/SES202/SA202S14	SES202	1.35178	-6.19184	-7.54362
BLOCK20/SES202/SA202S24	SES202	0.314384	-7.33575	-7.65013
BLOCK20/SES202/SA202S27	SES202	0.691287	-4.59153	-5.28282
BLOCK20/SES202/SA202S29	SES202	0.878479	-5.09767	-5.97615
BLOCK20/SES206/SA206S15	SES206	-1.15163	-4.98361	-3.83198
BLOCK20/SES206/SA206S17	SES206	0.671199	-6.14051	-6.81171
BLOCK20/SES206/SA206S24	SES206	0.747459	-4.22506	-4.97251
BLOCK20/SES206/SA206S27	SES206	1.16268	-6.87363	-8.03631
BLOCK20/SES206/SA206S29	SES206	1.22181	-6.28435	-7.50616
BLOCK22/SES226/SA226S12	SES226	0.545324	-5.4374	-5.98272
BLOCK22/SES226/SA226S13	SES226	-1.33859	-5.96924	-4.63065
BLOCK22/SES226/SA226S20	SES226	-0.229636	-5.13029	-4.90065
BLOCK22/SES226/SA226S23	SES226	-0.121536	-4.56278	-4.44125
BLOCK22/SES226/SA226S28	SES226	0.347243	-4.9731	-5.32035
BLOCK25/SES259/SA259S13	SES259	2.53503	-5.16031	-7.69534
BLOCK25/SES259/SA259S14	SES259	0.987041	-5.22029	-6.20733
BLOCK25/SES259/SA259S22	SES259	1.1938	-4.89917	-6.09296
BLOCK25/SES259/SA259S24	SES259	1.04758	-5.85018	-6.89775
BLOCK25/SES259/SA259S28	SES259	0.75924	-5.17521	-5.93445
BLOCK27/SES270/SA270S14	SES270	1.37677	-5.11283	-6.4896
BLOCK27/SES270/SA270S16	SES270	-0.342333	-5.33284	-4.99051
BLOCK27/SES270/SA270S22	SES270	1.02254	-4.81418	-5.83672
BLOCK27/SES270/SA270S26	SES270	0.62257	-6.56904	-7.19161
BLOCK27/SES270/SA270S28	SES270	1.33543	-3.4059	-4.74133
BLOCK27/SES275/SA275S17	SES275	0.348167	-5.1907	-5.53887
BLOCK27/SES275/SA275S18	SES275	-0.0113621	-5.95391	-5.94255
BLOCK27/SES275/SA275S24	SES275	0.27865	-5.77349	-6.05214
BLOCK27/SES275/SA275S26	SES275	0.457272	-4.8175	-5.27477
BLOCK27/SES275/SA275S28	SES275	0.215891	-5.21913	-5.43502
BLOCK29/SES292/SA292S10	SES292	-0.805702	-5.65866	-4.85295
BLOCK29/SES292/SA292S12	SES292	0.273962	-6.34371	-6.61767
BLOCK29/SES292/SA292S22	SES292	-0.382606	-6.10536	-5.72275
BLOCK29/SES292/SA292S24	SES292	0.0221224	-4.07005	-4.09218
BLOCK29/SES292/SA292S27	SES292	-0.233003	-4.83826	-4.60525
BLOCK00/SES001/SA001S14	SES062	-3.312	-10.6786	-7.36662
BLOCK00/SES001/SA001S14	SES082	-1.53524	-8.90186	-7.36662
BLOCK00/SES001/SA001S14	SES106	-1.25921	-8.62584	-7.36662
BLOCK00/SES001/SA001S14	SES206	-2.0566	-9.42323	-7.36662
BLOCK00/SES001/SA001S15	SES062	-3.24979	-9.50407	-6.25428
BLOCK00/SES001/SA001S15	SES104	-1.52124	-7.77552	-6.25428
BLOCK00/SES001/SA001S15	SES106	-0.834959	-7.08924	-6.25428
BLOCK00/SES001/SA001S15	SES206	-2.18625	-8.44053	-6.25428
BLOCK00/SES001/SA001S24	SES062	-3.75925	-10.7933	-7.03405
BLOCK00/SES001/SA001S24	SES082	-1.70877	-8.74282	-7.03405
BLOCK00/SES001/SA001S24	SES087	-4.15081	-11.1849	-7.03405
BLOCK00/SES001/SA001S24	SES206	-1.4376	-8.47165	-7.03405
BLOCK00/SES001/SA001S27	SES062	-2.13354	-5.78261	-3.64908
BLOCK00/SES001/SA001S27	SES082	-1.03705	-4.68613	-3.64908
BLOCK00/SES001/SA001S27	SES087	-1.12911	-4.77819	-3.64908
BLOCK00/SES001/SA001S27	SES206	-1.82496	-5.47404	-3.64908
BLOCK00/SES001/SA001S29	SES062	-3.85459	-10.2151	-6.3605
BLOCK00/SES001/SA001S29	SES082	-1.58454	-7.94504	-6.3605
BLOCK00/SES001/SA001S29	SES158	-1.59181	-7.95231	-6.3605
BLOCK00/SES001/SA001S29	SES206	-3.08808	-9.44858	-6.3605
BLOCK00/SES003/SA003S11	SES002	-0.407428	-5.31842	-4.91099
BLOCK00/SES003/SA003S11	SES019	-nan	-nan	-4.91099
BLOCK00/SES003/SA003S11	SES082	-0.863414	-5.7744	-4.91099
BLOCK00/SES003/SA003S11	SES125	-1.82397	-6.73496	-4.91099
BLOCK00/SES003/SA003S15	SES016	-1.92934	-7.14384	-5.2145
BLOCK00/SES003/SA003S15	SES019	-nan	-nan	-5.2145
BLOCK00/SES003/SA003S15	SES062	-0.589202	-5.8037	-5.2145
BLOCK00/SES003/SA003S15	SES206	-1.05031	-6.26481	-5.2145
BLOCK00/SES003/SA003S22	SES002	-0.646103	-5.81538	-5.16927
BLOCK00/SES003/SA003S22	SES062	-0.765399	-5.93467	-5.16927
BLOCK00/SES003/SA003S22	SES082	-1.20686	-6.37614	-5.16927
BLOCK00/SES003/SA003S22	SES087	-0.708891	-5.87817	-5.16927
BLOCK00/SES003/SA003S25	SES062	-3.55498	-10.121	-6.56604
BLOCK00/SES003/SA003S25	SES082	-1.94005	-8.50609	-6.56604
BLOCK00/SES003/SA003S25	SES087	-1.56306	-8.1291	-6.56604
BLOCK00/SES003/SA003S25	SES206	-2.23925	-8.80529	-6.56604
BLOCK00/SES003/SA003S29	SES002	-1.97364	-7.22263	-5.24899
BLOCK00/SES003/SA003S29	SES062	-3.12004	-8.36903	-5.24899
BLOCK00/SES003/SA003S29	SES082	-1.69586	-6.94485	-5.24899
BLOCK00/SES003/SA003S29	SES087	-1.91061	-7.1596	-5.24899
BLOCK00/SES004/SA004S12	SES083	-1.45707	-5.78941	-4.33233
BLOCK00/SES004/SA004S12	SES148	-1.98222	-6.31455	-4.33233
BLOCK00/SES004/SA004S12	SES172	-0.250592	-4.58293	-4.33233
BLOCK00/SES004/SA004S12	SES292	-1.89039	-6.22272	-4.33233
BLOCK00/SES004/SA004S17	SES083	-1.79027	-6.3381	-4.54783
BLOCK00/SES004/SA004S17	SES162	-0.955304	-5.50313	-4.54783
BLOCK00/SES004/SA004S17	SES172	-0.511583	-5.05941	-4.54783
BLOCK00/SES004/SA004S17	SES292	-1.50491	-6.05274	-4.54783
BLOCK00/SES004/SA004S24	SES083	-1.2445	-6.2582	-5.0137
BLOCK00/SES004/SA004S24	SES148	-3.23348	-8.24718	-5.0137
BLOCK00/SES004/SA004S24	SES172	-0.240509	-5.2542	-5.0137
BLOCK00/SES004/SA004S24	SES292	-1.60238	-6.61607	-5.0137
BLOCK00/SES004/SA004S26	SES083	-2.11949	-7.73346	-5.61397
BLOCK00/SES004/SA004S26	SES127	-3.1868	-8.80077	-5.61397
BLOCK00/SES004/SA004S26	SES148	-4.45759	-10.0716	-5.61397
BLOCK00/SES004/SA004S26	SES292	-3.46144	-9.0754	-5.61397
BLOCK00/SES004/SA004S28	SES083	-0.695473	-3.24219	-2.54672
BLOCK00/SES004/SA004S28	SES127	-0.692338	-3.23906	-2.54672
BLOCK00/SES004/SA004S28	SES187	-0.224731	-2.77145	-2.54672
BLOCK00/SES004/SA004S28	SES292	-1.07381	-3.62053	-2.54672
BLOCK00/SES006/SA006S10	SES014	-6.6129	-15.1876	-8.5747
BLOCK00/SES006/SA006S10	SES158	-6.48899	-15.0637	-8.5747
BLOCK00/SES006/SA006S10	SES226	-7.88432	-16.459	-8.5747
BLOCK00/SES006/SA006S10	SES270	-5.00029	-13.575	-8.5747
BLOCK00/SES006/SA006S11	SES158	-4.5141	-12.4127	-7.89864
BLOCK00/SES006/SA006S11	SES226	-4.54549	-12.4441	-7.89864
BLOCK00/SES006/SA006S11	SES270	-3.04996	-10.9486	-7.89864
BLOCK00/SES006/SA006S11	SES275	-2.58135	-10.48	-7.89864
BLOCK00/SES006/SA006S23	SES062	-5.30615	-12.8364	-7.53024
BLOCK00/SES006/SA006S23	SES105	-3.54881	-11.079	-7.53024
BLOCK00/SES006/SA006S23	SES158	-3.96334	-11.4936	-7.53024
BLOCK00/SES006/SA006S23	SES275	-2.61088	-10.1411	-7.53024
BLOCK00/SES006/SA006S26	SES104	-5.1822	-13.2452	-8.06305
BLOCK00/SES006/SA006S26	SES158	-5.20323	-13.2663	-8.06305
BLOCK00/SES006/SA006S26	SES270	-2.59925	-10.6623	-8.06305
BLOCK00/SES006/SA006S26	SES275	-2.14043	-10.2035	-8.06305
BLOCK00/SES006/SA006S28	SES007	-4.31366	-12.2284	-7.91475
BLOCK00/SES006/SA006S28	SES105	-3.42546	-11.3402	-7.91475
BLOCK00/SES006/SA006S28	SES158	-3.27553	-11.1903	-7.91475
BLOCK00/SES006/SA006S28	SES275	-3.19227	-11.107	-7.91475
BLOCK00/SES009/SA009S12	SES083	-2.86781	-9.14272	-6.27491
BLOCK00/SES009/SA009S12	SES148	-4.04641	-10.3213	-6.27491
BLOCK00/SES009/SA009S12	SES177	-0.871475	-7.14639	-6.27491
BLOCK00/SES009/SA009S12	SES292	-1.61254	-7.88745	-6.27491
BLOCK00/SES009/SA009S15	SES007	-1.05477	-6.74618	-5.6914
BLOCK00/SES009/SA009S15	SES099	-3.70981	-9.40121	-5.6914
BLOCK00/SES009/SA009S15	SES148	-3.80514	-9.49654	-5.6914
BLOCK00/SES009/SA009S15	SES172	-1.33531	-7.02671	-5.6914
BLOCK00/SES009/SA009S24	SES146	-1.17275	-8.22461	-7.05186
BLOCK00/SES009/SA009S24	SES148	-3.90449	-10.9564	-7.05186
BLOCK00/SES009/SA009S24	SES177	-0.768899	-7.82076	-7.05186
BLOCK00/SES009/SA009S24	SES292	-1.06897	-8.12083	-7.05186
BLOCK00/SES009/SA009S26	SES083	-2.88567	-8.60105	-5.71538
BLOCK00/SES009/SA009S26	SES101	-2.24692	-7.9623	-5.71538
BLOCK00/SES009/SA009S26	SES120	-1.69486	-7.41024	-5.71538
BLOCK00/SES009/SA009S26	SES177	-1.1194	-6.83478	-5.71538
BLOCK00/SES009/SA009S29	SES083	-2.37967	-7.97975	-5.60008
BLOCK00/SES009/SA009S29	SES101	-2.14022	-7.74031	-5.60008
BLOCK00/SES009/SA009S29	SES177	-1.38913	-6.98922	-5.60008
BLOCK00/SES009/SA009S29	SES292	-1.59131	-7.19139	-5.60008
BLOCK01/SES011/SA011S10	SES019	-nan	-nan	-8.45596
BLOCK01/SES011/SA011S10	SES042	-0.876724	-9.33268	-8.45596
BLOCK01/SES011/SA011S10	SES082	-1.84188	-10.2978	-8.45596
BLOCK01/SES011/SA011S10	SES206	-1.50198	-9.95794	-8.45596
BLOCK01/SES011/SA011S11	SES019	-nan	-nan	-8.2384
BLOCK01/SES011/SA011S11	SES042	-0.927412	-9.16581	-8.2384
BLOCK01/SES011/SA011S11	SES082	-1.56121	-9.79962	-8.2384
BLOCK01/SES011/SA011S11	SES206	-2.0983	-10.3367	-8.2384
BLOCK01/SES011/SA011S22	SES019	-nan	-nan	-8.74373
BLOCK01/SES011/SA011S22	SES042	0.551318	-8.19241	-8.74373
BLOCK01/SES011/SA011S22	SES082	-1.21411	-9.95784	-8.74373
BLOCK01/SES011/SA011S22	SES206	-1.2207	-9.96443	-8.74373
BLOCK01/SES011/SA011S24	SES019	-nan	-nan	-7.5005
BLOCK01/SES011/SA011S24	SES042	-0.322262	-7.82276	-7.5005
BLOCK01/SES011/SA011S24	SES104	-1.30534	-8.80584	-7.5005
BLOCK01/SES011/SA011S24	SES206	-0.699506	-8.2	-7.5005
BLOCK01/SES011/SA011S27	SES082	-0.94719	-8.18241	-7.23522
BLOCK01/SES011/SA011S27	SES087	-3.54796	-10.7832	-7.23522
BLOCK01/SES011/SA011S27	SES125	-1.44358	-8.6788	-7.23522
BLOCK01/SES011/SA011S27	SES206	-1.15177	-8.38699	-7.23522
BLOCK01/SES012/SA012S11	SES007	-1.08244	-6.46221	-5.37977
BLOCK01/SES012/SA012S11	SES082	-1.08227	-6.46205	-5.37977
BLOCK01/SES012/SA012S11	SES083	-1.68087	-7.06064	-5.37977
BLOCK01/SES012/SA012S11	SES206	-1.05492	-6.43469	-5.37977
BLOCK01/SES012/SA012S14	SES082	-0.973379	-8.00882	-7.03544
BLOCK01/SES012/SA012S14	SES087	-1.93173	-8.96716	-7.03544
BLOCK01/SES012/SA012S14	SES206	-0.618668	-7.6541	-7.03544
BLOCK01/SES012/SA012S14	SES292	-1.29699	-8.33243	-7.03544
BLOCK01/SES012/SA012S24	SES082	-0.651886	-8.95767	-8.30578
BLOCK01/SES012/SA012S24	SES087	-1.6315	-9.93728	-8.30578
BLOCK01/SES012/SA012S24	SES120	-2.49157	-10.7974	-8.30578
BLOCK01/SES012/SA012S24	SES206	-1.77701	-10.0828	-8.30578
BLOCK01/SES012/SA012S26	SES019	-nan	-nan	-8.56912
BLOCK01/SES012/SA012S26	SES082	-1.69887	-10.268	-8.56912
BLOCK01/SES012/SA012S26	SES206	-0.699193	-9.26831	-8.56912
BLOCK01/SES012/SA012S26	SES292	-1.61035	-10.1795	-8.56912
BLOCK01/SES012/SA012S29	SES062	-1.8292	-5.57399	-3.74479
BLOCK01/SES012/SA012S29	SES082	-0.619263	-4.36405	-3.74479
BLOCK01/SES012/SA012S29	SES083	-2.29709	-6.04188	-3.74479
BLOCK01/SES012/SA012S29	SES206	0.291246	-3.45354	-3.74479
BLOCK01/SES013/SA013S16	SES062	-4.3516	-12.1632	-7.81161
BLOCK01/SES013/SA013S16	SES106	-2.99115	-10.8028	-7.81161
BLOCK01/SES013/SA013S16	SES206	-3.08982	-10.9014	-7.81161
BLOCK01/SES013/SA013S16	SES226	-2.70877	-10.5204	-7.81161
BLOCK01/SES013/SA013S17	SES062	-2.95621	-8.53021	-5.574
BLOCK01/SES013/SA013S17	SES106	-2.51295	-8.08694	-5.574
BLOCK01/SES013/SA013S17	SES206	-1.59688	-7.17088	-5.574
BLOCK01/SES013/SA013S17	SES226	-0.657116	-6.23111	-5.574
BLOCK01/SES013/SA013S23	SES104	-1.08039	-7.89021	-6.80982
BLOCK01/SES013/SA013S23	SES106	-1.7996	-8.60942	-6.80982
BLOCK01/SES013/SA013S23	SES206	-2.78426	-9.59408	-6.80982
BLOCK01/SES013/SA013S23	SES270	-2.39289	-9.20271	-6.80982
BLOCK01/SES013/SA013S25	SES042	-3.78259	-10.8853	-7.10275
BLOCK01/SES013/SA013S25	SES104	-0.733686	-7.83643	-7.10275
BLOCK01/SES013/SA013S25	SES106	-1.23874	-8.34149	-7.10275
BLOCK01/SES013/SA013S25	SES206	-1.86841	-8.97116	-7.10275
BLOCK01/SES013/SA013S29	SES062	-4.80643	-11.8643	-7.05791
BLOCK01/SES013/SA013S29	SES104	-1.81935	-8.87726	-7.05791
BLOCK01/SES013/SA013S29	SES106	-2.28166	-9.33957	-7.05791
BLOCK01/SES013/SA013S29	SES206	-2.69836	-9.75627	-7.05791
BLOCK02/SES021/SA021S13	SES016	-2.2485	-8.38366	-6.13516
BLOCK02/SES021/SA021S13	SES029	-1.62364	-7.7588	-6.13516
BLOCK02/SES021/SA021S13	SES087	-2.86345	-8.99861	-6.13516
BLOCK02/SES021/SA021S13	SES206	-1.77989	-7.91505	-6.13516
BLOCK02/SES021/SA021S15	SES087	-1.07779	-6.84973	-5.77194
BLOCK02/SES021/SA021S15	SES125	-1.1564	-6.92834	-5.77194
BLOCK02/SES021/SA021S15	SES206	-1.98888	-7.76082	-5.77194
BLOCK02/SES021/SA021S15	SES226	-1.88549	-7.65743	-5.77194
BLOCK02/SES021/SA021S23	SES062	-3.93166	-10.8496	-6.91798
BLOCK02/SES021/SA021S23	SES087	-1.11549	-8.03348	-6.91798
BLOCK02/SES021/SA021S23	SES206	-2.47647	-9.39446	-6.91798
BLOCK02/SES021/SA021S23	SES226	-1.84855	-8.76653	-6.91798
BLOCK02/SES021/SA021S27	SES002	-2.43943	-6.80997	-4.37053
BLOCK02/SES021/SA021S27	SES016	-4.11093	-8.48146	-4.37053
BLOCK02/SES021/SA021S27	SES019	-nan	-nan	-4.37053
BLOCK02/SES021/SA021S27	SES062	-2.55025	-6.92078	-4.37053
BLOCK02/SES021/SA021S29	SES087	-1.52338	-7.16285	-5.63947
BLOCK02/SES021/SA021S29	SES125	-2.36706	-8.00653	-5.63947
BLOCK02/SES021/SA021S29	SES206	-0.833692	-6.47316	-5.63947
BLOCK02/SES021/SA021S29	SES226	-1.48569	-7.12516	-5.63947
BLOCK04/SES043/SA043S09	SES083	-0.814775	-7.84215	-7.02737
BLOCK04/SES043/SA043S09	SES101	-1.1395	-8.16688	-7.02737
BLOCK04/SES043/SA043S09	SES144	-0.753227	-7.7806	-7.02737
BLOCK04/SES043/SA043S09	SES172	-1.67726	-8.70463	-7.02737
BLOCK04/SES043/SA043S11	SES083	-0.880583	-5.22747	-4.34689
BLOCK04/SES043/SA043S11	SES101	-1.06435	-5.41124	-4.34689
BLOCK04/SES043/SA043S11	SES144	-0.338327	-4.68522	-4.34689
BLOCK04/SES043/SA043S11	SES172	-1.79488	-6.14177	-4.34689
BLOCK04/SES043/SA043S23	SES083	-0.897013	-6.0532	-5.15619
BLOCK04/SES043/SA043S23	SES144	-0.274604	-5.43079	-5.15619
BLOCK04/SES043/SA043S23	SES177	-1.05975	-6.21593	-5.15619
BLOCK04/SES043/SA043S23	SES275	-0.874278	-6.03046	-5.15619
BLOCK04/SES043/SA043S26	SES083	-1.24584	-9.69023	-8.44439
BLOCK04/SES043/SA043S26	SES101	-1.20701	-9.65141	-8.44439
BLOCK04/SES043/SA043S26	SES144	-1.16484	-9.60923	-8.44439
BLOCK04/SES043/SA043S26	SES177	-2.78066	-11.2251	-8.44439
BLOCK04/SES043/SA043S28	SES016	-1.72588	-7.57173	-5.84585
BLOCK04/SES043/SA043S28	SES083	-0.777614	-6.62346	-5.84585
BLOCK04/SES043/SA043S28	SES101	-0.802592	-6.64844	-5.84585
BLOCK04/SES043/SA043S28	SES144	-0.931718	-6.77757	-5.84585
BLOCK04/SES044/SA044S10	SES127	-7.03464	-15.67	-8.63534
BLOCK04/SES044/SA044S10	SES144	-1.91241	-10.5477	-8.63534
BLOCK04/SES044/SA044S10	SES147	-6.27061	-14.9059	-8.63534
BLOCK04/SES044/SA044S10	SES148	-5.37839	-14.0137	-8.63534
BLOCK04/SES044/SA044S11	SES101	-1.43964	-8.6766	-7.23696
BLOCK04/SES044/SA044S11	SES144	-0.687846	-7.9248	-7.23696
BLOCK04/SES044/SA044S11	SES147	-3.13642	-10.3734	-7.23696
BLOCK04/SES044/SA044S11	SES177	-2.41935	-9.65631	-7.23696
BLOCK04/SES044/SA044S24	SES007	-2.87121	-9.85047	-6.97926
BLOCK04/SES044/SA044S24	SES101	-1.73838	-8.71764	-6.97926
BLOCK04/SES044/SA044S24	SES147	-3.46345	-10.4427	-6.97926
BLOCK04/SES044/SA044S24	SES177	-2.85676	-9.83602	-6.97926
BLOCK04/SES044/SA044S26	SES007	-1.8648	-6.54361	-4.67882
BLOCK04/SES044/SA044S26	SES016	-0.927833	-5.60665	-4.67882
BLOCK04/SES044/SA044S26	SES101	-1.27378	-5.95259	-4.67882
BLOCK04/SES044/SA044S26	SES147	-0.914703	-5.59352	-4.67882
BLOCK04/SES044/SA044S29	SES007	-3.44259	-8.89378	-5.4512
BLOCK04/SES044/SA044S29	SES101	-1.32468	-6.77587	-5.4512
BLOCK04/SES044/SA044S29	SES147	-2.2008	-7.65199	-5.4512
BLOCK04/SES044/SA044S29	SES177	-2.9205	-8.3717	-5.4512
BLOCK04/SES046/SA046S13	SES101	-0.851925	-7.99976	-7.14784
BLOCK04/SES046/SA046S13	SES144	-1.05268	-8.20051	-7.14784
BLOCK04/SES046/SA046S13	SES147	-2.69497	-9.84281	-7.14784
BLOCK04/SES046/SA046S13	SES177	-1.787	-8.93484	-7.14784
BLOCK04/SES046/SA046S15	SES048	-0.528511	-4.06282	-3.53431
BLOCK04/SES046/SA046S15	SES083	-1.43274	-4.96704	-3.53431
BLOCK04/SES046/SA046S15	SES120	-2.81194	-6.34624	-3.53431
BLOCK04/SES046/SA046S15	SES148	-1.42035	-4.95466	-3.53431
BLOCK04/SES046/SA046S22	SES101	-1.13641	-7.2022	-6.06579
BLOCK04/SES046/SA046S22	SES144	-0.423093	-6.48889	-6.06579
BLOCK04/SES046/SA046S22	SES147	-2.10927	-8.17506	-6.06579
BLOCK04/SES046/SA046S22	SES172	-1.09152	-7.15731	-6.06579
BLOCK04/SES046/SA046S25	SES083	-0.906172	-5.00534	-4.09917
BLOCK04/SES046/SA046S25	SES127	-2.12772	-6.22689	-4.09917
BLOCK04/SES046/SA046S25	SES144	-0.809117	-4.90829	-4.09917
BLOCK04/SES046/SA046S25	SES148	-1.21561	-5.31478	-4.09917
BLOCK04/SES046/SA046S28	SES007	-1.84369	-7.39144	-5.54775
BLOCK04/SES046/SA046S28	SES105	-1.2512	-6.79895	-5.54775
BLOCK04/SES046/SA046S28	SES147	-1.73281	-7.28056	-5.54775
BLOCK04/SES046/SA046S28	SES148	-2.86486	-8.41261	-5.54775
BLOCK04/SES049/SA049S16	SES104	-1.67328	-8.86314	-7.18986
BLOCK04/SES049/SA049S16	SES106	-3.61183	-10.8017	-7.18986
BLOCK04/SES049/SA049S16	SES120	-2.67704	-9.86691	-7.18986
BLOCK04/SES049/SA049S16	SES206	-2.49773	-9.6876	-7.18986
BLOCK04/SES049/SA049S18	SES099	-0.806459	-8.36865	-7.56219
BLOCK04/SES049/SA049S18	SES104	-2.13029	-9.69248	-7.56219
BLOCK04/SES049/SA049S18	SES125	-3.68073	-11.2429	-7.56219
BLOCK04/SES049/SA049S18	SES206	-2.76364	-10.3258	-7.56219
BLOCK04/SES049/SA049S25	SES087	-2.35687	-9.6964	-7.33953
BLOCK04/SES049/SA049S25	SES104	-1.16356	-8.50309	-7.33953
BLOCK04/SES049/SA049S25	SES125	-2.94769	-10.2872	-7.33953
BLOCK04/SES049/SA049S25	SES206	-2.29084	-9.63037	-7.33953
BLOCK04/SES049/SA049S27	SES099	-1.26703	-4.80936	-3.54233
BLOCK04/SES049/SA049S27	SES104	-0.144373	-3.6867	-3.54233
BLOCK04/SES049/SA049S27	SES125	-2.78737	-6.32969	-3.54233
BLOCK04/SES049/SA049S27	SES206	-2.55676	-6.09909	-3.54233
BLOCK04/SES049/SA049S29	SES099	-0.566752	-4.92836	-4.36161
BLOCK04/SES049/SA049S29	SES104	-0.210912	-4.57252	-4.36161
BLOCK04/SES049/SA049S29	SES125	-1.55233	-5.91394	-4.36161
BLOCK04/SES049/SA049S29	SES206	-2.03368	-6.39529	-4.36161
BLOCK06/SES063/SA063S09	SES068	-3.00855	-10.6495	-7.64093
BLOCK06/SES063/SA063S09	SES083	-1.02626	-8.66719	-7.64093
BLOCK06/SES063/SA063S09	SES177	-1.02113	-8.66206	-7.64093
BLOCK06/SES063/SA063S09	SES187	-1.68511	-9.32604	-7.64093
BLOCK06/SES063/SA063S10	SES068	-2.24756	-9.47533	-7.22777
BLOCK06/SES063/SA063S10	SES083	-1.77865	-9.00643	-7.22777
BLOCK06/SES063/SA063S10	SES172	-2.02708	-9.25485	-7.22777
BLOCK06/SES063/SA063S10	SES187	-1.43655	-8.66432	-7.22777
BLOCK06/SES063/SA063S20	SES068	-2.95585	-10.9251	-7.9693
BLOCK06/SES063/SA063S20	SES083	-1.34685	-9.31615	-7.9693
BLOCK06/SES063/SA063S20	SES172	-1.65142	-9.62072	-7.9693
BLOCK06/SES063/SA063S20	SES187	-1.12396	-9.09326	-7.9693
BLOCK06/SES063/SA063S24	SES029	-3.82873	-11.1931	-7.36434
BLOCK06/SES063/SA063S24	SES083	-0.260386	-7.62473	-7.36434
BLOCK06/SES063/SA063S24	SES177	-1.19337	-8.55771	-7.36434
BLOCK06/SES063/SA063S24	SES189	-1.40035	-8.7647	-7.36434
BLOCK06/SES063/SA063S27	SES083	-0.856497	-8.47558	-7.61909
BLOCK06/SES063/SA063S27	SES172	-2.38242	-10.0015	-7.61909
BLOCK06/SES063/SA063S27	SES187	-1.65026	-9.26934	-7.61909
BLOCK06/SES063/SA063S27	SES292	-1.90947	-9.52856	-7.61909
BLOCK06/SES067/SA067S12	SES083	-1.8642	-7.19596	-5.33176
BLOCK06/SES067/SA067S12	SES172	-2.30128	-7.63304	-5.33176
BLOCK06/SES067/SA067S12	SES202	-1.63445	-6.96621	-5.33176
BLOCK06/SES067/SA067S12	SES292	-1.92526	-7.25702	-5.33176
BLOCK06/SES067/SA067S14	SES085	-1.27638	-4.25223	-2.97585
BLOCK06/SES067/SA067S14	SES177	-1.78456	-4.76041	-2.97585
BLOCK06/SES067/SA067S14	SES183	0.240498	-2.73535	-2.97585
BLOCK06/SES067/SA067S14	SES202	-1.44437	-4.42022	-2.97585
BLOCK06/SES067/SA067S21	SES144	-1.26377	-7.73789	-6.47412
BLOCK06/SES067/SA067S21	SES177	-1.54561	-8.01973	-6.47412
BLOCK06/SES067/SA067S21	SES183	-0.614576	-7.0887	-6.47412
BLOCK06/SES067/SA067S21	SES189	-0.864348	-7.33847	-6.47412
BLOCK06/SES067/SA067S25	SES085	-3.52403	-9.49841	-5.97438
BLOCK06/SES067/SA067S25	SES177	-1.51889	-7.49327	-5.97438
BLOCK06/SES067/SA067S25	SES183	-1.34675	-7.32114	-5.97438
BLOCK06/SES067/SA067S25	SES202	-1.42617	-7.40056	-5.97438
BLOCK06/SES067/SA067S29	SES085	-4.91284	-11.9814	-7.0686
BLOCK06/SES067/SA067S29	SES177	-4.31373	-11.3823	-7.0686
BLOCK06/SES067/SA067S29	SES183	-0.842973	-7.91157	-7.0686
BLOCK06/SES067/SA067S29	SES202	-2.72843	-9.79702	-7.0686
BLOCK06/SES069/SA069S12	SES029	-2.69945	-7.46904	-4.76959
BLOCK06/SES069/SA069S12	SES082	-1.30166	-6.07125	-4.76959
BLOCK06/SES069/SA069S12	SES087	-1.5491	-6.31869	-4.76959
BLOCK06/SES069/SA069S12	SES206	-0.945989	-5.71558	-4.76959
BLOCK06/SES069/SA069S13	SES029	-2.3155	-6.40316	-4.08766
BLOCK06/SES069/SA069S13	SES087	-0.733716	-4.82138	-4.08766
BLOCK06/SES069/SA069S13	SES206	-2.28819	-6.37585	-4.08766
BLOCK06/SES069/SA069S13	SES226	0.162673	-3.92499	-4.08766
BLOCK06/SES069/SA069S23	SES029	-0.845174	-3.7092	-2.86403
BLOCK06/SES069/SA069S23	SES087	0.0992799	-2.76475	-2.86403
BLOCK06/SES069/SA069S23	SES206	-1.24921	-4.11324	-2.86403
BLOCK06/SES069/SA069S23	SES226	0.00994802	-2.85408	-2.86403
BLOCK06/SES069/SA069S25	SES087	-1.02172	-5.52824	-4.50652
BLOCK06/SES069/SA069S25	SES206	-2.58105	-7.08757	-4.50652
BLOCK06/SES069/SA069S25	SES226	-1.38643	-5.89295	-4.50652
BLOCK06/SES069/SA069S25	SES270	-2.27506	-6.78159	-4.50652
BLOCK06/SES069/SA069S27	SES087	-1.20816	-7.02735	-5.81919
BLOCK06/SES069/SA069S27	SES206	-1.36949	-7.18868	-5.81919
BLOCK06/SES069/SA069S27	SES226	-0.672143	-6.49133	-5.81919
BLOCK06/SES069/SA069S27	SES270	-2.30686	-8.12605	-5.81919
BLOCK08/SES081/SA081S11	SES060	-1.85394	-8.67191	-6.81797
BLOCK08/SES081/SA081S11	SES062	-2.08146	-8.89943	-6.81797
BLOCK08/SES081/SA081S11	SES117	-2.36947	-9.18744	-6.81797
BLOCK08/SES081/SA081S11	SES162	-3.43357	-10.2515	-6.81797
BLOCK08/SES081/SA081S13	SES016	-1.93858	-7.20654	-5.26796
BLOCK08/SES081/SA081S13	SES060	-1.10134	-6.36931	-5.26796
BLOCK08/SES081/SA081S13	SES068	-1.7172	-6.98516	-5.26796
BLOCK08/SES081/SA081S13	SES129	-2.52214	-7.7901	-5.26796
BLOCK08/SES081/SA081S24	SES060	-0.760641	-6.78261	-6.02197
BLOCK08/SES081/SA081S24	SES068	-1.12464	-7.1466	-6.02197
BLOCK08/SES081/SA081S24	SES117	-1.52184	-7.54381	-6.02197
BLOCK08/SES081/SA081S24	SES275	-2.01979	-8.04176	-6.02197
BLOCK08/SES081/SA081S27	SES007	-0.878418	-9.76901	-8.89059
BLOCK08/SES081/SA081S27	SES060	-1.36391	-10.2545	-8.89059
BLOCK08/SES081/SA081S27	SES117	-0.994163	-9.88476	-8.89059
BLOCK08/SES081/SA081S27	SES275	-2.67921	-11.5698	-8.89059
BLOCK08/SES081/SA081S29	SES007	-0.851467	-9.60876	-8.75729
BLOCK08/SES081/SA081S29	SES060	-0.931281	-9.68857	-8.75729
BLOCK08/SES081/SA081S29	SES117	-1.66289	-10.4202	-8.75729
BLOCK08/SES081/SA081S29	SES275	-2.64844	-11.4057	-8.75729
BLOCK08/SES086/SA086S11	SES029	-4.36752	-12.9891	-8.62156
BLOCK08/SES086/SA086S11	SES082	-2.72264	-11.3442	-8.62156
BLOCK08/SES086/SA086S11	SES087	-1.50009	-10.1217	-8.62156
BLOCK08/SES086/SA086S11	SES206	-2.00918	-10.6307	-8.62156
BLOCK08/SES086/SA086S12	SES029	-4.02541	-11.2875	-7.26206
BLOCK08/SES086/SA086S12	SES082	-2.38258	-9.64464	-7.26206
BLOCK08/SES086/SA086S12	SES087	-0.475463	-7.73753	-7.26206
BLOCK08/SES086/SA086S12	SES206	-1.73332	-8.99538	-7.26206
BLOCK08/SES086/SA086S20	SES029	-2.94718	-9.36536	-6.41817
BLOCK08/SES086/SA086S20	SES082	-2.26802	-8.68619	-6.41817
BLOCK08/SES086/SA086S20	SES087	-0.72883	-7.147	-6.41817
BLOCK08/SES086/SA086S20	SES206	-0.923446	-7.34162	-6.41817
BLOCK08/SES086/SA086S24	SES087	-0.779637	-8.59054	-7.8109
BLOCK08/SES086/SA086S24	SES104	-1.6332	-9.44411	-7.8109
BLOCK08/SES086/SA086S24	SES120	-1.02179	-8.83269	-7.8109
BLOCK08/SES086/SA086S24	SES206	-0.224929	-8.03583	-7.8109
BLOCK08/SES086/SA086S28	SES029	-2.87902	-8.34767	-5.46865
BLOCK08/SES086/SA086S28	SES082	-1.73964	-7.20829	-5.46865
BLOCK08/SES086/SA086S28	SES087	-0.589302	-6.05795	-5.46865
BLOCK08/SES086/SA086S28	SES206	-0.907822	-6.37648	-5.46865
BLOCK08/SES089/SA089S13	SES087	-1.1019	-8.58007	-7.47817
BLOCK08/SES089/SA089S13	SES206	-3.14438	-10.6226	-7.47817
BLOCK08/SES089/SA089S13	SES226	-1.73634	-9.21451	-7.47817
BLOCK08/SES089/SA089S13	SES270	-1.88317	-9.36134	-7.47817
BLOCK08/SES089/SA089S14	SES062	-2.37206	-9.05355	-6.68149
BLOCK08/SES089/SA089S14	SES087	-0.545443	-7.22693	-6.68149
BLOCK08/SES089/SA089S14	SES206	-1.52029	-8.20178	-6.68149
BLOCK08/SES089/SA089S14	SES226	-1.91677	-8.59826	-6.68149
BLOCK08/SES089/SA089S23	SES087	-1.82114	-10.758	-8.93684
BLOCK08/SES089/SA089S23	SES206	-2.85099	-11.7878	-8.93684
BLOCK08/SES089/SA089S23	SES226	-3.21079	-12.1476	-8.93684
BLOCK08/SES089/SA089S23	SES270	-4.51175	-13.4486	-8.93684
BLOCK08/SES089/SA089S25	SES062	-2.42361	-9.15322	-6.72961
BLOCK08/SES089/SA089S25	SES087	-0.797581	-7.52719	-6.72961
BLOCK08/SES089/SA089S25	SES206	-2.62197	-9.35159	-6.72961
BLOCK08/SES089/SA089S25	SES226	-1.57776	-8.30737	-6.72961
BLOCK08/SES089/SA089S28	SES062	-2.14321	-8.53147	-6.38826
BLOCK08/SES089/SA089S28	SES087	-0.328578	-6.71684	-6.38826
BLOCK08/SES089/SA089S28	SES206	-2.0007	-8.38896	-6.38826
BLOCK08/SES089/SA089S28	SES226	-1.24859	-7.63685	-6.38826
BLOCK09/SES097/SA097S11	SES099	-0.251418	-6.44924	-6.19782
BLOCK09/SES097/SA097S11	SES125	-2.47737	-8.67519	-6.19782
BLOCK09/SES097/SA097S11	SES206	-2.06619	-8.26401	-6.19782
BLOCK09/SES097/SA097S11	SES226	-0.555319	-6.75314	-6.19782
BLOCK09/SES097/SA097S14	SES062	-3.45825	-8.60824	-5.14999
BLOCK09/SES097/SA097S14	SES099	-1.90297	-7.05296	-5.14999
BLOCK09/SES097/SA097S14	SES104	-2.51648	-7.66647	-5.14999
BLOCK09/SES097/SA097S14	SES206	-3.25642	-8.40641	-5.14999
BLOCK09/SES097/SA097S22	SES099	-0.758092	-6.64479	-5.8867
BLOCK09/SES097/SA097S22	SES206	-2.22961	-8.11631	-5.8867
BLOCK09/SES097/SA097S22	SES226	-2.1948	-8.0815	-5.8867
BLOCK09/SES097/SA097S22	SES270	-2.00571	-7.89241	-5.8867
BLOCK09/SES097/SA097S26	SES099	-0.656621	-7.37055	-6.71393
BLOCK09/SES097/SA097S26	SES120	-1.64969	-8.36362	-6.71393
BLOCK09/SES097/SA097S26	SES206	-3.7967	-10.5106	-6.71393
BLOCK09/SES097/SA097S26	SES226	-1.60675	-8.32067	-6.71393
BLOCK09/SES097/SA097S28	SES099	0.0535045	-5.82893	-5.88244
BLOCK09/SES097/SA097S28	SES120	-1.70323	-7.58566	-5.88244
BLOCK09/SES097/SA097S28	SES206	-1.86126	-7.74369	-5.88244
BLOCK09/SES097/SA097S28	SES226	-1.65257	-7.535	-5.88244
BLOCK09/SES098/SA098S11	SES127	-2.24556	-8.30564	-6.06008
BLOCK09/SES098/SA098S11	SES144	-1.44971	-7.50979	-6.06008
BLOCK09/SES098/SA098S11	SES147	-1.21606	-7.27614	-6.06008
BLOCK09/SES098/SA098S11	SES148	-2.85858	-8.91866	-6.06008
BLOCK09/SES098/SA098S12	SES127	-3.34015	-10.9861	-7.64598
BLOCK09/SES098/SA098S12	SES144	-2.48894	-10.1349	-7.64598
BLOCK09/SES098/SA098S12	SES147	-2.12734	-9.77332	-7.64598
BLOCK09/SES098/SA098S12	SES189	-2.0802	-9.72618	-7.64598
BLOCK09/SES098/SA098S20	SES127	-5.80375	-14.4925	-8.68872
BLOCK09/SES098/SA098S20	SES147	-3.74151	-12.4302	-8.68872
BLOCK09/SES098/SA098S20	SES148	-5.51798	-14.2067	-8.68872
BLOCK09/SES098/SA098S20	SES292	-0.94329	-9.63201	-8.68872
BLOCK09/SES098/SA098S23	SES127	-2.67736	-9.33571	-6.65835
BLOCK09/SES098/SA098S23	SES147	-2.52999	-9.18834	-6.65835
BLOCK09/SES098/SA098S23	SES187	-1.69118	-8.34953	-6.65835
BLOCK09/SES098/SA098S23	SES292	-1.6449	-8.30324	-6.65835
BLOCK09/SES098/SA098S27	SES127	-4.4718	-12.3497	-7.8779
BLOCK09/SES098/SA098S27	SES147	-2.36311	-10.241	-7.8779
BLOCK09/SES098/SA098S27	SES148	-3.56136	-11.4393	-7.8779
BLOCK09/SES098/SA098S27	SES292	-1.45664	-9.33454	-7.8779
BLOCK10/SES102/SA102S13	SES101	-1.96281	-10.2165	-8.2537
BLOCK10/SES102/SA102S13	SES105	-2.78285	-11.0366	-8.2537
BLOCK10/SES102/SA102S13	SES120	-3.21313	-11.4668	-8.2537
BLOCK10/SES102/SA102S13	SES158	-2.08227	-10.336	-8.2537
BLOCK10/SES102/SA102S14	SES007	-0.300313	-4.76068	-4.46037
BLOCK10/SES102/SA102S14	SES101	-1.32279	-5.78316	-4.46037
BLOCK10/SES102/SA102S14	SES105	-1.10117	-5.56154	-4.46037
BLOCK10/SES102/SA102S14	SES147	-2.95402	-7.41439	-4.46037
BLOCK10/SES102/SA102S22	SES007	-1.76939	-7.29183	-5.52244
BLOCK10/SES102/SA102S22	SES101	-1.1536	-6.67605	-5.52244
BLOCK10/SES102/SA102S22	SES105	-1.38873	-6.91118	-5.52244
BLOCK10/SES102/SA102S22	SES158	-1.65977	-7.18222	-5.52244
BLOCK10/SES102/SA102S25	SES007	-1.30437	-6.66779	-5.36343
BLOCK10/SES102/SA102S25	SES101	-1.26688	-6.6303	-5.36343
BLOCK10/SES102/SA102S25	SES105	-2.06087	-7.4243	-5.36343
BLOCK10/SES102/SA102S25	SES147	-3.33088	-8.69431	-5.36343
BLOCK10/SES102/SA102S27	SES007	-1.00622	-5.90046	-4.89424
BLOCK10/SES102/SA102S27	SES101	-0.761003	-5.65525	-4.89424
BLOCK10/SES102/SA102S27	SES105	-1.65841	-6.55265	-4.89424
BLOCK10/SES102/SA102S27	SES147	-2.32961	-7.22386	-4.89424
BLOCK10/SES103/SA103S14	SES105	-3.14838	-12.499	-9.35066
BLOCK10/SES103/SA103S14	SES106	-2.98373	-12.3344	-9.35066
BLOCK10/SES103/SA103S14	SES120	-3.49036	-12.841	-9.35066
BLOCK10/SES103/SA103S14	SES206	-2.99655	-12.3472	-9.35066
BLOCK10/SES103/SA103S15	SES099	-3.7519	-13.6271	-9.87517
BLOCK10/SES103/SA103S15	SES101	-4.64494	-14.5201	-9.87517
BLOCK10/SES103/SA103S15	SES104	-1.5575	-11.4327	-9.87517
BLOCK10/SES103/SA103S15	SES125	-4.3223	-14.1975	-9.87517
BLOCK10/SES103/SA103S24	SES104	-2.37385	-8.43948	-6.06563
BLOCK10/SES103/SA103S24	SES125	-4.49088	-10.5565	-6.06563
BLOCK10/SES103/SA103S24	SES148	-3.02762	-9.09324	-6.06563
BLOCK10/SES103/SA103S24	SES158	-2.66293	-8.72856	-6.06563
BLOCK10/SES103/SA103S26	SES104	-2.34765	-10.715	-8.36733
BLOCK10/SES103/SA103S26	SES106	-2.08548	-10.4528	-8.36733
BLOCK10/SES103/SA103S26	SES125	-3.27911	-11.6464	-8.36733
BLOCK10/SES103/SA103S26	SES148	-5.07434	-13.4417	-8.36733
BLOCK10/SES103/SA103S28	SES104	-4.43547	-13.4395	-9.00398
BLOCK10/SES103/SA103S28	SES106	-4.21492	-13.2189	-9.00398
BLOCK10/SES103/SA103S28	SES125	-4.63692	-13.6409	-9.00398
BLOCK10/SES103/SA103S28	SES206	-4.0019	-13.0059	-9.00398
BLOCK12/SES121/SA121S12	SES042	-2.85457	-9.88338	-7.02881
BLOCK12/SES121/SA121S12	SES087	-2.26006	-9.28887	-7.02881
BLOCK12/SES121/SA121S12	SES105	-1.03698	-8.06579	-7.02881
BLOCK12/SES121/SA121S12	SES206	-1.30116	-8.32997	-7.02881
BLOCK12/SES121/SA121S14	SES007	-2.74847	-13.3625	-10.614
BLOCK12/SES121/SA121S14	SES105	-3.12271	-13.7367	-10.614
BLOCK12/SES121/SA121S14	SES106	-2.58763	-13.2016	-10.614
BLOCK12/SES121/SA121S14	SES206	-1.35115	-11.9651	-10.614
BLOCK12/SES121/SA121S23	SES105	-2.47451	-11.3165	-8.84199
BLOCK12/SES121/SA121S23	SES106	-2.5503	-11.3923	-8.84199
BLOCK12/SES121/SA121S23	SES120	-2.76099	-11.603	-8.84199
BLOCK12/SES121/SA121S23	SES206	-0.403149	-9.24514	-8.84199
BLOCK12/SES121/SA121S25	SES007	-1.78665	-12.6225	-10.8359
BLOCK12/SES121/SA121S25	SES105	-2.73948	-13.5754	-10.8359
BLOCK12/SES121/SA121S25	SES106	-0.958885	-11.7948	-10.8359
BLOCK12/SES121/SA121S25	SES206	-1.02265	-11.8585	-10.8359
BLOCK12/SES121/SA121S27	SES087	-1.22403	-11.3348	-10.1108
BLOCK12/SES121/SA121S27	SES105	-3.57796	-13.6888	-10.1108
BLOCK12/SES121/SA121S27	SES120	-0.639004	-10.7498	-10.1108
BLOCK12/SES121/SA121S27	SES206	-1.11151	-11.2223	-10.1108
BLOCK12/SES124/SA124S16	SES042	-0.84205	-6.24144	-5.39939
BLOCK12/SES124/SA124S16	SES082	-1.40905	-6.80845	-5.39939
BLOCK12/SES124/SA124S16	SES183	-1.30873	-6.70812	-5.39939
BLOCK12/SES124/SA124S16	SES206	-2.02466	-7.42405	-5.39939
BLOCK12/SES124/SA124S17	SES105	-2.04464	-9.80783	-7.76319
BLOCK12/SES124/SA124S17	SES149	-1.50394	-9.26712	-7.76319
BLOCK12/SES124/SA124S17	SES158	-2.43052	-10.1937	-7.76319
BLOCK12/SES124/SA124S17	SES275	-1.60917	-9.37235	-7.76319
BLOCK12/SES124/SA124S23	SES105	-2.81908	-7.87317	-5.05408
BLOCK12/SES124/SA124S23	SES125	0.641726	-4.41236	-5.05408
BLOCK12/SES124/SA124S23	SES129	-2.03737	-7.09145	-5.05408
BLOCK12/SES124/SA124S23	SES158	-1.5064	-6.56048	-5.05408
BLOCK12/SES124/SA124S26	SES105	-3.13505	-10.0671	-6.93206
BLOCK12/SES124/SA124S26	SES125	-1.14303	-8.07509	-6.93206
BLOCK12/SES124/SA124S26	SES129	-2.67001	-9.60207	-6.93206
BLOCK12/SES124/SA124S26	SES158	-1.38542	-8.31747	-6.93206
BLOCK12/SES124/SA124S28	SES104	0.246302	-5.36063	-5.60693
BLOCK12/SES124/SA124S28	SES106	-0.249054	-5.85599	-5.60693
BLOCK12/SES124/SA124S28	SES125	0.908587	-4.69834	-5.60693
BLOCK12/SES124/SA124S28	SES275	-2.2265	-7.83344	-5.60693
BLOCK12/SES126/SA126S13	SES007	-1.03976	-8.5725	-7.53274
BLOCK12/SES126/SA126S13	SES162	-2.48198	-10.0147	-7.53274
BLOCK12/SES126/SA126S13	SES177	-1.48829	-9.02103	-7.53274
BLOCK12/SES126/SA126S13	SES180	-1.83911	-9.37185	-7.53274
BLOCK12/SES126/SA126S14	SES144	-1.26514	-7.46288	-6.19773
BLOCK12/SES126/SA126S14	SES148	-2.9362	-9.13393	-6.19773
BLOCK12/SES126/SA126S14	SES177	-1.17164	-7.36938	-6.19773
BLOCK12/SES126/SA126S14	SES180	-1.88142	-8.07916	-6.19773
BLOCK12/SES126/SA126S20	SES007	-1.07149	-5.2124	-4.14091
BLOCK12/SES126/SA126S20	SES162	-1.49579	-5.6367	-4.14091
BLOCK12/SES126/SA126S20	SES172	-1.44623	-5.58714	-4.14091
BLOCK12/SES126/SA126S20	SES180	-1.20661	-5.34752	-4.14091
BLOCK12/SES126/SA126S24	SES120	-0.216813	-5.55313	-5.33632
BLOCK12/SES126/SA126S24	SES162	-1.37859	-6.71491	-5.33632
BLOCK12/SES126/SA126S24	SES177	-0.359579	-5.6959	-5.33632
BLOCK12/SES126/SA126S24	SES180	-0.815003	-6.15132	-5.33632
BLOCK12/SES126/SA126S26	SES120	-0.583513	-5.46821	-4.8847
BLOCK12/SES126/SA126S26	SES177	-1.3286	-6.2133	-4.8847
BLOCK12/SES126/SA126S26	SES180	-0.794303	-5.679	-4.8847
BLOCK12/SES126/SA126S26	SES202	-1.20282	-6.08752	-4.8847
BLOCK12/SES128/SA128S10	SES087	-2.25809	-7.95291	-5.69482
BLOCK12/SES128/SA128S10	SES206	-1.17997	-6.87479	-5.69482
BLOCK12/SES128/SA128S10	SES226	-1.55308	-7.2479	-5.69482
BLOCK12/SES128/SA128S10	SES270	-1.96106	-7.65588	-5.69482
BLOCK12/SES128/SA128S12	SES120	-0.556836	-7.49524	-6.93841
BLOCK12/SES128/SA128S12	SES158	-2.18497	-9.12338	-6.93841
BLOCK12/SES128/SA128S12	SES206	-0.895744	-7.83415	-6.93841
BLOCK12/SES128/SA128S12	SES226	-2.52656	-9.46497	-6.93841
BLOCK12/SES128/SA128S21	SES106	-4.75105	-10.4294	-5.67832
BLOCK12/SES128/SA128S21	SES120	-1.83221	-7.51053	-5.67832
BLOCK12/SES128/SA128S21	SES206	-2.36425	-8.04257	-5.67832
BLOCK12/SES128/SA128S21	SES226	-1.90748	-7.5858	-5.67832
BLOCK12/SES128/SA128S24	SES087	-2.188	-9.42653	-7.23853
BLOCK12/SES128/SA128S24	SES120	-0.841845	-8.08038	-7.23853
BLOCK12/SES128/SA128S24	SES206	-1.84827	-9.0868	-7.23853
BLOCK12/SES128/SA128S24	SES226	-2.43267	-9.67121	-7.23853
BLOCK12/SES128/SA128S27	SES099	-1.35744	-6.90297	-5.54552
BLOCK12/SES128/SA128S27	SES120	-1.13108	-6.67661	-5.54552
BLOCK12/SES128/SA128S27	SES206	-1.53976	-7.08528	-5.54552
BLOCK12/SES128/SA128S27	SES226	-2.34998	-7.89551	-5.54552
BLOCK13/SES130/SA130S13	SES143	-0.522093	-7.38055	-6.85846
BLOCK13/SES130/SA130S13	SES144	0.328826	-6.52963	-6.85846
BLOCK13/SES130/SA130S13	SES146	-1.74226	-8.60073	-6.85846
BLOCK13/SES130/SA130S13	SES275	-2.3462	-9.20466	-6.85846
BLOCK13/SES130/SA130S15	SES143	-0.453774	-5.52151	-5.06774
BLOCK13/SES130/SA130S15	SES144	-0.0440865	-5.11182	-5.06774
BLOCK13/SES130/SA130S15	SES146	-0.901264	-5.969	-5.06774
BLOCK13/SES130/SA130S15	SES275	-1.45101	-6.51875	-5.06774
BLOCK13/SES130/SA130S23	SES127	-1.54615	-6.46936	-4.92321
BLOCK13/SES130/SA130S23	SES144	-0.276175	-5.19938	-4.92321
BLOCK13/SES130/SA130S23	SES146	-1.3244	-6.2476	-4.92321
BLOCK13/SES130/SA130S23	SES162	-1.39336	-6.31657	-4.92321
BLOCK13/SES130/SA130S25	SES127	-1.53192	-4.51933	-2.9874
BLOCK13/SES130/SA130S25	SES144	-0.477711	-3.46512	-2.9874
BLOCK13/SES130/SA130S25	SES146	-0.442257	-3.42966	-2.9874
BLOCK13/SES130/SA130S25	SES275	-1.45598	-4.44339	-2.9874
BLOCK13/SES130/SA130S28	SES127	-1.07573	-7.00739	-5.93167
BLOCK13/SES130/SA130S28	SES144	-1.46593	-7.3976	-5.93167
BLOCK13/SES130/SA130S28	SES146	-0.820967	-6.75264	-5.93167
BLOCK13/SES130/SA130S28	SES275	-1.26013	-7.1918	-5.93167
BLOCK13/SES131/SA131S13	SES002	-2.75987	-9.81465	-7.05478
BLOCK13/SES131/SA131S13	SES007	-2.64368	-9.69846	-7.05478
BLOCK13/SES131/SA131S13	SES099	-1.74563	-8.80041	-7.05478
BLOCK13/SES131/SA131S13	SES105	-1.80955	-8.86433	-7.05478
BLOCK13/SES131/SA131S14	SES104	-1.49247	-4.85511	-3.36264
BLOCK13/SES131/SA131S14	SES106	-2.97776	-6.34039	-3.36264
BLOCK13/SES131/SA131S14	SES125	-1.85072	-5.21336	-3.36264
BLOCK13/SES131/SA131S14	SES148	-0.042953	-3.40559	-3.36264
BLOCK13/SES131/SA131S20	SES104	-3.6181	-10.8674	-7.24928
BLOCK13/SES131/SA131S20	SES106	-2.9006	-10.1499	-7.24928
BLOCK13/SES131/SA131S20	SES125	-3.32104	-10.5703	-7.24928
BLOCK13/SES131/SA131S20	SES148	-2.74282	-9.99209	-7.24928
BLOCK13/SES131/SA131S22	SES099	-2.13862	-7.64919	-5.51057
BLOCK13/SES131/SA131S22	SES104	-1.73778	-7.24835	-5.51057
BLOCK13/SES131/SA131S22	SES125	-1.28496	-6.79553	-5.51057
BLOCK13/SES131/SA131S22	SES206	-1.47105	-6.98162	-5.51057
BLOCK13/SES131/SA131S29	SES087	-2.07946	-9.45241	-7.37295
BLOCK13/SES131/SA131S29	SES104	-3.95016	-11.3231	-7.37295
BLOCK13/SES131/SA131S29	SES125	-4.67451	-12.0475	-7.37295
BLOCK13/SES131/SA131S29	SES206	-3.49976	-10.8727	-7.37295
BLOCK13/SES132/SA132S11	SES083	-1.79285	-9.2542	-7.46134
BLOCK13/SES132/SA132S11	SES120	-0.169457	-7.6308	-7.46134
BLOCK13/SES132/SA132S11	SES127	-3.06179	-10.5231	-7.46134
BLOCK13/SES132/SA132S11	SES275	-2.19932	-9.66066	-7.46134
BLOCK13/SES132/SA132S12	SES083	-2.56441	-7.83166	-5.26725
BLOCK13/SES132/SA132S12	SES143	-2.50101	-7.76826	-5.26725
BLOCK13/SES132/SA132S12	SES144	-1.95013	-7.21738	-5.26725
BLOCK13/SES132/SA132S12	SES148	-1.86563	-7.13288	-5.26725
BLOCK13/SES132/SA132S22	SES062	-1.90432	-8.55211	-6.64779
BLOCK13/SES132/SA132S22	SES083	-2.14891	-8.79669	-6.64779
BLOCK13/SES132/SA132S22	SES127	-2.59432	-9.24211	-6.64779
BLOCK13/SES132/SA132S22	SES275	-1.53582	-8.18361	-6.64779
BLOCK13/SES132/SA132S24	SES007	-1.07569	-6.3566	-5.28091
BLOCK13/SES132/SA132S24	SES083	-2.04775	-7.32866	-5.28091
BLOCK13/SES132/SA132S24	SES127	-3.48473	-8.76564	-5.28091
BLOCK13/SES132/SA132S24	SES275	-2.02756	-7.30846	-5.28091
BLOCK13/SES132/SA132S27	SES083	-2.79943	-10.7877	-7.98826
BLOCK13/SES132/SA132S27	SES120	0.202984	-7.78528	-7.98826
BLOCK13/SES132/SA132S27	SES127	-5.37824	-13.3665	-7.98826
BLOCK13/SES132/SA132S27	SES275	-2.80327	-10.7915	-7.98826
BLOCK14/SES141/SA141S09	SES143	-1.32618	-6.32204	-4.99586
BLOCK14/SES141/SA141S09	SES144	-0.642174	-5.63804	-4.99586
BLOCK14/SES141/SA141S09	SES162	-1.32278	-6.31865	-4.99586
BLOCK14/SES141/SA141S09	SES180	-0.879225	-5.87509	-4.99586
BLOCK14/SES141/SA141S15	SES127	-1.1968	-7.12594	-5.92914
BLOCK14/SES141/SA141S15	SES144	-1.51095	-7.44008	-5.92914
BLOCK14/SES141/SA141S15	SES162	-2.53898	-8.46811	-5.92914
BLOCK14/SES141/SA141S15	SES180	-1.14017	-7.06931	-5.92914
BLOCK14/SES141/SA141S24	SES127	-2.32781	-9.33221	-7.0044
BLOCK14/SES141/SA141S24	SES144	-3.00198	-10.0064	-7.0044
BLOCK14/SES141/SA141S24	SES162	-1.67995	-8.68435	-7.0044
BLOCK14/SES141/SA141S24	SES183	-1.82704	-8.83144	-7.0044
BLOCK14/SES141/SA141S26	SES142	-0.387311	-7.31698	-6.92967
BLOCK14/SES141/SA141S26	SES144	-1.65171	-8.58138	-6.92967
BLOCK14/SES141/SA141S26	SES172	-0.930355	-7.86003	-6.92967
BLOCK14/SES141/SA141S26	SES180	-1.23149	-8.16116	-6.92967
BLOCK14/SES141/SA141S29	SES127	-0.845546	-6.32922	-5.48368
BLOCK14/SES141/SA141S29	SES142	-0.138779	-5.62246	-5.48368
BLOCK14/SES141/SA141S29	SES144	-1.20188	-6.68556	-5.48368
BLOCK14/SES141/SA141S29	SES180	-0.376676	-5.86035	-5.48368
BLOCK15/SES157/SA157S08	SES083	-1.56544	-6.52733	-4.96189
BLOCK15/SES157/SA157S08	SES127	-1.25144	-6.21333	-4.96189
BLOCK15/SES157/SA157S08	SES148	-1.14929	-6.11118	-4.96189
BLOCK15/SES157/SA157S08	SES292	-1.89175	-6.85364	-4.96189
BLOCK15/SES157/SA157S11	SES083	-2.35299	-7.66599	-5.313
BLOCK15/SES157/SA157S11	SES127	-2.31409	-7.62709	-5.313
BLOCK15/SES157/SA157S11	SES148	-2.56801	-7.88101	-5.313
BLOCK15/SES157/SA157S11	SES292	-2.64824	-7.96124	-5.313
BLOCK15/SES157/SA157S21	SES127	-0.31529	-4.41966	-4.10437
BLOCK15/SES157/SA157S21	SES148	-0.229578	-4.33395	-4.10437
BLOCK15/SES157/SA157S21	SES158	-4.63877	-8.74314	-4.10437
BLOCK15/SES157/SA157S21	SES292	-1.68025	-5.78462	-4.10437
BLOCK15/SES157/SA157S24	SES127	-1.41369	-8.00119	-6.58749
BLOCK15/SES157/SA157S24	SES148	-1.15326	-7.74075	-6.58749
BLOCK15/SES157/SA157S24	SES183	-1.89791	-8.4854	-6.58749
BLOCK15/SES157/SA157S24	SES292	-2.34563	-8.93312	-6.58749
BLOCK15/SES157/SA157S26	SES007	-1.62459	-6.79979	-5.17519
BLOCK15/SES157/SA157S26	SES127	-0.45623	-5.63142	-5.17519
BLOCK15/SES157/SA157S26	SES147	-1.52803	-6.70322	-5.17519
BLOCK15/SES157/SA157S26	SES148	-1.35432	-6.52952	-5.17519
BLOCK16/SES161/SA161S10	SES007	-1.48428	-8.11682	-6.63255
BLOCK16/SES161/SA161S10	SES105	-1.03472	-7.66727	-6.63255
BLOCK16/SES161/SA161S10	SES158	-1.49508	-8.12762	-6.63255
BLOCK16/SES161/SA161S10	SES275	-1.27681	-7.90936	-6.63255
BLOCK16/SES161/SA161S12	SES007	-3.15693	-11.3616	-8.20465
BLOCK16/SES161/SA161S12	SES105	-3.26669	-11.4713	-8.20465
BLOCK16/SES161/SA161S12	SES158	-2.37633	-10.581	-8.20465
BLOCK16/SES161/SA161S12	SES275	-3.20735	-11.412	-8.20465
BLOCK16/SES161/SA161S20	SES007	-2.13078	-11.2572	-9.12643
BLOCK16/SES161/SA161S20	SES105	-2.53353	-11.66	-9.12643
BLOCK16/SES161/SA161S20	SES158	-0.61578	-9.74221	-9.12643
BLOCK16/SES161/SA161S20	SES275	-3.61322	-12.7396	-9.12643
BLOCK16/SES161/SA161S23	SES007	-4.0712	-12.61	-8.53878
BLOCK16/SES161/SA161S23	SES105	-2.32312	-10.8619	-8.53878
BLOCK16/SES161/SA161S23	SES148	-3.58388	-12.1227	-8.53878
BLOCK16/SES161/SA161S23	SES158	-2.75884	-11.2976	-8.53878
BLOCK16/SES161/SA161S28	SES007	-2.38727	-11.0279	-8.64066
BLOCK16/SES161/SA161S28	SES105	-2.84422	-11.4849	-8.64066
BLOCK16/SES161/SA161S28	SES158	-0.548998	-9.18966	-8.64066
BLOCK16/SES161/SA161S28	SES206	-1.54439	-10.1851	-8.64066
BLOCK16/SES164/SA164S11	SES104	-1.84972	-6.6809	-4.83118
BLOCK16/SES164/SA164S11	SES125	-2.79684	-7.62801	-4.83118
BLOCK16/SES164/SA164S11	SES158	-2.30003	-7.13121	-4.83118
BLOCK16/SES164/SA164S11	SES206	-2.99898	-7.83016	-4.83118
BLOCK16/SES164/SA164S13	SES099	-2.90494	-9.48558	-6.58064
BLOCK16/SES164/SA164S13	SES104	-3.01379	-9.59444	-6.58064
BLOCK16/SES164/SA164S13	SES125	-3.5417	-10.1223	-6.58064
BLOCK16/SES164/SA164S13	SES206	-3.68296	-10.2636	-6.58064
BLOCK16/SES164/SA164S24	SES002	-0.487217	-6.26097	-5.77376
BLOCK16/SES164/SA164S24	SES099	-2.12253	-7.89629	-5.77376
BLOCK16/SES164/SA164S24	SES125	-2.59796	-8.37171	-5.77376
BLOCK16/SES164/SA164S24	SES226	-0.878014	-6.65177	-5.77376
BLOCK16/SES164/SA164S27	SES087	-2.03648	-8.49725	-6.46077
BLOCK16/SES164/SA164S27	SES125	-3.89323	-10.354	-6.46077
BLOCK16/SES164/SA164S27	SES206	-3.14967	-9.61044	-6.46077
BLOCK16/SES164/SA164S27	SES226	-2.58359	-9.04437	-6.46077
BLOCK16/SES164/SA164S29	SES002	-0.901021	-6.26175	-5.36073
BLOCK16/SES164/SA164S29	SES019	-nan	-nan	-5.36073
BLOCK16/SES164/SA164S29	SES125	-2.46153	-7.82226	-5.36073
BLOCK16/SES164/SA164S29	SES226	-1.98649	-7.34723	-5.36073
BLOCK16/SES169/SA169S13	SES117	-2.06113	-8.91353	-6.8524
BLOCK16/SES169/SA169S13	SES144	-1.91678	-8.76919	-6.8524
BLOCK16/SES169/SA169S13	SES146	-1.45354	-8.30595	-6.8524
BLOCK16/SES169/SA169S13	SES162	-1.52071	-8.37311	-6.8524
BLOCK16/SES169/SA169S14	SES144	-1.49501	-5.10739	-3.61238
BLOCK16/SES169/SA169S14	SES148	-0.699338	-4.31172	-3.61238
BLOCK16/SES169/SA169S14	SES177	-0.81372	-4.4261	-3.61238
BLOCK16/SES169/SA169S14	SES180	-1.03543	-4.64782	-3.61238
BLOCK16/SES169/SA169S24	SES117	-1.38657	-7.95101	-6.56444
BLOCK16/SES169/SA169S24	SES144	-1.37543	-7.93987	-6.56444
BLOCK16/SES169/SA169S24	SES146	-1.5012	-8.06564	-6.56444
BLOCK16/SES169/SA169S24	SES162	-1.28671	-7.85115	-6.56444
BLOCK16/SES169/SA169S27	SES127	-1.64412	-7.60796	-5.96384
BLOCK16/SES169/SA169S27	SES129	-1.20072	-7.16456	-5.96384
BLOCK16/SES169/SA169S27	SES144	-1.72262	-7.68646	-5.96384
BLOCK16/SES169/SA169S27	SES146	-1.48511	-7.44895	-5.96384
BLOCK16/SES169/SA169S29	SES144	-0.947642	-4.91614	-3.9685
BLOCK16/SES169/SA169S29	SES162	-1.33869	-5.30719	-3.9685
BLOCK16/SES169/SA169S29	SES177	-1.8202	-5.7887	-3.9685
BLOCK16/SES169/SA169S29	SES180	-1.40323	-5.37173	-3.9685
BLOCK17/SES171/SA171S12	SES083	-1.88538	-8.01495	-6.12956
BLOCK17/SES171/SA171S12	SES148	-2.49181	-8.62137	-6.12956
BLOCK17/SES171/SA171S12	SES172	-2.63459	-8.76416	-6.12956
BLOCK17/SES171/SA171S12	SES292	-2.82602	-8.95558	-6.12956
BLOCK17/SES171/SA171S15	SES148	-3.10311	-9.73483	-6.63172
BLOCK17/SES171/SA171S15	SES177	-1.86063	-8.49235	-6.63172
BLOCK17/SES171/SA171S15	SES180	-3.91343	-10.5452	-6.63172
BLOCK17/SES171/SA171S15	SES292	-2.45808	-9.0898	-6.63172
BLOCK17/SES171/SA171S22	SES007	-1.52324	-4.64438	-3.12115
BLOCK17/SES171/SA171S22	SES148	-0.602051	-3.7232	-3.12115
BLOCK17/SES171/SA171S22	SES177	-1.13906	-4.26021	-3.12115
BLOCK17/SES171/SA171S22	SES180	-2.64601	-5.76716	-3.12115
BLOCK17/SES171/SA171S25	SES101	-2.40678	-8.58333	-6.17656
BLOCK17/SES171/SA171S25	SES120	-4.59991	-10.7765	-6.17656
BLOCK17/SES171/SA171S25	SES177	-2.23763	-8.41418	-6.17656
BLOCK17/SES171/SA171S25	SES180	-2.35572	-8.53227	-6.17656
BLOCK17/SES171/SA171S27	SES177	-1.74814	-8.61943	-6.87129
BLOCK17/SES171/SA171S27	SES180	-3.24676	-10.1181	-6.87129
BLOCK17/SES171/SA171S27	SES189	-1.646	-8.5173	-6.87129
BLOCK17/SES171/SA171S27	SES292	-2.55862	-9.42992	-6.87129
BLOCK17/SES173/SA173S13	SES162	-4.24232	-10.1826	-5.94027
BLOCK17/SES173/SA173S13	SES177	-1.77563	-7.7159	-5.94027
BLOCK17/SES173/SA173S13	SES180	-1.90262	-7.84289	-5.94027
BLOCK17/SES173/SA173S13	SES292	-1.08218	-7.02244	-5.94027
BLOCK17/SES173/SA173S14	SES007	-2.84903	-8.07669	-5.22766
BLOCK17/SES173/SA173S14	SES162	-3.66956	-8.89721	-5.22766
BLOCK17/SES173/SA173S14	SES177	-1.76337	-6.99103	-5.22766
BLOCK17/SES173/SA173S14	SES180	-2.88645	-8.11411	-5.22766
BLOCK17/SES173/SA173S24	SES144	-2.95766	-9.71163	-6.75397
BLOCK17/SES173/SA173S24	SES162	-2.79862	-9.55259	-6.75397
BLOCK17/SES173/SA173S24	SES177	-0.964965	-7.71893	-6.75397
BLOCK17/SES173/SA173S24	SES180	-2.67766	-9.43162	-6.75397
BLOCK17/SES173/SA173S27	SES162	-4.0247	-10.7311	-6.70645
BLOCK17/SES173/SA173S27	SES177	-1.79011	-8.49656	-6.70645
BLOCK17/SES173/SA173S27	SES180	-2.5608	-9.26725	-6.70645
BLOCK17/SES173/SA173S27	SES292	-1.41724	-8.12368	-6.70645
BLOCK17/SES173/SA173S29	SES162	-3.38677	-7.83419	-4.44741
BLOCK17/SES173/SA173S29	SES175	-1.83506	-6.28248	-4.44741
BLOCK17/SES173/SA173S29	SES177	-1.1968	-5.64422	-4.44741
BLOCK17/SES173/SA173S29	SES292	-1.07128	-5.5187	-4.44741
BLOCK18/SES182/SA182S10	SES144	-1.93166	-8.28343	-6.35177
BLOCK18/SES182/SA182S10	SES177	-1.37742	-7.7292	-6.35177
BLOCK18/SES182/SA182S10	SES180	-2.929	-9.28078	-6.35177
BLOCK18/SES182/SA182S10	SES275	-1.66886	-8.02064	-6.35177
BLOCK18/SES182/SA182S12	SES144	-1.58165	-7.49899	-5.91733
BLOCK18/SES182/SA182S12	SES177	-1.37464	-7.29197	-5.91733
BLOCK18/SES182/SA182S12	SES180	-3.79322	-9.71055	-5.91733
BLOCK18/SES182/SA182S12	SES275	-1.62522	-7.54255	-5.91733
BLOCK18/SES182/SA182S21	SES117	-1.88848	-9.78935	-7.90087
BLOCK18/SES182/SA182S21	SES144	-1.45073	-9.35161	-7.90087
BLOCK18/SES182/SA182S21	SES162	-1.87678	-9.77765	-7.90087
BLOCK18/SES182/SA182S21	SES180	-3.3713	-11.2722	-7.90087
BLOCK18/SES182/SA182S23	SES117	-1.49594	-10.721	-9.22508
BLOCK18/SES182/SA182S23	SES144	-3.77415	-12.9992	-9.22508
BLOCK18/SES182/SA182S23	SES180	-5.16234	-14.3874	-9.22508
BLOCK18/SES182/SA182S23	SES275	-3.2468	-12.4719	-9.22508
BLOCK18/SES182/SA182S25	SES007	-0.0392566	-6.95292	-6.91366
BLOCK18/SES182/SA182S25	SES162	-1.79661	-8.71026	-6.91366
BLOCK18/SES182/SA182S25	SES177	-1.262	-8.17566	-6.91366
BLOCK18/SES182/SA182S25	SES180	-3.6407	-10.5544	-6.91366
BLOCK18/SES184/SA184S12	SES177	-1.27865	-6.16781	-4.88916
BLOCK18/SES184/SA184S12	SES180	-1.05224	-5.9414	-4.88916
BLOCK18/SES184/SA184S12	SES189	-1.89791	-6.78707	-4.88916
BLOCK18/SES184/SA184S12	SES292	-0.942205	-5.83137	-4.88916
BLOCK18/SES184/SA184S13	SES101	-1.30923	-7.10473	-5.7955
BLOCK18/SES184/SA184S13	SES177	-1.15611	-6.95162	-5.7955
BLOCK18/SES184/SA184S13	SES180	-1.11619	-6.91169	-5.7955
BLOCK18/SES184/SA184S13	SES292	-1.42398	-7.21948	-5.7955
BLOCK18/SES184/SA184S22	SES177	-1.17075	-6.3948	-5.22404
BLOCK18/SES184/SA184S22	SES180	-0.945069	-6.16911	-5.22404
BLOCK18/SES184/SA184S22	SES189	-2.28696	-7.511	-5.22404
BLOCK18/SES184/SA184S22	SES292	-1.66395	-6.88799	-5.22404
BLOCK18/SES184/SA184S25	SES101	-1.13274	-5.83406	-4.70131
BLOCK18/SES184/SA184S25	SES177	-1.89911	-6.60042	-4.70131
BLOCK18/SES184/SA184S25	SES180	-0.679972	-5.38129	-4.70131
BLOCK18/SES184/SA184S25	SES292	-0.960092	-5.66141	-4.70131
BLOCK18/SES184/SA184S27	SES083	-1.13797	-6.18761	-5.04964
BLOCK18/SES184/SA184S27	SES177	-1.49678	-6.54642	-5.04964
BLOCK18/SES184/SA184S27	SES202	-1.62425	-6.67389	-5.04964
BLOCK18/SES184/SA184S27	SES292	-1.6268	-6.67644	-5.04964
BLOCK20/SES204/SA204S12	SES062	-1.41563	-6.81213	-5.3965
BLOCK20/SES204/SA204S12	SES083	-2.93841	-8.33491	-5.3965
BLOCK20/SES204/SA204S12	SES206	-1.47225	-6.86875	-5.3965
BLOCK20/SES204/SA204S12	SES226	-1.96559	-7.36209	-5.3965
BLOCK20/SES204/SA204S14	SES068	-1.06687	-4.74427	-3.6774
BLOCK20/SES204/SA204S14	SES087	-0.505894	-4.1833	-3.6774
BLOCK20/SES204/SA204S14	SES206	-1.39892	-5.07632	-3.6774
BLOCK20/SES204/SA204S14	SES226	-2.1237	-5.8011	-3.6774
BLOCK20/SES204/SA204S22	SES068	-1.64019	-6.92482	-5.28463
BLOCK20/SES204/SA204S22	SES082	-1.79627	-7.0809	-5.28463
BLOCK20/SES204/SA204S22	SES083	-3.19813	-8.48277	-5.28463
BLOCK20/SES204/SA204S22	SES206	-1.17938	-6.46401	-5.28463
BLOCK20/SES204/SA204S25	SES062	-1.75063	-6.96102	-5.21039
BLOCK20/SES204/SA204S25	SES083	-3.28082	-8.49121	-5.21039
BLOCK20/SES204/SA204S25	SES206	-1.41315	-6.62353	-5.21039
BLOCK20/SES204/SA204S25	SES226	-2.45406	-7.66445	-5.21039
BLOCK20/SES204/SA204S27	SES068	-1.69041	-7.79362	-6.10321
BLOCK20/SES204/SA204S27	SES082	-2.60976	-8.71297	-6.10321
BLOCK20/SES204/SA204S27	SES087	-0.854424	-6.95764	-6.10321
BLOCK20/SES204/SA204S27	SES206	-2.06681	-8.17003	-6.10321
BLOCK20/SES207/SA207S10	SES127	-2.03321	-7.16824	-5.13504
BLOCK20/SES207/SA207S10	SES183	-1.14041	-6.27545	-5.13504
BLOCK20/SES207/SA207S10	SES189	-1.26215	-6.39719	-5.13504
BLOCK20/SES207/SA207S10	SES292	-1.3725	-6.50754	-5.13504
BLOCK20/SES207/SA207S11	SES127	-1.70001	-7.11835	-5.41834
BLOCK20/SES207/SA207S11	SES183	-1.57607	-6.9944	-5.41834
BLOCK20/SES207/SA207S11	SES187	-0.985688	-6.40403	-5.41834
BLOCK20/SES207/SA207S11	SES292	-0.397643	-5.81598	-5.41834
BLOCK20/SES207/SA207S25	SES068	-1.08254	-7.4543	-6.37176
BLOCK20/SES207/SA207S25	SES083	-1.89794	-8.2697	-6.37176
BLOCK20/SES207/SA207S25	SES127	-0.641733	-7.0135	-6.37176
BLOCK20/SES207/SA207S25	SES187	-1.37686	-7.74863	-6.37176
BLOCK20/SES207/SA207S27	SES127	-2.53664	-9.72274	-7.18609
BLOCK20/SES207/SA207S27	SES183	-1.938	-9.1241	-7.18609
BLOCK20/SES207/SA207S27	SES187	-1.62623	-8.81232	-7.18609
BLOCK20/SES207/SA207S27	SES292	-2.43273	-9.61882	-7.18609
BLOCK20/SES207/SA207S29	SES083	-2.57298	-7.73576	-5.16278
BLOCK20/SES207/SA207S29	SES085	-1.58243	-6.74521	-5.16278
BLOCK20/SES207/SA207S29	SES172	-0.606085	-5.76887	-5.16278
BLOCK20/SES207/SA207S29	SES189	-3.02416	-8.18695	-5.16278
BLOCK22/SES221/SA221S12	SES068	-0.467945	-4.81106	-4.34312
BLOCK22/SES221/SA221S12	SES143	-1.73773	-6.08085	-4.34312
BLOCK22/SES221/SA221S12	SES175	-0.988148	-5.33127	-4.34312
BLOCK22/SES221/SA221S12	SES202	-1.01912	-5.36224	-4.34312
BLOCK22/SES221/SA221S15	SES085	-0.932836	-6.40925	-5.47641
BLOCK22/SES221/SA221S15	SES143	-1.7919	-7.26832	-5.47641
BLOCK22/SES221/SA221S15	SES175	-1.57152	-7.04794	-5.47641
BLOCK22/SES221/SA221S15	SES187	-2.13531	-7.61172	-5.47641
BLOCK22/SES221/SA221S23	SES068	-0.774956	-5.98534	-5.21038
BLOCK22/SES221/SA221S23	SES143	-2.59129	-7.80167	-5.21038
BLOCK22/SES221/SA221S23	SES175	-1.76596	-6.97634	-5.21038
BLOCK22/SES221/SA221S23	SES189	-2.20246	-7.41284	-5.21038
BLOCK22/SES221/SA221S27	SES085	-0.480379	-6.71966	-6.23928
BLOCK22/SES221/SA221S27	SES143	-0.759768	-6.99904	-6.23928
BLOCK22/SES221/SA221S27	SES175	-0.715242	-6.95452	-6.23928
BLOCK22/SES221/SA221S27	SES189	-1.93893	-8.1782	-6.23928
BLOCK22/SES221/SA221S29	SES085	-0.370771	-7.65673	-7.28596
BLOCK22/SES221/SA221S29	SES143	-1.90857	-9.19453	-7.28596
BLOCK22/SES221/SA221S29	SES175	-1.02159	-8.30755	-7.28596
BLOCK22/SES221/SA221S29	SES187	-2.25731	-9.54327	-7.28596
BLOCK22/SES223/SA223S11	SES143	-1.70985	-8.9091	-7.19925
BLOCK22/SES223/SA223S11	SES144	-3.03581	-10.2351	-7.19925
BLOCK22/SES223/SA223S11	SES175	-1.21854	-8.41779	-7.19925
BLOCK22/SES223/SA223S11	SES187	-1.85221	-9.05146	-7.19925
BLOCK22/SES223/SA223S13	SES068	-0.379167	-8.54344	-8.16427
BLOCK22/SES223/SA223S13	SES143	-2.30519	-10.4695	-8.16427
BLOCK22/SES223/SA223S13	SES146	-1.32976	-9.49403	-8.16427
BLOCK22/SES223/SA223S13	SES202	-0.914276	-9.07855	-8.16427
BLOCK22/SES223/SA223S22	SES143	-1.43657	-7.14186	-5.70529
BLOCK22/SES223/SA223S22	SES144	-2.87655	-8.58184	-5.70529
BLOCK22/SES223/SA223S22	SES175	-1.74286	-7.44814	-5.70529
BLOCK22/SES223/SA223S22	SES187	-1.52318	-7.22847	-5.70529
BLOCK22/SES223/SA223S25	SES068	-1.05203	-6.59664	-5.5446
BLOCK22/SES223/SA223S25	SES143	-2.58902	-8.13362	-5.5446
BLOCK22/SES223/SA223S25	SES175	-1.17885	-6.72345	-5.5446
BLOCK22/SES223/SA223S25	SES187	-2.13332	-7.67792	-5.5446
BLOCK22/SES223/SA223S27	SES143	-1.52782	-8.79729	-7.26947
BLOCK22/SES223/SA223S27	SES146	-2.00514	-9.27461	-7.26947
BLOCK22/SES223/SA223S27	SES187	-2.04181	-9.31128	-7.26947
BLOCK22/SES223/SA223S27	SES292	-0.71764	-7.98711	-7.26947
BLOCK27/SES273/SA273S12	SES099	-0.59247	-7.18253	-6.59006
BLOCK27/SES273/SA273S12	SES104	-0.772838	-7.36289	-6.59006
BLOCK27/SES273/SA273S12	SES125	-1.17579	-7.76585	-6.59006
BLOCK27/SES273/SA273S12	SES206	0.0065217	-6.58353	-6.59006
BLOCK27/SES273/SA273S13	SES099	-1.17192	-5.0861	-3.91418
BLOCK27/SES273/SA273S13	SES104	-1.17346	-5.08764	-3.91418
BLOCK27/SES273/SA273S13	SES206	-1.69113	-5.6053	-3.91418
BLOCK27/SES273/SA273S13	SES292	-1.1217	-5.03588	-3.91418
BLOCK27/SES273/SA273S21	SES099	-1.41134	-6.56855	-5.15721
BLOCK27/SES273/SA273S21	SES148	-3.08464	-8.24185	-5.15721
BLOCK27/SES273/SA273S21	SES149	-2.13597	-7.29318	-5.15721
BLOCK27/SES273/SA273S21	SES177	-1.6862	-6.84341	-5.15721
BLOCK27/SES273/SA273S25	SES104	-1.02102	-7.946	-6.92498
BLOCK27/SES273/SA273S25	SES125	-1.83268	-8.75766	-6.92498
BLOCK27/SES273/SA273S25	SES158	-0.11565	-7.04063	-6.92498
BLOCK27/SES273/SA273S25	SES206	-0.768475	-7.69345	-6.92498
BLOCK27/SES273/SA273S27	SES099	-1.17664	-4.37577	-3.19913
BLOCK27/SES273/SA273S27	SES104	-1.51622	-4.71535	-3.19913
BLOCK27/SES273/SA273S27	SES149	-1.42929	-4.62843	-3.19913
BLOCK27/SES273/SA273S27	SES275	-1.4496	-4.64873	-3.19913
BLOCK27/SES274/SA274S10	SES105	-2.68524	-6.37895	-3.69371
BLOCK27/SES274/SA274S10	SES125	-3.81161	-7.50531	-3.69371
BLOCK27/SES274/SA274S10	SES129	-0.423313	-4.11702	-3.69371
BLOCK27/SES274/SA274S10	SES158	-5.31778	-9.01149	-3.69371
BLOCK27/SES274/SA274S11	SES105	-1.80521	-7.30363	-5.49843
BLOCK27/SES274/SA274S11	SES149	-2.10249	-7.60092	-5.49843
BLOCK27/SES274/SA274S11	SES158	-3.10186	-8.60029	-5.49843
BLOCK27/SES274/SA274S11	SES275	-1.17386	-6.67229	-5.49843
BLOCK27/SES274/SA274S21	SES105	-2.53609	-7.81342	-5.27733
BLOCK27/SES274/SA274S21	SES129	-1.00319	-6.28052	-5.27733
BLOCK27/SES274/SA274S21	SES149	-2.17127	-7.4486	-5.27733
BLOCK27/SES274/SA274S21	SES158	-3.81637	-9.09369	-5.27733
BLOCK27/SES274/SA274S24	SES105	-1.8884	-7.70424	-5.81584
BLOCK27/SES274/SA274S24	SES129	-0.129675	-5.94552	-5.81584
BLOCK27/SES274/SA274S24	SES149	-2.77031	-8.58615	-5.81584
BLOCK27/SES274/SA274S24	SES158	-4.46036	-10.2762	-5.81584
BLOCK27/SES274/SA274S29	SES105	-2.13561	-7.16702	-5.03141
BLOCK27/SES274/SA274S29	SES106	-2.90109	-7.9325	-5.03141
BLOCK27/SES274/SA274S29	SES120	-1.75263	-6.78404	-5.03141
BLOCK27/SES274/SA274S29	SES275	-1.25071	-6.28212	-5.03141
BLOCK27/SES276/SA276S16	SES148	-1.6665	-6.89495	-5.22845
BLOCK27/SES276/SA276S16	SES172	-0.587533	-5.81599	-5.22845
BLOCK27/SES276/SA276S16	SES180	-0.897847	-6.1263	-5.22845
BLOCK27/SES276/SA276S16	SES292	-1.28256	-6.51101	-5.22845
BLOCK27/SES276/SA276S17	SES101	-1.1966	-6.374	-5.1774
BLOCK27/SES276/SA276S17	SES177	-1.67481	-6.85221	-5.1774
BLOCK27/SES276/SA276S17	SES180	-1.53851	-6.71591	-5.1774
BLOCK27/SES276/SA276S17	SES292	-1.91806	-7.09546	-5.1774
BLOCK27/SES276/SA276S24	SES101	-1.16851	-5.63218	-4.46367
BLOCK27/SES276/SA276S24	SES177	-1.16583	-5.6295	-4.46367
BLOCK27/SES276/SA276S24	SES180	-1.38662	-5.85029	-4.46367
BLOCK27/SES276/SA276S24	SES292	-1.98942	-6.45309	-4.46367
BLOCK27/SES276/SA276S26	SES101	-1.97515	-5.04164	-3.06649
BLOCK27/SES276/SA276S26	SES177	-1.08342	-4.14991	-3.06649
BLOCK27/SES276/SA276S26	SES180	-1.10539	-4.17188	-3.06649
BLOCK27/SES276/SA276S26	SES292	-0.603615	-3.67011	-3.06649
BLOCK27/SES276/SA276S28	SES101	-0.748618	-4.39618	-3.64756
BLOCK27/SES276/SA276S28	SES177	-1.23945	-4.88702	-3.64756
BLOCK27/SES276/SA276S28	SES180	-0.421551	-4.06911	-3.64756
BLOCK27/SES276/SA276S28	SES292	-0.930571	-4.57813	-3.64756
BLOCK27/SES277/SA277S12	SES101	-1.19735	-8.69933	-7.50199
BLOCK27/SES277/SA277S12	SES177	-2.67113	-10.1731	-7.50199
BLOCK27/SES277/SA277S12	SES180	-1.95564	-9.45763	-7.50199
BLOCK27/SES277/SA277S12	SES292	-2.41075	-9.91273	-7.50199
BLOCK27/SES277/SA277S14	SES177	-2.12109	-9.13591	-7.01482
BLOCK27/SES277/SA277S14	SES180	-3.17749	-10.1923	-7.01482
BLOCK27/SES277/SA277S14	SES189	-0.815055	-7.82988	-7.01482
BLOCK27/SES277/SA277S14	SES292	-3.16661	-10.1814	-7.01482
BLOCK27/SES277/SA277S21	SES177	-1.66209	-7.7627	-6.10061
BLOCK27/SES277/SA277S21	SES180	-1.64371	-7.74433	-6.10061
BLOCK27/SES277/SA277S21	SES189	-1.28664	-7.38725	-6.10061
BLOCK27/SES277/SA277S21	SES292	-1.86273	-7.96335	-6.10061
BLOCK27/SES277/SA277S24	SES144	-1.99796	-9.54445	-7.54649
BLOCK27/SES277/SA277S24	SES177	-2.24352	-9.79001	-7.54649
BLOCK27/SES277/SA277S24	SES180	-2.98168	-10.5282	-7.54649
BLOCK27/SES277/SA277S24	SES189	-1.58551	-9.132	-7.54649
BLOCK27/SES277/SA277S29	SES177	-1.44437	-4.78043	-3.33607
BLOCK27/SES277/SA277S29	SES180	-1.83308	-5.16915	-3.33607
BLOCK27/SES277/SA277S29	SES202	-1.74596	-5.08203	-3.33607
BLOCK27/SES277/SA277S29	SES292	-2.34543	-5.68149	-3.33607
BLOCK27/SES279/SA279S09	SES120	-1.94652	-6.37776	-4.43125
BLOCK27/SES279/SA279S09	SES146	-1.79819	-6.22944	-4.43125
BLOCK27/SES279/SA279S09	SES206	-1.12251	-5.55376	-4.43125
BLOCK27/SES279/SA279S09	SES226	-2.87303	-7.30428	-4.43125
BLOCK27/SES279/SA279S10	SES099	-0.949212	-6.347	-5.39779
BLOCK27/SES279/SA279S10	SES206	-1.54822	-6.94601	-5.39779
BLOCK27/SES279/SA279S10	SES226	-3.93888	-9.33667	-5.39779
BLOCK27/SES279/SA279S10	SES292	-0.627073	-6.02486	-5.39779
BLOCK27/SES279/SA279S20	SES099	-2.88849	-9.42052	-6.53203
BLOCK27/SES279/SA279S20	SES206	-1.34465	-7.87668	-6.53203
BLOCK27/SES279/SA279S20	SES226	-3.33271	-9.86474	-6.53203
BLOCK27/SES279/SA279S20	SES292	-0.657925	-7.18995	-6.53203
BLOCK27/SES279/SA279S26	SES099	-0.999722	-8.35313	-7.35341
BLOCK27/SES279/SA279S26	SES206	-0.500898	-7.85431	-7.35341
BLOCK27/SES279/SA279S26	SES226	-4.12711	-11.4805	-7.35341
BLOCK27/SES279/SA279S26	SES292	-0.107767	-7.46117	-7.35341
BLOCK27/SES279/SA279S28	SES099	-0.942611	-3.93827	-2.99566
BLOCK27/SES279/SA279S28	SES120	-1.49503	-4.49069	-2.99566
BLOCK27/SES279/SA279S28	SES177	-1.70035	-4.696	-2.99566
BLOCK27/SES279/SA279S28	SES206	-1.5406	-4.53626	-2.99566
BLOCK29/SES290/SA290S12	SES162	-0.74941	-5.52414	-4.77473
BLOCK29/SES290/SA290S12	SES177	-1.13536	-5.91009	-4.77473
BLOCK29/SES290/SA290S12	SES180	-0.71807	-5.4928	-4.77473
BLOCK29/SES290/SA290S12	SES292	-1.93022	-6.70495	-4.77473
BLOCK29/SES290/SA290S13	SES007	-1.12448	-5.785	-4.66052
BLOCK29/SES290/SA290S13	SES162	-2.14452	-6.80505	-4.66052
BLOCK29/SES290/SA290S13	SES177	-1.66402	-6.32454	-4.66052
BLOCK29/SES290/SA290S13	SES180	-1.202	-5.86252	-4.66052
BLOCK29/SES290/SA290S22	SES177	-1.5456	-5.89591	-4.35031
BLOCK29/SES290/SA290S22	SES180	-1.32552	-5.67583	-4.35031
BLOCK29/SES290/SA290S22	SES202	-1.07275	-5.42306	-4.35031
BLOCK29/SES290/SA290S22	SES292	-0.846078	-5.19639	-4.35031
BLOCK29/SES290/SA290S25	SES162	-1.5959	-6.78027	-5.18438
BLOCK29/SES290/SA290S25	SES177	-1.32671	-6.51108	-5.18438
BLOCK29/SES290/SA290S25	SES180	-1.34266	-6.52703	-5.18438
BLOCK29/SES290/SA290S25	SES292	-1.18529	-6.36966	-5.18438
BLOCK29/SES290/SA290S29	SES177	-0.688799	-4.35608	-3.66728
BLOCK29/SES290/SA290S29	SES180	-0.246918	-3.9142	-3.66728
BLOCK29/SES290/SA290S29	SES275	-0.579401	-4.24668	-3.66728
BLOCK29/SES290/SA290S29	SES292	-1.23576	-4.90304	-3.66728
BLOCK29/SES291/SA291S11	SES105	-1.66577	-8.7064	-7.04063
BLOCK29/SES291/SA291S11	SES125	-1.52687	-8.5675	-7.04063
BLOCK29/SES291/SA291S11	SES158	-1.36466	-8.40528	-7.04063
BLOCK29/SES291/SA291S11	SES275	-1.98455	-9.02518	-7.04063
BLOCK29/SES291/SA291S12	SES158	0.492162	-7.26917	-7.76133
BLOCK29/SES291/SA291S12	SES226	-2.65698	-10.4183	-7.76133
BLOCK29/SES291/SA291S12	SES270	-0.957384	-8.71872	-7.76133
BLOCK29/SES291/SA291S12	SES275	-3.6425	-11.4038	-7.76133
BLOCK29/SES291/SA291S22	SES082	-0.980932	-7.29049	-6.30956
BLOCK29/SES291/SA291S22	SES158	-0.482433	-6.79199	-6.30956
BLOCK29/SES291/SA291S22	SES259	-1.43357	-7.74312	-6.30956
BLOCK29/SES291/SA291S22	SES275	-2.46553	-8.77509	-6.30956
BLOCK29/SES291/SA291S24	SES104	-0.931991	-7.4858	-6.55381
BLOCK29/SES291/SA291S24	SES125	-1.09664	-7.65045	-6.55381
BLOCK29/SES291/SA291S24	SES158	-0.222977	-6.77679	-6.55381
BLOCK29/SES291/SA291S24	SES275	-2.71872	-9.27253	-6.55381
BLOCK29/SES291/SA291S27	SES158	0.00628185	-4.9807	-4.98698
BLOCK29/SES291/SA291S27	SES172	-2.63967	-7.62665	-4.98698
BLOCK29/SES291/SA291S27	SES275	-2.22357	-7.21054	-4.98698
BLOCK29/SES291/SA291S27	SES292	-1.12879	-6.11576	-4.98698
Threshold search:
THR	-7.88433068572	8.939	0.02(5)	0.991(991)
THR	-7.7774733788628	8.93	0.02(5)	0.99(990)
THR	-7.6706160720056	8.93	0.02(5)	0.99(990)
THR	-7.5637587651484	8.93	0.02(5)	0.99(990)
THR	-7.4569014582912	8.93	0.02(5)	0.99(990)
THR	-7.350044151434	8.93	0.02(5)	0.99(990)
THR	-7.2431868445768	8.93	0.02(5)	0.99(990)
THR	-7.1363295377196	8.93	0.02(5)	0.99(990)
THR	-7.0294722308624	8.921	0.02(5)	0.989(989)
THR	-6.9226149240052	8.921	0.02(5)	0.989(989)
THR	-6.815757617148	8.921	0.02(5)	0.989(989)
THR	-6.7089003102908	8.921	0.02(5)	0.989(989)
THR	-6.6020430034336	8.912	0.02(5)	0.988(988)
THR	-6.4951856965764	8.912	0.02(5)	0.988(988)
THR	-6.3883283897192	8.903	0.02(5)	0.987(987)
THR	-6.281471082862	8.903	0.02(5)	0.987(987)
THR	-6.1746137760048	8.894	0.02(5)	0.986(986)
THR	-6.0677564691476	8.894	0.02(5)	0.986(986)
THR	-5.9608991622904	8.894	0.02(5)	0.986(986)
THR	-5.8540418554332	8.894	0.02(5)	0.986(986)
THR	-5.747184548576	8.885	0.02(5)	0.985(985)
THR	-5.6403272417188	8.885	0.02(5)	0.985(985)
THR	-5.5334699348616	8.885	0.02(5)	0.985(985)
THR	-5.4266126280044	8.876	0.02(5)	0.984(984)
THR	-5.3197553211472	8.858	0.02(5)	0.982(982)
THR	-5.21289801429	8.84	0.02(5)	0.98(980)
THR	-5.1060407074328	8.813	0.02(5)	0.977(977)
THR	-4.9991834005756	8.795	0.02(5)	0.975(975)
THR	-4.8923260937184	8.786	0.02(5)	0.974(974)
THR	-4.7854687868612	8.777	0.02(5)	0.973(973)
THR	-4.678611480004	8.768	0.02(5)	0.972(972)
THR	-4.5717541731468	8.723	0.02(5)	0.967(967)
THR	-4.4648968662896	8.678	0.02(5)	0.962(962)
THR	-4.35803955943241	8.642	0.02(5)	0.958(958)
THR	-4.25118225257521	8.606	0.02(5)	0.954(954)
THR	-4.14432494571801	8.579	0.02(5)	0.951(951)
THR	-4.03746763886081	8.543	0.02(5)	0.947(947)
THR	-3.93061033200361	8.48	0.02(5)	0.94(940)
THR	-3.82375302514641	8.435	0.02(5)	0.935(935)
THR	-3.71689571828921	8.345	0.02(5)	0.925(925)
THR	-3.61003841143201	8.264	0.02(5)	0.916(916)
THR	-3.50318110457481	8.192	0.02(5)	0.908(908)
THR	-3.39632379771761	8.111	0.02(5)	0.899(899)
THR	-3.28946649086041	8.048	0.02(5)	0.892(892)
THR	-3.18260918400321	7.913	0.02(5)	0.877(877)
THR	-3.07575187714601	7.778	0.02(5)	0.862(862)
THR	-2.96889457028881	7.652	0.02(5)	0.848(848)
THR	-2.86203726343161	7.445	0.02(5)	0.825(825)
THR	-2.75517995657441	7.247	0.02(5)	0.803(803)
THR	-2.64832264971721	7.067	0.02(5)	0.783(783)
THR	-2.54146534286001	6.842	0.02(5)	0.758(758)
THR	-2.43460803600281	6.635	0.02(5)	0.735(735)
THR	-2.32775072914561	6.374	0.02(5)	0.706(706)
THR	-2.22089342228841	6.131	0.02(5)	0.679(679)
THR	-2.11403611543121	5.888	0.02(5)	0.652(652)
THR	-2.00717880857401	5.663	0.02(5)	0.627(627)
THR	-1.90032150171681	5.33	0.02(5)	0.59(590)
THR	-1.79346419485961	4.907	0.02(5)	0.543(543)
THR	-1.68660688800241	4.529	0.02(5)	0.501(501)
THR	-1.57974958114521	4.092	0.024(6)	0.452(452)
THR	-1.47289227428801	3.633	0.024(6)	0.401(401)
THR	-1.36603496743081	3.201	0.024(6)	0.353(353)
THR	-1.25917766057361	2.818	0.028(7)	0.31(310)
THR	-1.15232035371641	2.368	0.028(7)	0.26(260)
THR	-1.04546304685921	1.908	0.036(9)	0.208(208)
THR	-0.938605740002008	1.606	0.04(10)	0.174(174)
THR	-0.831748433144808	1.271	0.056(14)	0.135(135)
THR	-0.724891126287608	1.052	0.08(20)	0.108(108)
THR	-0.618033819430408	0.856	0.1(25)	0.084(84)
THR	-0.511176512573208	0.705	0.12(30)	0.065(65)
THR	-0.404319205716008	0.598	0.148(37)	0.05(50)
THR	-0.297461898858808	0.514	0.172(43)	0.038(38)
THR	-0.190604592001608	0.436	0.22(55)	0.024(24)
THR	-0.0837472851444079	0.422	0.26(65)	0.018(18)
THR	0.0231100217127921	0.416	0.308(77)	0.012(12)
THR	0.129967328569992	0.414	0.324(81)	0.01(10)
THR	0.236824635427192	0.452	0.38(95)	0.008(8)
THR	0.343681942284392	0.48	0.444(111)	0.004(4)
THR	0.450539249141592	0.544	0.508(127)	0.004(4)
THR	0.557396555998792	0.586	0.568(142)	0.002(2)
THR	0.664253862855992	0.629	0.62(155)	0.001(1)
THR	0.771111169713192	0.733	0.724(181)	0.001(1)
THR	0.877968476570392	0.785	0.776(194)	0.001(1)
THR	0.984825783427592	0.84	0.84(210)	0(0)
THR	1.09168309028479	0.872	0.872(218)	0(0)
THR	1.19854039714199	0.908	0.908(227)	0(0)
THR	1.30539770399919	0.936	0.936(234)	0(0)
THR	1.41225501085639	0.96	0.96(240)	0(0)
THR	1.51911231771359	0.968	0.968(242)	0(0)
THR	1.62596962457079	0.976	0.976(244)	0(0)
THR	1.73282693142799	0.98	0.98(245)	0(0)
THR	1.83968423828519	0.98	0.98(245)	0(0)
THR	1.94654154514239	0.984	0.984(246)	0(0)
THR	2.05339885199959	0.988	0.988(247)	0(0)
THR	2.16025615885679	0.992	0.992(248)	0(0)
THR	2.26711346571399	0.992	0.992(248)	0(0)
THR	2.37397077257119	0.992	0.992(248)	0(0)
THR	2.48082807942839	0.992	0.992(248)	0(0)
THR	2.58768538628559	0.996	0.996(249)	0(0)
THR	2.69454269314279	0.996	0.996(249)	0(0)
THR	2.80139999999999	0.996	0.996(249)	0(0)
THR	2.90825730685719	1	1(250)	0(0)


==============================================
THR: 0.129967328569992
Missed:     81/250=0.3240
FalseAlarm: 10/1000=0.0100
----------------------------------------------
==> CostDetection: 41.4
==============================================
